<?xml version="1.0" encoding="UTF-8"?>
<testsuites name="2 Paginas Por Rol" time="252.414" tests="7" failures="2" errors="0">
   <testsuite name="2 Paginas Por Rol" tests="7" failures="2" errors="0" time="252.414" skipped="0" timestamp="2024-05-21 16:07:02" hostname="jdavila - PCPruebas101.ciel.cielingenieria.com" id="Test Suites/1 Configuracion/3 Seguridad/2 Paginas Por Rol">
      <properties>
         <property name="deviceName" value=""/>
         <property name="devicePlatform" value=""/>
         <property name="logFolder" value="C:\\CIEL INGENIERIA\\Katalon\\AgendamientoADM\\Reports\\20240521_152353\\1 Configuracion\\3 Seguridad\\2 Paginas Por Rol\\20240521_152410"/>
         <property name="logFiles" value="C:\\CIEL INGENIERIA\\Katalon\\AgendamientoADM\\Reports\\20240521_152353\\1 Configuracion\\3 Seguridad\\2 Paginas Por Rol\\20240521_152410\\execution0.log"/>
         <property name="attachments" value="C:\\CIEL INGENIERIA\\Katalon\\AgendamientoADM\\Reports\\20240521_152353\\1 Configuracion\\3 Seguridad\\2 Paginas Por Rol\\20240521_152410\\1716325646982.png, C:\\CIEL INGENIERIA\\Katalon\\AgendamientoADM\\Reports\\20240521_152353\\1 Configuracion\\3 Seguridad\\2 Paginas Por Rol\\20240521_152410\\1716325673769.png, C:\\CIEL INGENIERIA\\Katalon\\AgendamientoADM\\Reports\\20240521_152353\\1 Configuracion\\3 Seguridad\\2 Paginas Por Rol\\20240521_152410\\1716325700557.png, C:\\CIEL INGENIERIA\\Katalon\\AgendamientoADM\\Reports\\20240521_152353\\1 Configuracion\\3 Seguridad\\2 Paginas Por Rol\\20240521_152410\\1716325729579.png, C:\\CIEL INGENIERIA\\Katalon\\AgendamientoADM\\Reports\\20240521_152353\\1 Configuracion\\3 Seguridad\\2 Paginas Por Rol\\20240521_152410\\1716325758718.png, C:\\CIEL INGENIERIA\\Katalon\\AgendamientoADM\\Reports\\20240521_152353\\1 Configuracion\\3 Seguridad\\2 Paginas Por Rol\\20240521_152410\\1716325764741.png, C:\\CIEL INGENIERIA\\Katalon\\AgendamientoADM\\Reports\\20240521_152353\\1 Configuracion\\3 Seguridad\\2 Paginas Por Rol\\20240521_152410\\1716325820305.png, C:\\CIEL INGENIERIA\\Katalon\\AgendamientoADM\\Reports\\20240521_152353\\1 Configuracion\\3 Seguridad\\2 Paginas Por Rol\\20240521_152410\\1716325874495.png"/>
         <property name="hostName" value="jdavila - PCPruebas101.ciel.cielingenieria.com"/>
         <property name="os" value="Windows 10 64bit"/>
         <property name="katalonVersion" value="8.6.9.208"/>
         <property name="browser" value="Chrome 124.0.0.0"/>
         <property name="hostAddress" value="192.168.91.13"/>
         <property name="sessionId" value="9dd66e9e1e9593821806459147c70694"/>
         <property name="seleniumVersion" value="3.141.59"/>
         <property name="proxyInformation" value="ProxyInformation { proxyOption=NO_PROXY, proxyServerType=HTTP, username=, password=********, proxyServerAddress=, proxyServerPort=0, executionList=&quot;&quot;, isApplyToDesiredCapabilities=true }"/>
         <property name="platform" value="Windows 10"/>
      </properties>
      <testcase name="Test Cases/Configuracion/3 Seguridad/2 Paginas Por Rol/R110" time="26.025" classname="Test Cases/Configuracion/3 Seguridad/2 Paginas Por Rol/R110" status="PASSED">
         <system-out><![CDATA[2024-05-21 16:07:02 - [TEST_CASE][PASSED] - Test Cases/Configuracion/3 Seguridad/2 Paginas Por Rol/R110: Test Cases/Configuracion/3 Seguridad/2 Paginas Por Rol/R110

2024-05-21 16:07:02 - [TEST_STEP][PASSED] - callTestCase(findTestCase("0InicioSesion"), [:], STOP_ON_FAILURE): Call Test Case 'Test Cases/0InicioSesion' successfully

2024-05-21 16:07:02 - [TEST_CASE][PASSED] - Test Cases/0InicioSesion: Test Cases/0InicioSesion

2024-05-21 16:07:03 - [TEST_STEP][PASSED] - openBrowser(Url): Browser is opened with url: 'https://pcpruebas101.ciel.cielingenieria.com:8815/'

2024-05-21 16:07:03 - [MESSAGE][INFO] - Starting 'Chrome' driver

2024-05-21 16:07:03 - [MESSAGE][INFO] - Action delay is set to 0 milliseconds

2024-05-21 16:07:06 - [MESSAGE][PASSED] - Browser is opened with url: 'https://pcpruebas101.ciel.cielingenieria.com:8815/'

2024-05-21 16:07:06 - [TEST_STEP][PASSED] - maximizeWindow(): Current window maximized

2024-05-21 16:07:06 - [MESSAGE][PASSED] - Current window maximized

2024-05-21 16:07:06 - [TEST_STEP][PASSED] - delay(2): Delayed 2 second(s)

2024-05-21 16:07:08 - [MESSAGE][PASSED] - Delayed 2 second(s)

2024-05-21 16:07:08 - [TEST_STEP][PASSED] - setText(findTestObject("ADM/0Inicio Sesion/input_Usuario"), Usuario): Text 'Ciel' is set on object 'Object Repository/ADM/0Inicio Sesion/input_Usuario'

2024-05-21 16:07:10 - [MESSAGE][PASSED] - Text 'Ciel' is set on object 'Object Repository/ADM/0Inicio Sesion/input_Usuario'

2024-05-21 16:07:10 - [TEST_STEP][PASSED] - delay(2): Delayed 2 second(s)

2024-05-21 16:07:12 - [MESSAGE][PASSED] - Delayed 2 second(s)

2024-05-21 16:07:12 - [TEST_STEP][PASSED] - setText(findTestObject("ADM/0Inicio Sesion/input_Clave"), Clave): Text 'Digiturno5.' is set on object 'Object Repository/ADM/0Inicio Sesion/input_Clave'

2024-05-21 16:07:12 - [MESSAGE][PASSED] - Text 'Digiturno5.' is set on object 'Object Repository/ADM/0Inicio Sesion/input_Clave'

2024-05-21 16:07:12 - [TEST_STEP][PASSED] - delay(2): Delayed 2 second(s)

2024-05-21 16:07:14 - [MESSAGE][PASSED] - Delayed 2 second(s)

2024-05-21 16:07:14 - [TEST_STEP][PASSED] - click(findTestObject("ADM/0Inicio Sesion/btn_IniciarSesion")): Object: 'Object Repository/ADM/0Inicio Sesion/btn_IniciarSesion' is clicked on

2024-05-21 16:07:15 - [MESSAGE][PASSED] - Object: 'Object Repository/ADM/0Inicio Sesion/btn_IniciarSesion' is clicked on

2024-05-21 16:07:15 - [TEST_STEP][PASSED] - delay(3): Delayed 3 second(s)

2024-05-21 16:07:18 - [MESSAGE][PASSED] - Delayed 3 second(s)

2024-05-21 16:07:18 - [MESSAGE][PASSED] - Call Test Case 'Test Cases/0InicioSesion' successfully

2024-05-21 16:07:18 - [TEST_STEP][PASSED] - comment("Paginas por rol"): Paginas por rol

2024-05-21 16:07:18 - [MESSAGE][INFO] - Paginas por rol

2024-05-21 16:07:18 - [TEST_STEP][PASSED] - click(findTestObject("ADM/0Principal/a_Configuracion")): Object: 'Object Repository/ADM/0Principal/a_Configuracion' is clicked on

2024-05-21 16:07:19 - [MESSAGE][PASSED] - Object: 'Object Repository/ADM/0Principal/a_Configuracion' is clicked on

2024-05-21 16:07:19 - [TEST_STEP][PASSED] - delay(2): Delayed 2 second(s)

2024-05-21 16:07:21 - [MESSAGE][PASSED] - Delayed 2 second(s)

2024-05-21 16:07:21 - [TEST_STEP][PASSED] - click(findTestObject("ADM/1Configuracion/0Principal/a_3 Seguridad")): Object: 'Object Repository/ADM/1Configuracion/0Principal/a_3 Seguridad' is clicked on

2024-05-21 16:07:21 - [MESSAGE][PASSED] - Object: 'Object Repository/ADM/1Configuracion/0Principal/a_3 Seguridad' is clicked on

2024-05-21 16:07:21 - [TEST_STEP][PASSED] - delay(2): Delayed 2 second(s)

2024-05-21 16:07:23 - [MESSAGE][PASSED] - Delayed 2 second(s)

2024-05-21 16:07:23 - [TEST_STEP][PASSED] - click(findTestObject("ADM/1Configuracion/3Seguridad/0Principal/a_2 Paginas por rol"), STOP_ON_FAILURE): Object: 'Object Repository/ADM/1Configuracion/3Seguridad/0Principal/a_2 Paginas por rol' is clicked on

2024-05-21 16:07:24 - [MESSAGE][PASSED] - Object: 'Object Repository/ADM/1Configuracion/3Seguridad/0Principal/a_2 Paginas por rol' is clicked on

2024-05-21 16:07:24 - [TEST_STEP][PASSED] - delay(2): Delayed 2 second(s)

2024-05-21 16:07:26 - [MESSAGE][PASSED] - Delayed 2 second(s)

2024-05-21 16:07:26 - [TEST_STEP][PASSED] - verifyElementPresent(findTestObject("ADM/1Configuracion/3Seguridad/2Paginas por Rol/Roles de Agendamiento/label_CIEL"), 2): Object 'Object Repository/ADM/1Configuracion/3Seguridad/2Paginas por Rol/Roles de Agendamiento/label_CIEL' is present

2024-05-21 16:07:26 - [MESSAGE][PASSED] - Object 'Object Repository/ADM/1Configuracion/3Seguridad/2Paginas por Rol/Roles de Agendamiento/label_CIEL' is present

2024-05-21 16:07:26 - [TEST_STEP][PASSED] - verifyElementPresent(findTestObject("ADM/1Configuracion/3Seguridad/2Paginas por Rol/Paginas por rol/btn_EditarPaginas"), 2): Object 'Object Repository/ADM/1Configuracion/3Seguridad/2Paginas por Rol/Paginas por rol/btn_EditarPaginas' is present

2024-05-21 16:07:26 - [MESSAGE][PASSED] - Object 'Object Repository/ADM/1Configuracion/3Seguridad/2Paginas por Rol/Paginas por rol/btn_EditarPaginas' is present

2024-05-21 16:07:26 - [TEST_STEP][PASSED] - takeFullPageScreenshot(): Taking screenshot successfully

2024-05-21 16:07:27 - [MESSAGE][INFO] - 0 hidden object(s)

2024-05-21 16:07:28 - [MESSAGE][PASSED] - Taking screenshot successfully
[[ATTACHMENT|C:\\CIEL INGENIERIA\\Katalon\\AgendamientoADM\\Reports\\20240521_152353\\1 Configuracion\\3 Seguridad\\2 Paginas Por Rol\\20240521_152410\\1716325646982.png]]

2024-05-21 16:07:28 - [TEST_STEP][PASSED] - Start listener action : sampleAfterTestCase: null]]></system-out>
         <system-err><![CDATA[]]></system-err>
      </testcase>
      <testcase name="Test Cases/Configuracion/3 Seguridad/2 Paginas Por Rol/R112" time="26.683" classname="Test Cases/Configuracion/3 Seguridad/2 Paginas Por Rol/R112" status="PASSED">
         <system-out><![CDATA[2024-05-21 16:07:28 - [TEST_CASE][PASSED] - Test Cases/Configuracion/3 Seguridad/2 Paginas Por Rol/R112: Test Cases/Configuracion/3 Seguridad/2 Paginas Por Rol/R112

2024-05-21 16:07:28 - [TEST_STEP][PASSED] - callTestCase(findTestCase("0InicioSesion"), [:], STOP_ON_FAILURE): Call Test Case 'Test Cases/0InicioSesion' successfully

2024-05-21 16:07:28 - [TEST_CASE][PASSED] - Test Cases/0InicioSesion: Test Cases/0InicioSesion

2024-05-21 16:07:28 - [TEST_STEP][PASSED] - openBrowser(Url): Browser is opened with url: 'https://pcpruebas101.ciel.cielingenieria.com:8815/'

2024-05-21 16:07:28 - [MESSAGE][WARNING] - A browser is already opened. Closing browser and opening a new one

2024-05-21 16:07:29 - [MESSAGE][INFO] - Starting 'Chrome' driver

2024-05-21 16:07:29 - [MESSAGE][INFO] - Action delay is set to 0 milliseconds

2024-05-21 16:07:31 - [MESSAGE][PASSED] - Browser is opened with url: 'https://pcpruebas101.ciel.cielingenieria.com:8815/'

2024-05-21 16:07:31 - [TEST_STEP][PASSED] - maximizeWindow(): Current window maximized

2024-05-21 16:07:32 - [MESSAGE][PASSED] - Current window maximized

2024-05-21 16:07:32 - [TEST_STEP][PASSED] - delay(2): Delayed 2 second(s)

2024-05-21 16:07:34 - [MESSAGE][PASSED] - Delayed 2 second(s)

2024-05-21 16:07:34 - [TEST_STEP][PASSED] - setText(findTestObject("ADM/0Inicio Sesion/input_Usuario"), Usuario): Text 'Ciel' is set on object 'Object Repository/ADM/0Inicio Sesion/input_Usuario'

2024-05-21 16:07:35 - [MESSAGE][PASSED] - Text 'Ciel' is set on object 'Object Repository/ADM/0Inicio Sesion/input_Usuario'

2024-05-21 16:07:35 - [TEST_STEP][PASSED] - delay(2): Delayed 2 second(s)

2024-05-21 16:07:37 - [MESSAGE][PASSED] - Delayed 2 second(s)

2024-05-21 16:07:37 - [TEST_STEP][PASSED] - setText(findTestObject("ADM/0Inicio Sesion/input_Clave"), Clave): Text 'Digiturno5.' is set on object 'Object Repository/ADM/0Inicio Sesion/input_Clave'

2024-05-21 16:07:38 - [MESSAGE][PASSED] - Text 'Digiturno5.' is set on object 'Object Repository/ADM/0Inicio Sesion/input_Clave'

2024-05-21 16:07:38 - [TEST_STEP][PASSED] - delay(2): Delayed 2 second(s)

2024-05-21 16:07:40 - [MESSAGE][PASSED] - Delayed 2 second(s)

2024-05-21 16:07:40 - [TEST_STEP][PASSED] - click(findTestObject("ADM/0Inicio Sesion/btn_IniciarSesion")): Object: 'Object Repository/ADM/0Inicio Sesion/btn_IniciarSesion' is clicked on

2024-05-21 16:07:40 - [MESSAGE][PASSED] - Object: 'Object Repository/ADM/0Inicio Sesion/btn_IniciarSesion' is clicked on

2024-05-21 16:07:40 - [TEST_STEP][PASSED] - delay(3): Delayed 3 second(s)

2024-05-21 16:07:43 - [MESSAGE][PASSED] - Delayed 3 second(s)

2024-05-21 16:07:43 - [MESSAGE][PASSED] - Call Test Case 'Test Cases/0InicioSesion' successfully

2024-05-21 16:07:43 - [TEST_STEP][PASSED] - comment("Paginas por rol"): Paginas por rol

2024-05-21 16:07:43 - [MESSAGE][INFO] - Paginas por rol

2024-05-21 16:07:43 - [TEST_STEP][PASSED] - click(findTestObject("ADM/0Principal/a_Configuracion")): Object: 'Object Repository/ADM/0Principal/a_Configuracion' is clicked on

2024-05-21 16:07:44 - [MESSAGE][PASSED] - Object: 'Object Repository/ADM/0Principal/a_Configuracion' is clicked on

2024-05-21 16:07:44 - [TEST_STEP][PASSED] - delay(2): Delayed 2 second(s)

2024-05-21 16:07:46 - [MESSAGE][PASSED] - Delayed 2 second(s)

2024-05-21 16:07:46 - [TEST_STEP][PASSED] - click(findTestObject("ADM/1Configuracion/0Principal/a_3 Seguridad")): Object: 'Object Repository/ADM/1Configuracion/0Principal/a_3 Seguridad' is clicked on

2024-05-21 16:07:46 - [MESSAGE][PASSED] - Object: 'Object Repository/ADM/1Configuracion/0Principal/a_3 Seguridad' is clicked on

2024-05-21 16:07:46 - [TEST_STEP][PASSED] - delay(2): Delayed 2 second(s)

2024-05-21 16:07:48 - [MESSAGE][PASSED] - Delayed 2 second(s)

2024-05-21 16:07:48 - [TEST_STEP][PASSED] - click(findTestObject("ADM/1Configuracion/3Seguridad/0Principal/a_2 Paginas por rol"), STOP_ON_FAILURE): Object: 'Object Repository/ADM/1Configuracion/3Seguridad/0Principal/a_2 Paginas por rol' is clicked on

2024-05-21 16:07:49 - [MESSAGE][PASSED] - Object: 'Object Repository/ADM/1Configuracion/3Seguridad/0Principal/a_2 Paginas por rol' is clicked on

2024-05-21 16:07:49 - [TEST_STEP][PASSED] - delay(2): Delayed 2 second(s)

2024-05-21 16:07:51 - [MESSAGE][PASSED] - Delayed 2 second(s)

2024-05-21 16:07:51 - [TEST_STEP][PASSED] - click(findTestObject("ADM/1Configuracion/3Seguridad/2Paginas por Rol/Roles de Agendamiento/label_CIEL"), STOP_ON_FAILURE): Object: 'Object Repository/ADM/1Configuracion/3Seguridad/2Paginas por Rol/Roles de Agendamiento/label_CIEL' is clicked on

2024-05-21 16:07:51 - [MESSAGE][PASSED] - Object: 'Object Repository/ADM/1Configuracion/3Seguridad/2Paginas por Rol/Roles de Agendamiento/label_CIEL' is clicked on

2024-05-21 16:07:51 - [TEST_STEP][PASSED] - delay(2): Delayed 2 second(s)

2024-05-21 16:07:53 - [MESSAGE][PASSED] - Delayed 2 second(s)

2024-05-21 16:07:53 - [TEST_STEP][PASSED] - takeFullPageScreenshot(): Taking screenshot successfully

2024-05-21 16:07:54 - [MESSAGE][INFO] - 0 hidden object(s)

2024-05-21 16:07:55 - [MESSAGE][PASSED] - Taking screenshot successfully
[[ATTACHMENT|C:\\CIEL INGENIERIA\\Katalon\\AgendamientoADM\\Reports\\20240521_152353\\1 Configuracion\\3 Seguridad\\2 Paginas Por Rol\\20240521_152410\\1716325673769.png]]

2024-05-21 16:07:55 - [TEST_STEP][PASSED] - Start listener action : sampleAfterTestCase: null]]></system-out>
         <system-err><![CDATA[]]></system-err>
      </testcase>
      <testcase name="Test Cases/Configuracion/3 Seguridad/2 Paginas Por Rol/R113" time="25.87" classname="Test Cases/Configuracion/3 Seguridad/2 Paginas Por Rol/R113" status="PASSED">
         <system-out><![CDATA[2024-05-21 16:07:55 - [TEST_CASE][PASSED] - Test Cases/Configuracion/3 Seguridad/2 Paginas Por Rol/R113: Test Cases/Configuracion/3 Seguridad/2 Paginas Por Rol/R113

2024-05-21 16:07:55 - [TEST_STEP][PASSED] - callTestCase(findTestCase("0InicioSesion"), [:], STOP_ON_FAILURE): Call Test Case 'Test Cases/0InicioSesion' successfully

2024-05-21 16:07:55 - [TEST_CASE][PASSED] - Test Cases/0InicioSesion: Test Cases/0InicioSesion

2024-05-21 16:07:55 - [TEST_STEP][PASSED] - openBrowser(Url): Browser is opened with url: 'https://pcpruebas101.ciel.cielingenieria.com:8815/'

2024-05-21 16:07:55 - [MESSAGE][WARNING] - A browser is already opened. Closing browser and opening a new one

2024-05-21 16:07:56 - [MESSAGE][INFO] - Starting 'Chrome' driver

2024-05-21 16:07:56 - [MESSAGE][INFO] - Action delay is set to 0 milliseconds

2024-05-21 16:07:58 - [MESSAGE][PASSED] - Browser is opened with url: 'https://pcpruebas101.ciel.cielingenieria.com:8815/'

2024-05-21 16:07:58 - [TEST_STEP][PASSED] - maximizeWindow(): Current window maximized

2024-05-21 16:07:58 - [MESSAGE][PASSED] - Current window maximized

2024-05-21 16:07:58 - [TEST_STEP][PASSED] - delay(2): Delayed 2 second(s)

2024-05-21 16:08:00 - [MESSAGE][PASSED] - Delayed 2 second(s)

2024-05-21 16:08:00 - [TEST_STEP][PASSED] - setText(findTestObject("ADM/0Inicio Sesion/input_Usuario"), Usuario): Text 'Ciel' is set on object 'Object Repository/ADM/0Inicio Sesion/input_Usuario'

2024-05-21 16:08:02 - [MESSAGE][PASSED] - Text 'Ciel' is set on object 'Object Repository/ADM/0Inicio Sesion/input_Usuario'

2024-05-21 16:08:02 - [TEST_STEP][PASSED] - delay(2): Delayed 2 second(s)

2024-05-21 16:08:04 - [MESSAGE][PASSED] - Delayed 2 second(s)

2024-05-21 16:08:04 - [TEST_STEP][PASSED] - setText(findTestObject("ADM/0Inicio Sesion/input_Clave"), Clave): Text 'Digiturno5.' is set on object 'Object Repository/ADM/0Inicio Sesion/input_Clave'

2024-05-21 16:08:04 - [MESSAGE][PASSED] - Text 'Digiturno5.' is set on object 'Object Repository/ADM/0Inicio Sesion/input_Clave'

2024-05-21 16:08:04 - [TEST_STEP][PASSED] - delay(2): Delayed 2 second(s)

2024-05-21 16:08:06 - [MESSAGE][PASSED] - Delayed 2 second(s)

2024-05-21 16:08:06 - [TEST_STEP][PASSED] - click(findTestObject("ADM/0Inicio Sesion/btn_IniciarSesion")): Object: 'Object Repository/ADM/0Inicio Sesion/btn_IniciarSesion' is clicked on

2024-05-21 16:08:07 - [MESSAGE][PASSED] - Object: 'Object Repository/ADM/0Inicio Sesion/btn_IniciarSesion' is clicked on

2024-05-21 16:08:07 - [TEST_STEP][PASSED] - delay(3): Delayed 3 second(s)

2024-05-21 16:08:10 - [MESSAGE][PASSED] - Delayed 3 second(s)

2024-05-21 16:08:10 - [MESSAGE][PASSED] - Call Test Case 'Test Cases/0InicioSesion' successfully

2024-05-21 16:08:10 - [TEST_STEP][PASSED] - comment("Paginas por rol"): Paginas por rol

2024-05-21 16:08:10 - [MESSAGE][INFO] - Paginas por rol

2024-05-21 16:08:10 - [TEST_STEP][PASSED] - click(findTestObject("ADM/0Principal/a_Configuracion")): Object: 'Object Repository/ADM/0Principal/a_Configuracion' is clicked on

2024-05-21 16:08:10 - [MESSAGE][PASSED] - Object: 'Object Repository/ADM/0Principal/a_Configuracion' is clicked on

2024-05-21 16:08:10 - [TEST_STEP][PASSED] - delay(2): Delayed 2 second(s)

2024-05-21 16:08:12 - [MESSAGE][PASSED] - Delayed 2 second(s)

2024-05-21 16:08:12 - [TEST_STEP][PASSED] - click(findTestObject("ADM/1Configuracion/0Principal/a_3 Seguridad")): Object: 'Object Repository/ADM/1Configuracion/0Principal/a_3 Seguridad' is clicked on

2024-05-21 16:08:13 - [MESSAGE][PASSED] - Object: 'Object Repository/ADM/1Configuracion/0Principal/a_3 Seguridad' is clicked on

2024-05-21 16:08:13 - [TEST_STEP][PASSED] - delay(2): Delayed 2 second(s)

2024-05-21 16:08:15 - [MESSAGE][PASSED] - Delayed 2 second(s)

2024-05-21 16:08:15 - [TEST_STEP][PASSED] - click(findTestObject("ADM/1Configuracion/3Seguridad/0Principal/a_2 Paginas por rol"), STOP_ON_FAILURE): Object: 'Object Repository/ADM/1Configuracion/3Seguridad/0Principal/a_2 Paginas por rol' is clicked on

2024-05-21 16:08:16 - [MESSAGE][PASSED] - Object: 'Object Repository/ADM/1Configuracion/3Seguridad/0Principal/a_2 Paginas por rol' is clicked on

2024-05-21 16:08:16 - [TEST_STEP][PASSED] - delay(2): Delayed 2 second(s)

2024-05-21 16:08:18 - [MESSAGE][PASSED] - Delayed 2 second(s)

2024-05-21 16:08:18 - [TEST_STEP][PASSED] - click(findTestObject("ADM/1Configuracion/3Seguridad/2Paginas por Rol/Roles de Agendamiento/label_prueba"), STOP_ON_FAILURE): Object: 'Object Repository/ADM/1Configuracion/3Seguridad/2Paginas por Rol/Roles de Agendamiento/label_prueba' is clicked on

2024-05-21 16:08:18 - [MESSAGE][PASSED] - Object: 'Object Repository/ADM/1Configuracion/3Seguridad/2Paginas por Rol/Roles de Agendamiento/label_prueba' is clicked on

2024-05-21 16:08:18 - [TEST_STEP][PASSED] - delay(2): Delayed 2 second(s)

2024-05-21 16:08:20 - [MESSAGE][PASSED] - Delayed 2 second(s)

2024-05-21 16:08:20 - [TEST_STEP][PASSED] - takeFullPageScreenshot(): Taking screenshot successfully

2024-05-21 16:08:20 - [MESSAGE][INFO] - 0 hidden object(s)

2024-05-21 16:08:21 - [MESSAGE][PASSED] - Taking screenshot successfully
[[ATTACHMENT|C:\\CIEL INGENIERIA\\Katalon\\AgendamientoADM\\Reports\\20240521_152353\\1 Configuracion\\3 Seguridad\\2 Paginas Por Rol\\20240521_152410\\1716325700557.png]]

2024-05-21 16:08:21 - [TEST_STEP][PASSED] - Start listener action : sampleAfterTestCase: null]]></system-out>
         <system-err><![CDATA[]]></system-err>
      </testcase>
      <testcase name="Test Cases/Configuracion/3 Seguridad/2 Paginas Por Rol/R114" time="30.205" classname="Test Cases/Configuracion/3 Seguridad/2 Paginas Por Rol/R114" status="PASSED">
         <system-out><![CDATA[2024-05-21 16:08:21 - [TEST_CASE][PASSED] - Test Cases/Configuracion/3 Seguridad/2 Paginas Por Rol/R114: Test Cases/Configuracion/3 Seguridad/2 Paginas Por Rol/R114

2024-05-21 16:08:21 - [TEST_STEP][PASSED] - callTestCase(findTestCase("0InicioSesion"), [:], STOP_ON_FAILURE): Call Test Case 'Test Cases/0InicioSesion' successfully

2024-05-21 16:08:21 - [TEST_CASE][PASSED] - Test Cases/0InicioSesion: Test Cases/0InicioSesion

2024-05-21 16:08:21 - [TEST_STEP][PASSED] - openBrowser(Url): Browser is opened with url: 'https://pcpruebas101.ciel.cielingenieria.com:8815/'

2024-05-21 16:08:21 - [MESSAGE][WARNING] - A browser is already opened. Closing browser and opening a new one

2024-05-21 16:08:22 - [MESSAGE][INFO] - Starting 'Chrome' driver

2024-05-21 16:08:22 - [MESSAGE][INFO] - Action delay is set to 0 milliseconds

2024-05-21 16:08:24 - [MESSAGE][PASSED] - Browser is opened with url: 'https://pcpruebas101.ciel.cielingenieria.com:8815/'

2024-05-21 16:08:24 - [TEST_STEP][PASSED] - maximizeWindow(): Current window maximized

2024-05-21 16:08:24 - [MESSAGE][PASSED] - Current window maximized

2024-05-21 16:08:24 - [TEST_STEP][PASSED] - delay(2): Delayed 2 second(s)

2024-05-21 16:08:26 - [MESSAGE][PASSED] - Delayed 2 second(s)

2024-05-21 16:08:26 - [TEST_STEP][PASSED] - setText(findTestObject("ADM/0Inicio Sesion/input_Usuario"), Usuario): Text 'Ciel' is set on object 'Object Repository/ADM/0Inicio Sesion/input_Usuario'

2024-05-21 16:08:27 - [MESSAGE][PASSED] - Text 'Ciel' is set on object 'Object Repository/ADM/0Inicio Sesion/input_Usuario'

2024-05-21 16:08:27 - [TEST_STEP][PASSED] - delay(2): Delayed 2 second(s)

2024-05-21 16:08:29 - [MESSAGE][PASSED] - Delayed 2 second(s)

2024-05-21 16:08:29 - [TEST_STEP][PASSED] - setText(findTestObject("ADM/0Inicio Sesion/input_Clave"), Clave): Text 'Digiturno5.' is set on object 'Object Repository/ADM/0Inicio Sesion/input_Clave'

2024-05-21 16:08:30 - [MESSAGE][PASSED] - Text 'Digiturno5.' is set on object 'Object Repository/ADM/0Inicio Sesion/input_Clave'

2024-05-21 16:08:30 - [TEST_STEP][PASSED] - delay(2): Delayed 2 second(s)

2024-05-21 16:08:32 - [MESSAGE][PASSED] - Delayed 2 second(s)

2024-05-21 16:08:32 - [TEST_STEP][PASSED] - click(findTestObject("ADM/0Inicio Sesion/btn_IniciarSesion")): Object: 'Object Repository/ADM/0Inicio Sesion/btn_IniciarSesion' is clicked on

2024-05-21 16:08:32 - [MESSAGE][PASSED] - Object: 'Object Repository/ADM/0Inicio Sesion/btn_IniciarSesion' is clicked on

2024-05-21 16:08:32 - [TEST_STEP][PASSED] - delay(3): Delayed 3 second(s)

2024-05-21 16:08:35 - [MESSAGE][PASSED] - Delayed 3 second(s)

2024-05-21 16:08:35 - [MESSAGE][PASSED] - Call Test Case 'Test Cases/0InicioSesion' successfully

2024-05-21 16:08:35 - [TEST_STEP][PASSED] - comment("Paginas por rol"): Paginas por rol

2024-05-21 16:08:35 - [MESSAGE][INFO] - Paginas por rol

2024-05-21 16:08:35 - [TEST_STEP][PASSED] - click(findTestObject("ADM/0Principal/a_Configuracion")): Object: 'Object Repository/ADM/0Principal/a_Configuracion' is clicked on

2024-05-21 16:08:36 - [MESSAGE][PASSED] - Object: 'Object Repository/ADM/0Principal/a_Configuracion' is clicked on

2024-05-21 16:08:36 - [TEST_STEP][PASSED] - delay(2): Delayed 2 second(s)

2024-05-21 16:08:38 - [MESSAGE][PASSED] - Delayed 2 second(s)

2024-05-21 16:08:38 - [TEST_STEP][PASSED] - click(findTestObject("ADM/1Configuracion/0Principal/a_3 Seguridad")): Object: 'Object Repository/ADM/1Configuracion/0Principal/a_3 Seguridad' is clicked on

2024-05-21 16:08:39 - [MESSAGE][PASSED] - Object: 'Object Repository/ADM/1Configuracion/0Principal/a_3 Seguridad' is clicked on

2024-05-21 16:08:39 - [TEST_STEP][PASSED] - delay(2): Delayed 2 second(s)

2024-05-21 16:08:41 - [MESSAGE][PASSED] - Delayed 2 second(s)

2024-05-21 16:08:41 - [TEST_STEP][PASSED] - click(findTestObject("ADM/1Configuracion/3Seguridad/0Principal/a_2 Paginas por rol"), STOP_ON_FAILURE): Object: 'Object Repository/ADM/1Configuracion/3Seguridad/0Principal/a_2 Paginas por rol' is clicked on

2024-05-21 16:08:41 - [MESSAGE][PASSED] - Object: 'Object Repository/ADM/1Configuracion/3Seguridad/0Principal/a_2 Paginas por rol' is clicked on

2024-05-21 16:08:41 - [TEST_STEP][PASSED] - delay(2): Delayed 2 second(s)

2024-05-21 16:08:43 - [MESSAGE][PASSED] - Delayed 2 second(s)

2024-05-21 16:08:43 - [TEST_STEP][PASSED] - click(findTestObject("ADM/1Configuracion/3Seguridad/2Paginas por Rol/Roles de Agendamiento/label_prueba"), STOP_ON_FAILURE): Object: 'Object Repository/ADM/1Configuracion/3Seguridad/2Paginas por Rol/Roles de Agendamiento/label_prueba' is clicked on

2024-05-21 16:08:44 - [MESSAGE][PASSED] - Object: 'Object Repository/ADM/1Configuracion/3Seguridad/2Paginas por Rol/Roles de Agendamiento/label_prueba' is clicked on

2024-05-21 16:08:44 - [TEST_STEP][PASSED] - delay(2): Delayed 2 second(s)

2024-05-21 16:08:46 - [MESSAGE][PASSED] - Delayed 2 second(s)

2024-05-21 16:08:46 - [TEST_STEP][PASSED] - click(findTestObject("ADM/1Configuracion/3Seguridad/2Paginas por Rol/Paginas por rol/btn_EditarPaginas"), STOP_ON_FAILURE): Object: 'Object Repository/ADM/1Configuracion/3Seguridad/2Paginas por Rol/Paginas por rol/btn_EditarPaginas' is clicked on

2024-05-21 16:08:46 - [MESSAGE][PASSED] - Object: 'Object Repository/ADM/1Configuracion/3Seguridad/2Paginas por Rol/Paginas por rol/btn_EditarPaginas' is clicked on

2024-05-21 16:08:46 - [TEST_STEP][PASSED] - delay(2): Delayed 2 second(s)

2024-05-21 16:08:48 - [MESSAGE][PASSED] - Delayed 2 second(s)

2024-05-21 16:08:48 - [TEST_STEP][PASSED] - verifyElementPresent(findTestObject("ADM/1Configuracion/3Seguridad/2Paginas por Rol/Paginas por rol/btn_Guardar"), 2): Object 'Object Repository/ADM/1Configuracion/3Seguridad/2Paginas por Rol/Paginas por rol/btn_Guardar' is present

2024-05-21 16:08:49 - [MESSAGE][PASSED] - Object 'Object Repository/ADM/1Configuracion/3Seguridad/2Paginas por Rol/Paginas por rol/btn_Guardar' is present

2024-05-21 16:08:49 - [TEST_STEP][PASSED] - verifyElementPresent(findTestObject("ADM/1Configuracion/3Seguridad/2Paginas por Rol/Paginas por rol/btn_Cancelar"), 2): Object 'Object Repository/ADM/1Configuracion/3Seguridad/2Paginas por Rol/Paginas por rol/btn_Cancelar' is present

2024-05-21 16:08:49 - [MESSAGE][PASSED] - Object 'Object Repository/ADM/1Configuracion/3Seguridad/2Paginas por Rol/Paginas por rol/btn_Cancelar' is present

2024-05-21 16:08:49 - [TEST_STEP][PASSED] - takeFullPageScreenshot(): Taking screenshot successfully

2024-05-21 16:08:50 - [MESSAGE][INFO] - 0 hidden object(s)

2024-05-21 16:08:51 - [MESSAGE][PASSED] - Taking screenshot successfully
[[ATTACHMENT|C:\\CIEL INGENIERIA\\Katalon\\AgendamientoADM\\Reports\\20240521_152353\\1 Configuracion\\3 Seguridad\\2 Paginas Por Rol\\20240521_152410\\1716325729579.png]]

2024-05-21 16:08:51 - [TEST_STEP][PASSED] - Start listener action : sampleAfterTestCase: null]]></system-out>
         <system-err><![CDATA[]]></system-err>
      </testcase>
      <testcase name="Test Cases/Configuracion/3 Seguridad/2 Paginas Por Rol/R115" time="35.016" classname="Test Cases/Configuracion/3 Seguridad/2 Paginas Por Rol/R115" status="PASSED">
         <system-out><![CDATA[2024-05-21 16:08:51 - [TEST_CASE][PASSED] - Test Cases/Configuracion/3 Seguridad/2 Paginas Por Rol/R115: Test Cases/Configuracion/3 Seguridad/2 Paginas Por Rol/R115

2024-05-21 16:08:51 - [TEST_STEP][PASSED] - callTestCase(findTestCase("0InicioSesion"), [:], STOP_ON_FAILURE): Call Test Case 'Test Cases/0InicioSesion' successfully

2024-05-21 16:08:51 - [TEST_CASE][PASSED] - Test Cases/0InicioSesion: Test Cases/0InicioSesion

2024-05-21 16:08:51 - [TEST_STEP][PASSED] - openBrowser(Url): Browser is opened with url: 'https://pcpruebas101.ciel.cielingenieria.com:8815/'

2024-05-21 16:08:51 - [MESSAGE][WARNING] - A browser is already opened. Closing browser and opening a new one

2024-05-21 16:08:52 - [MESSAGE][INFO] - Starting 'Chrome' driver

2024-05-21 16:08:52 - [MESSAGE][INFO] - Action delay is set to 0 milliseconds

2024-05-21 16:08:54 - [MESSAGE][PASSED] - Browser is opened with url: 'https://pcpruebas101.ciel.cielingenieria.com:8815/'

2024-05-21 16:08:54 - [TEST_STEP][PASSED] - maximizeWindow(): Current window maximized

2024-05-21 16:08:54 - [MESSAGE][PASSED] - Current window maximized

2024-05-21 16:08:54 - [TEST_STEP][PASSED] - delay(2): Delayed 2 second(s)

2024-05-21 16:08:56 - [MESSAGE][PASSED] - Delayed 2 second(s)

2024-05-21 16:08:56 - [TEST_STEP][PASSED] - setText(findTestObject("ADM/0Inicio Sesion/input_Usuario"), Usuario): Text 'Ciel' is set on object 'Object Repository/ADM/0Inicio Sesion/input_Usuario'

2024-05-21 16:08:57 - [MESSAGE][PASSED] - Text 'Ciel' is set on object 'Object Repository/ADM/0Inicio Sesion/input_Usuario'

2024-05-21 16:08:57 - [TEST_STEP][PASSED] - delay(2): Delayed 2 second(s)

2024-05-21 16:09:00 - [MESSAGE][PASSED] - Delayed 2 second(s)

2024-05-21 16:09:00 - [TEST_STEP][PASSED] - setText(findTestObject("ADM/0Inicio Sesion/input_Clave"), Clave): Text 'Digiturno5.' is set on object 'Object Repository/ADM/0Inicio Sesion/input_Clave'

2024-05-21 16:09:00 - [MESSAGE][PASSED] - Text 'Digiturno5.' is set on object 'Object Repository/ADM/0Inicio Sesion/input_Clave'

2024-05-21 16:09:00 - [TEST_STEP][PASSED] - delay(2): Delayed 2 second(s)

2024-05-21 16:09:02 - [MESSAGE][PASSED] - Delayed 2 second(s)

2024-05-21 16:09:02 - [TEST_STEP][PASSED] - click(findTestObject("ADM/0Inicio Sesion/btn_IniciarSesion")): Object: 'Object Repository/ADM/0Inicio Sesion/btn_IniciarSesion' is clicked on

2024-05-21 16:09:03 - [MESSAGE][PASSED] - Object: 'Object Repository/ADM/0Inicio Sesion/btn_IniciarSesion' is clicked on

2024-05-21 16:09:03 - [TEST_STEP][PASSED] - delay(3): Delayed 3 second(s)

2024-05-21 16:09:06 - [MESSAGE][PASSED] - Delayed 3 second(s)

2024-05-21 16:09:06 - [MESSAGE][PASSED] - Call Test Case 'Test Cases/0InicioSesion' successfully

2024-05-21 16:09:06 - [TEST_STEP][PASSED] - comment("Boton Seleccionar Todos"): Boton Seleccionar Todos

2024-05-21 16:09:06 - [MESSAGE][INFO] - Boton Seleccionar Todos

2024-05-21 16:09:06 - [TEST_STEP][PASSED] - click(findTestObject("ADM/0Principal/a_Configuracion")): Object: 'Object Repository/ADM/0Principal/a_Configuracion' is clicked on

2024-05-21 16:09:06 - [MESSAGE][PASSED] - Object: 'Object Repository/ADM/0Principal/a_Configuracion' is clicked on

2024-05-21 16:09:06 - [TEST_STEP][PASSED] - delay(2): Delayed 2 second(s)

2024-05-21 16:09:08 - [MESSAGE][PASSED] - Delayed 2 second(s)

2024-05-21 16:09:08 - [TEST_STEP][PASSED] - click(findTestObject("ADM/1Configuracion/0Principal/a_3 Seguridad")): Object: 'Object Repository/ADM/1Configuracion/0Principal/a_3 Seguridad' is clicked on

2024-05-21 16:09:09 - [MESSAGE][PASSED] - Object: 'Object Repository/ADM/1Configuracion/0Principal/a_3 Seguridad' is clicked on

2024-05-21 16:09:09 - [TEST_STEP][PASSED] - delay(2): Delayed 2 second(s)

2024-05-21 16:09:11 - [MESSAGE][PASSED] - Delayed 2 second(s)

2024-05-21 16:09:11 - [TEST_STEP][PASSED] - click(findTestObject("ADM/1Configuracion/3Seguridad/0Principal/a_2 Paginas por rol"), STOP_ON_FAILURE): Object: 'Object Repository/ADM/1Configuracion/3Seguridad/0Principal/a_2 Paginas por rol' is clicked on

2024-05-21 16:09:11 - [MESSAGE][PASSED] - Object: 'Object Repository/ADM/1Configuracion/3Seguridad/0Principal/a_2 Paginas por rol' is clicked on

2024-05-21 16:09:11 - [TEST_STEP][PASSED] - delay(2): Delayed 2 second(s)

2024-05-21 16:09:13 - [MESSAGE][PASSED] - Delayed 2 second(s)

2024-05-21 16:09:13 - [TEST_STEP][PASSED] - click(findTestObject("ADM/1Configuracion/3Seguridad/2Paginas por Rol/Roles de Agendamiento/label_prueba"), STOP_ON_FAILURE): Object: 'Object Repository/ADM/1Configuracion/3Seguridad/2Paginas por Rol/Roles de Agendamiento/label_prueba' is clicked on

2024-05-21 16:09:14 - [MESSAGE][PASSED] - Object: 'Object Repository/ADM/1Configuracion/3Seguridad/2Paginas por Rol/Roles de Agendamiento/label_prueba' is clicked on

2024-05-21 16:09:14 - [TEST_STEP][PASSED] - delay(2): Delayed 2 second(s)

2024-05-21 16:09:16 - [MESSAGE][PASSED] - Delayed 2 second(s)

2024-05-21 16:09:16 - [TEST_STEP][PASSED] - click(findTestObject("ADM/1Configuracion/3Seguridad/2Paginas por Rol/Paginas por rol/btn_EditarPaginas"), STOP_ON_FAILURE): Object: 'Object Repository/ADM/1Configuracion/3Seguridad/2Paginas por Rol/Paginas por rol/btn_EditarPaginas' is clicked on

2024-05-21 16:09:16 - [MESSAGE][PASSED] - Object: 'Object Repository/ADM/1Configuracion/3Seguridad/2Paginas por Rol/Paginas por rol/btn_EditarPaginas' is clicked on

2024-05-21 16:09:16 - [TEST_STEP][PASSED] - delay(2): Delayed 2 second(s)

2024-05-21 16:09:18 - [MESSAGE][PASSED] - Delayed 2 second(s)

2024-05-21 16:09:18 - [TEST_STEP][PASSED] - takeFullPageScreenshot(): Taking screenshot successfully

2024-05-21 16:09:19 - [MESSAGE][INFO] - 0 hidden object(s)

2024-05-21 16:09:20 - [MESSAGE][PASSED] - Taking screenshot successfully
[[ATTACHMENT|C:\\CIEL INGENIERIA\\Katalon\\AgendamientoADM\\Reports\\20240521_152353\\1 Configuracion\\3 Seguridad\\2 Paginas Por Rol\\20240521_152410\\1716325758718.png]]

2024-05-21 16:09:20 - [TEST_STEP][PASSED] - delay(2): Delayed 2 second(s)

2024-05-21 16:09:22 - [MESSAGE][PASSED] - Delayed 2 second(s)

2024-05-21 16:09:22 - [TEST_STEP][PASSED] - click(findTestObject("ADM/1Configuracion/3Seguridad/2Paginas por Rol/Paginas por rol/label_Seleccionar Todos"), STOP_ON_FAILURE): Object: 'Object Repository/ADM/1Configuracion/3Seguridad/2Paginas por Rol/Paginas por rol/label_Seleccionar Todos' is clicked on

2024-05-21 16:09:22 - [MESSAGE][PASSED] - Object: 'Object Repository/ADM/1Configuracion/3Seguridad/2Paginas por Rol/Paginas por rol/label_Seleccionar Todos' is clicked on

2024-05-21 16:09:22 - [TEST_STEP][PASSED] - delay(2): Delayed 2 second(s)

2024-05-21 16:09:24 - [MESSAGE][PASSED] - Delayed 2 second(s)

2024-05-21 16:09:24 - [TEST_STEP][PASSED] - takeFullPageScreenshot(): Taking screenshot successfully

2024-05-21 16:09:25 - [MESSAGE][INFO] - 0 hidden object(s)

2024-05-21 16:09:26 - [MESSAGE][PASSED] - Taking screenshot successfully
[[ATTACHMENT|C:\\CIEL INGENIERIA\\Katalon\\AgendamientoADM\\Reports\\20240521_152353\\1 Configuracion\\3 Seguridad\\2 Paginas Por Rol\\20240521_152410\\1716325764741.png]]

2024-05-21 16:09:26 - [TEST_STEP][PASSED] - Start listener action : sampleAfterTestCase: null]]></system-out>
         <system-err><![CDATA[]]></system-err>
      </testcase>
      <testcase name="Test Cases/Configuracion/3 Seguridad/2 Paginas Por Rol/R116" time="54.173" classname="Test Cases/Configuracion/3 Seguridad/2 Paginas Por Rol/R116" status="FAILED">
         <failure type="FAILED" message="Test Cases/Configuracion/3 Seguridad/2 Paginas Por Rol/R116 FAILED.
Reason:
com.kms.katalon.core.exception.StepFailedException: Unable to click on object 'Object Repository/ADM/1Configuracion/3Seguridad/2Paginas por Rol/Roles de Agendamiento/label_Prueba2'
	at com.kms.katalon.core.webui.keyword.internal.WebUIKeywordMain.stepFailed(WebUIKeywordMain.groovy:64)
	at com.kms.katalon.core.webui.keyword.internal.WebUIKeywordMain.runKeyword(WebUIKeywordMain.groovy:26)
	at com.kms.katalon.core.webui.keyword.builtin.ClickKeyword.click(ClickKeyword.groovy:74)
	at com.kms.katalon.core.webui.keyword.builtin.ClickKeyword.execute(ClickKeyword.groovy:40)
	at com.kms.katalon.core.keyword.internal.KeywordExecutor.executeKeywordForPlatform(KeywordExecutor.groovy:74)
	at com.kms.katalon.core.webui.keyword.WebUiBuiltInKeywords.click(WebUiBuiltInKeywords.groovy:608)
	at com.kms.katalon.core.webui.keyword.WebUiBuiltInKeywords$click$3.call(Unknown Source)
	at R116.run(R116:36)
	at com.kms.katalon.core.main.ScriptEngine.run(ScriptEngine.java:194)
	at com.kms.katalon.core.main.ScriptEngine.runScriptAsRawText(ScriptEngine.java:119)
	at com.kms.katalon.core.main.TestCaseExecutor.runScript(TestCaseExecutor.java:448)
	at com.kms.katalon.core.main.TestCaseExecutor.doExecute(TestCaseExecutor.java:439)
	at com.kms.katalon.core.main.TestCaseExecutor.processExecutionPhase(TestCaseExecutor.java:418)
	at com.kms.katalon.core.main.TestCaseExecutor.accessMainPhase(TestCaseExecutor.java:410)
	at com.kms.katalon.core.main.TestCaseExecutor.execute(TestCaseExecutor.java:285)
	at com.kms.katalon.core.common.CommonExecutor.accessTestCaseMainPhase(CommonExecutor.java:65)
	at com.kms.katalon.core.main.TestSuiteExecutor.accessTestSuiteMainPhase(TestSuiteExecutor.java:148)
	at com.kms.katalon.core.main.TestSuiteExecutor.execute(TestSuiteExecutor.java:106)
	at com.kms.katalon.core.main.TestCaseMain.startTestSuite(TestCaseMain.java:187)
	at com.kms.katalon.core.main.TestCaseMain$startTestSuite$0.call(Unknown Source)
	at TempTestSuite1716323050602.run(TempTestSuite1716323050602.groovy:35)
Caused by: com.kms.katalon.core.webui.exception.WebElementNotFoundException: Web element with id: 'Object Repository/ADM/1Configuracion/3Seguridad/2Paginas por Rol/Roles de Agendamiento/label_Prueba2' located by '//table[@id='ctl00_ContentPlaceHolder2_rblRoles']/tbody/tr[3]/td/label' not found
	at com.kms.katalon.core.webui.common.WebUiCommonHelper.findWebElement(WebUiCommonHelper.java:1381)
	at com.kms.katalon.core.webui.keyword.internal.WebUIAbstractKeyword.findWebElement(WebUIAbstractKeyword.groovy:27)
	at com.kms.katalon.core.webui.keyword.builtin.ClickKeyword$_click_closure1.doCall(ClickKeyword.groovy:65)
	at com.kms.katalon.core.webui.keyword.builtin.ClickKeyword$_click_closure1.call(ClickKeyword.groovy)
	at com.kms.katalon.core.webui.keyword.internal.WebUIKeywordMain.runKeyword(WebUIKeywordMain.groovy:20)
	... 19 more
"/>
         <system-out><![CDATA[2024-05-21 16:09:26 - [TEST_CASE][FAILED] - Test Cases/Configuracion/3 Seguridad/2 Paginas Por Rol/R116: Test Cases/Configuracion/3 Seguridad/2 Paginas Por Rol/R116 FAILED.
Reason:
com.kms.katalon.core.exception.StepFailedException: Unable to click on object 'Object Repository/ADM/1Configuracion/3Seguridad/2Paginas por Rol/Roles de Agendamiento/label_Prueba2'
	at com.kms.katalon.core.webui.keyword.internal.WebUIKeywordMain.stepFailed(WebUIKeywordMain.groovy:64)
	at com.kms.katalon.core.webui.keyword.internal.WebUIKeywordMain.runKeyword(WebUIKeywordMain.groovy:26)
	at com.kms.katalon.core.webui.keyword.builtin.ClickKeyword.click(ClickKeyword.groovy:74)
	at com.kms.katalon.core.webui.keyword.builtin.ClickKeyword.execute(ClickKeyword.groovy:40)
	at com.kms.katalon.core.keyword.internal.KeywordExecutor.executeKeywordForPlatform(KeywordExecutor.groovy:74)
	at com.kms.katalon.core.webui.keyword.WebUiBuiltInKeywords.click(WebUiBuiltInKeywords.groovy:608)
	at com.kms.katalon.core.webui.keyword.WebUiBuiltInKeywords$click$3.call(Unknown Source)
	at R116.run(R116:36)
	at com.kms.katalon.core.main.ScriptEngine.run(ScriptEngine.java:194)
	at com.kms.katalon.core.main.ScriptEngine.runScriptAsRawText(ScriptEngine.java:119)
	at com.kms.katalon.core.main.TestCaseExecutor.runScript(TestCaseExecutor.java:448)
	at com.kms.katalon.core.main.TestCaseExecutor.doExecute(TestCaseExecutor.java:439)
	at com.kms.katalon.core.main.TestCaseExecutor.processExecutionPhase(TestCaseExecutor.java:418)
	at com.kms.katalon.core.main.TestCaseExecutor.accessMainPhase(TestCaseExecutor.java:410)
	at com.kms.katalon.core.main.TestCaseExecutor.execute(TestCaseExecutor.java:285)
	at com.kms.katalon.core.common.CommonExecutor.accessTestCaseMainPhase(CommonExecutor.java:65)
	at com.kms.katalon.core.main.TestSuiteExecutor.accessTestSuiteMainPhase(TestSuiteExecutor.java:148)
	at com.kms.katalon.core.main.TestSuiteExecutor.execute(TestSuiteExecutor.java:106)
	at com.kms.katalon.core.main.TestCaseMain.startTestSuite(TestCaseMain.java:187)
	at com.kms.katalon.core.main.TestCaseMain$startTestSuite$0.call(Unknown Source)
	at TempTestSuite1716323050602.run(TempTestSuite1716323050602.groovy:35)
Caused by: com.kms.katalon.core.webui.exception.WebElementNotFoundException: Web element with id: 'Object Repository/ADM/1Configuracion/3Seguridad/2Paginas por Rol/Roles de Agendamiento/label_Prueba2' located by '//table[@id='ctl00_ContentPlaceHolder2_rblRoles']/tbody/tr[3]/td/label' not found
	at com.kms.katalon.core.webui.common.WebUiCommonHelper.findWebElement(WebUiCommonHelper.java:1381)
	at com.kms.katalon.core.webui.keyword.internal.WebUIAbstractKeyword.findWebElement(WebUIAbstractKeyword.groovy:27)
	at com.kms.katalon.core.webui.keyword.builtin.ClickKeyword$_click_closure1.doCall(ClickKeyword.groovy:65)
	at com.kms.katalon.core.webui.keyword.builtin.ClickKeyword$_click_closure1.call(ClickKeyword.groovy)
	at com.kms.katalon.core.webui.keyword.internal.WebUIKeywordMain.runKeyword(WebUIKeywordMain.groovy:20)
	... 19 more


2024-05-21 16:09:26 - [TEST_STEP][PASSED] - callTestCase(findTestCase("0InicioSesion"), [:], STOP_ON_FAILURE): Call Test Case 'Test Cases/0InicioSesion' successfully

2024-05-21 16:09:26 - [TEST_CASE][PASSED] - Test Cases/0InicioSesion: Test Cases/0InicioSesion

2024-05-21 16:09:26 - [TEST_STEP][PASSED] - openBrowser(Url): Browser is opened with url: 'https://pcpruebas101.ciel.cielingenieria.com:8815/'

2024-05-21 16:09:26 - [MESSAGE][WARNING] - A browser is already opened. Closing browser and opening a new one

2024-05-21 16:09:27 - [MESSAGE][INFO] - Starting 'Chrome' driver

2024-05-21 16:09:27 - [MESSAGE][INFO] - Action delay is set to 0 milliseconds

2024-05-21 16:09:29 - [MESSAGE][PASSED] - Browser is opened with url: 'https://pcpruebas101.ciel.cielingenieria.com:8815/'

2024-05-21 16:09:29 - [TEST_STEP][PASSED] - maximizeWindow(): Current window maximized

2024-05-21 16:09:29 - [MESSAGE][PASSED] - Current window maximized

2024-05-21 16:09:29 - [TEST_STEP][PASSED] - delay(2): Delayed 2 second(s)

2024-05-21 16:09:31 - [MESSAGE][PASSED] - Delayed 2 second(s)

2024-05-21 16:09:31 - [TEST_STEP][PASSED] - setText(findTestObject("ADM/0Inicio Sesion/input_Usuario"), Usuario): Text 'Ciel' is set on object 'Object Repository/ADM/0Inicio Sesion/input_Usuario'

2024-05-21 16:09:33 - [MESSAGE][PASSED] - Text 'Ciel' is set on object 'Object Repository/ADM/0Inicio Sesion/input_Usuario'

2024-05-21 16:09:33 - [TEST_STEP][PASSED] - delay(2): Delayed 2 second(s)

2024-05-21 16:09:35 - [MESSAGE][PASSED] - Delayed 2 second(s)

2024-05-21 16:09:35 - [TEST_STEP][PASSED] - setText(findTestObject("ADM/0Inicio Sesion/input_Clave"), Clave): Text 'Digiturno5.' is set on object 'Object Repository/ADM/0Inicio Sesion/input_Clave'

2024-05-21 16:09:35 - [MESSAGE][PASSED] - Text 'Digiturno5.' is set on object 'Object Repository/ADM/0Inicio Sesion/input_Clave'

2024-05-21 16:09:35 - [TEST_STEP][PASSED] - delay(2): Delayed 2 second(s)

2024-05-21 16:09:37 - [MESSAGE][PASSED] - Delayed 2 second(s)

2024-05-21 16:09:37 - [TEST_STEP][PASSED] - click(findTestObject("ADM/0Inicio Sesion/btn_IniciarSesion")): Object: 'Object Repository/ADM/0Inicio Sesion/btn_IniciarSesion' is clicked on

2024-05-21 16:09:38 - [MESSAGE][PASSED] - Object: 'Object Repository/ADM/0Inicio Sesion/btn_IniciarSesion' is clicked on

2024-05-21 16:09:38 - [TEST_STEP][PASSED] - delay(3): Delayed 3 second(s)

2024-05-21 16:09:41 - [MESSAGE][PASSED] - Delayed 3 second(s)

2024-05-21 16:09:41 - [MESSAGE][PASSED] - Call Test Case 'Test Cases/0InicioSesion' successfully

2024-05-21 16:09:41 - [TEST_STEP][PASSED] - comment("Boton Guardar Cambios"): Boton Guardar Cambios

2024-05-21 16:09:41 - [MESSAGE][INFO] - Boton Guardar Cambios

2024-05-21 16:09:41 - [TEST_STEP][PASSED] - click(findTestObject("ADM/0Principal/a_Configuracion")): Object: 'Object Repository/ADM/0Principal/a_Configuracion' is clicked on

2024-05-21 16:09:41 - [MESSAGE][PASSED] - Object: 'Object Repository/ADM/0Principal/a_Configuracion' is clicked on

2024-05-21 16:09:41 - [TEST_STEP][PASSED] - delay(2): Delayed 2 second(s)

2024-05-21 16:09:43 - [MESSAGE][PASSED] - Delayed 2 second(s)

2024-05-21 16:09:43 - [TEST_STEP][PASSED] - click(findTestObject("ADM/1Configuracion/0Principal/a_3 Seguridad")): Object: 'Object Repository/ADM/1Configuracion/0Principal/a_3 Seguridad' is clicked on

2024-05-21 16:09:44 - [MESSAGE][PASSED] - Object: 'Object Repository/ADM/1Configuracion/0Principal/a_3 Seguridad' is clicked on

2024-05-21 16:09:44 - [TEST_STEP][PASSED] - delay(2): Delayed 2 second(s)

2024-05-21 16:09:46 - [MESSAGE][PASSED] - Delayed 2 second(s)

2024-05-21 16:09:46 - [TEST_STEP][PASSED] - click(findTestObject("ADM/1Configuracion/3Seguridad/0Principal/a_2 Paginas por rol"), STOP_ON_FAILURE): Object: 'Object Repository/ADM/1Configuracion/3Seguridad/0Principal/a_2 Paginas por rol' is clicked on

2024-05-21 16:09:46 - [MESSAGE][PASSED] - Object: 'Object Repository/ADM/1Configuracion/3Seguridad/0Principal/a_2 Paginas por rol' is clicked on

2024-05-21 16:09:46 - [TEST_STEP][PASSED] - delay(2): Delayed 2 second(s)

2024-05-21 16:09:48 - [MESSAGE][PASSED] - Delayed 2 second(s)

2024-05-21 16:09:48 - [TEST_STEP][FAILED] - click(findTestObject("ADM/1Configuracion/3Seguridad/2Paginas por Rol/Roles de Agendamiento/label_Prueba2"), STOP_ON_FAILURE): Unable to click on object 'Object Repository/ADM/1Configuracion/3Seguridad/2Paginas por Rol/Roles de Agendamiento/label_Prueba2' (Root cause: com.kms.katalon.core.exception.StepFailedException: Unable to click on object 'Object Repository/ADM/1Configuracion/3Seguridad/2Paginas por Rol/Roles de Agendamiento/label_Prueba2'
	at com.kms.katalon.core.webui.keyword.internal.WebUIKeywordMain.stepFailed(WebUIKeywordMain.groovy:64)
	at com.kms.katalon.core.webui.keyword.internal.WebUIKeywordMain.runKeyword(WebUIKeywordMain.groovy:26)
	at com.kms.katalon.core.webui.keyword.builtin.ClickKeyword.click(ClickKeyword.groovy:74)
	at com.kms.katalon.core.webui.keyword.builtin.ClickKeyword.execute(ClickKeyword.groovy:40)
	at com.kms.katalon.core.keyword.internal.KeywordExecutor.executeKeywordForPlatform(KeywordExecutor.groovy:74)
	at com.kms.katalon.core.webui.keyword.WebUiBuiltInKeywords.click(WebUiBuiltInKeywords.groovy:608)
	at com.kms.katalon.core.webui.keyword.WebUiBuiltInKeywords$click$3.call(Unknown Source)
	at R116.run(R116:36)
	at com.kms.katalon.core.main.ScriptEngine.run(ScriptEngine.java:194)
	at com.kms.katalon.core.main.ScriptEngine.runScriptAsRawText(ScriptEngine.java:119)
	at com.kms.katalon.core.main.TestCaseExecutor.runScript(TestCaseExecutor.java:448)
	at com.kms.katalon.core.main.TestCaseExecutor.doExecute(TestCaseExecutor.java:439)
	at com.kms.katalon.core.main.TestCaseExecutor.processExecutionPhase(TestCaseExecutor.java:418)
	at com.kms.katalon.core.main.TestCaseExecutor.accessMainPhase(TestCaseExecutor.java:410)
	at com.kms.katalon.core.main.TestCaseExecutor.execute(TestCaseExecutor.java:285)
	at com.kms.katalon.core.common.CommonExecutor.accessTestCaseMainPhase(CommonExecutor.java:65)
	at com.kms.katalon.core.main.TestSuiteExecutor.accessTestSuiteMainPhase(TestSuiteExecutor.java:148)
	at com.kms.katalon.core.main.TestSuiteExecutor.execute(TestSuiteExecutor.java:106)
	at com.kms.katalon.core.main.TestCaseMain.startTestSuite(TestCaseMain.java:187)
	at com.kms.katalon.core.main.TestCaseMain$startTestSuite$0.call(Unknown Source)
	at TempTestSuite1716323050602.run(TempTestSuite1716323050602.groovy:35)
Caused by: com.kms.katalon.core.webui.exception.WebElementNotFoundException: Web element with id: 'Object Repository/ADM/1Configuracion/3Seguridad/2Paginas por Rol/Roles de Agendamiento/label_Prueba2' located by '//table[@id='ctl00_ContentPlaceHolder2_rblRoles']/tbody/tr[3]/td/label' not found
	at com.kms.katalon.core.webui.common.WebUiCommonHelper.findWebElement(WebUiCommonHelper.java:1381)
	at com.kms.katalon.core.webui.keyword.internal.WebUIAbstractKeyword.findWebElement(WebUIAbstractKeyword.groovy:27)
	at com.kms.katalon.core.webui.keyword.builtin.ClickKeyword$_click_closure1.doCall(ClickKeyword.groovy:65)
	at com.kms.katalon.core.webui.keyword.builtin.ClickKeyword$_click_closure1.call(ClickKeyword.groovy)
	at com.kms.katalon.core.webui.keyword.internal.WebUIKeywordMain.runKeyword(WebUIKeywordMain.groovy:20)
	at com.kms.katalon.core.webui.keyword.builtin.ClickKeyword.click(ClickKeyword.groovy:74)
	at com.kms.katalon.core.webui.keyword.builtin.ClickKeyword.execute(ClickKeyword.groovy:40)
	at com.kms.katalon.core.keyword.internal.KeywordExecutor.executeKeywordForPlatform(KeywordExecutor.groovy:74)
	at com.kms.katalon.core.webui.keyword.WebUiBuiltInKeywords.click(WebUiBuiltInKeywords.groovy:608)
	at com.kms.katalon.core.webui.keyword.WebUiBuiltInKeywords$click$3.call(Unknown Source)
	at Script1701704104006.run(Script1701704104006.groovy:36)
	... 13 more
)

2024-05-21 16:10:20 - [MESSAGE][INFO] - Unable to find the element located by 'By.xpath: //table[@id='ctl00_ContentPlaceHolder2_rblRoles']/tbody/tr[3]/td/label'. Please recheck the objects properties to make sure the desired element is located. 

2024-05-21 16:10:20 - [MESSAGE][FAILED] - Unable to click on object 'Object Repository/ADM/1Configuracion/3Seguridad/2Paginas por Rol/Roles de Agendamiento/label_Prueba2' (Root cause: com.kms.katalon.core.exception.StepFailedException: Unable to click on object 'Object Repository/ADM/1Configuracion/3Seguridad/2Paginas por Rol/Roles de Agendamiento/label_Prueba2'
	at com.kms.katalon.core.webui.keyword.internal.WebUIKeywordMain.stepFailed(WebUIKeywordMain.groovy:64)
	at com.kms.katalon.core.webui.keyword.internal.WebUIKeywordMain.runKeyword(WebUIKeywordMain.groovy:26)
	at com.kms.katalon.core.webui.keyword.builtin.ClickKeyword.click(ClickKeyword.groovy:74)
	at com.kms.katalon.core.webui.keyword.builtin.ClickKeyword.execute(ClickKeyword.groovy:40)
	at com.kms.katalon.core.keyword.internal.KeywordExecutor.executeKeywordForPlatform(KeywordExecutor.groovy:74)
	at com.kms.katalon.core.webui.keyword.WebUiBuiltInKeywords.click(WebUiBuiltInKeywords.groovy:608)
	at com.kms.katalon.core.webui.keyword.WebUiBuiltInKeywords$click$3.call(Unknown Source)
	at R116.run(R116:36)
	at com.kms.katalon.core.main.ScriptEngine.run(ScriptEngine.java:194)
	at com.kms.katalon.core.main.ScriptEngine.runScriptAsRawText(ScriptEngine.java:119)
	at com.kms.katalon.core.main.TestCaseExecutor.runScript(TestCaseExecutor.java:448)
	at com.kms.katalon.core.main.TestCaseExecutor.doExecute(TestCaseExecutor.java:439)
	at com.kms.katalon.core.main.TestCaseExecutor.processExecutionPhase(TestCaseExecutor.java:418)
	at com.kms.katalon.core.main.TestCaseExecutor.accessMainPhase(TestCaseExecutor.java:410)
	at com.kms.katalon.core.main.TestCaseExecutor.execute(TestCaseExecutor.java:285)
	at com.kms.katalon.core.common.CommonExecutor.accessTestCaseMainPhase(CommonExecutor.java:65)
	at com.kms.katalon.core.main.TestSuiteExecutor.accessTestSuiteMainPhase(TestSuiteExecutor.java:148)
	at com.kms.katalon.core.main.TestSuiteExecutor.execute(TestSuiteExecutor.java:106)
	at com.kms.katalon.core.main.TestCaseMain.startTestSuite(TestCaseMain.java:187)
	at com.kms.katalon.core.main.TestCaseMain$startTestSuite$0.call(Unknown Source)
	at TempTestSuite1716323050602.run(TempTestSuite1716323050602.groovy:35)
Caused by: com.kms.katalon.core.webui.exception.WebElementNotFoundException: Web element with id: 'Object Repository/ADM/1Configuracion/3Seguridad/2Paginas por Rol/Roles de Agendamiento/label_Prueba2' located by '//table[@id='ctl00_ContentPlaceHolder2_rblRoles']/tbody/tr[3]/td/label' not found
	at com.kms.katalon.core.webui.common.WebUiCommonHelper.findWebElement(WebUiCommonHelper.java:1381)
	at com.kms.katalon.core.webui.keyword.internal.WebUIAbstractKeyword.findWebElement(WebUIAbstractKeyword.groovy:27)
	at com.kms.katalon.core.webui.keyword.builtin.ClickKeyword$_click_closure1.doCall(ClickKeyword.groovy:65)
	at com.kms.katalon.core.webui.keyword.builtin.ClickKeyword$_click_closure1.call(ClickKeyword.groovy)
	at com.kms.katalon.core.webui.keyword.internal.WebUIKeywordMain.runKeyword(WebUIKeywordMain.groovy:20)
	at com.kms.katalon.core.webui.keyword.builtin.ClickKeyword.click(ClickKeyword.groovy:74)
	at com.kms.katalon.core.webui.keyword.builtin.ClickKeyword.execute(ClickKeyword.groovy:40)
	at com.kms.katalon.core.keyword.internal.KeywordExecutor.executeKeywordForPlatform(KeywordExecutor.groovy:74)
	at com.kms.katalon.core.webui.keyword.WebUiBuiltInKeywords.click(WebUiBuiltInKeywords.groovy:608)
	at com.kms.katalon.core.webui.keyword.WebUiBuiltInKeywords$click$3.call(Unknown Source)
	at Script1701704104006.run(Script1701704104006.groovy:36)
	... 13 more
)
[[ATTACHMENT|C:\\CIEL INGENIERIA\\Katalon\\AgendamientoADM\\Reports\\20240521_152353\\1 Configuracion\\3 Seguridad\\2 Paginas Por Rol\\20240521_152410\\1716325820305.png]]

2024-05-21 16:10:20 - [TEST_STEP][PASSED] - Start listener action : sampleAfterTestCase: null]]></system-out>
         <system-err><![CDATA[2024-05-21 16:09:26 - [TEST_CASE][FAILED] - Test Cases/Configuracion/3 Seguridad/2 Paginas Por Rol/R116: Test Cases/Configuracion/3 Seguridad/2 Paginas Por Rol/R116 FAILED.
Reason:
com.kms.katalon.core.exception.StepFailedException: Unable to click on object 'Object Repository/ADM/1Configuracion/3Seguridad/2Paginas por Rol/Roles de Agendamiento/label_Prueba2'
	at com.kms.katalon.core.webui.keyword.internal.WebUIKeywordMain.stepFailed(WebUIKeywordMain.groovy:64)
	at com.kms.katalon.core.webui.keyword.internal.WebUIKeywordMain.runKeyword(WebUIKeywordMain.groovy:26)
	at com.kms.katalon.core.webui.keyword.builtin.ClickKeyword.click(ClickKeyword.groovy:74)
	at com.kms.katalon.core.webui.keyword.builtin.ClickKeyword.execute(ClickKeyword.groovy:40)
	at com.kms.katalon.core.keyword.internal.KeywordExecutor.executeKeywordForPlatform(KeywordExecutor.groovy:74)
	at com.kms.katalon.core.webui.keyword.WebUiBuiltInKeywords.click(WebUiBuiltInKeywords.groovy:608)
	at com.kms.katalon.core.webui.keyword.WebUiBuiltInKeywords$click$3.call(Unknown Source)
	at R116.run(R116:36)
	at com.kms.katalon.core.main.ScriptEngine.run(ScriptEngine.java:194)
	at com.kms.katalon.core.main.ScriptEngine.runScriptAsRawText(ScriptEngine.java:119)
	at com.kms.katalon.core.main.TestCaseExecutor.runScript(TestCaseExecutor.java:448)
	at com.kms.katalon.core.main.TestCaseExecutor.doExecute(TestCaseExecutor.java:439)
	at com.kms.katalon.core.main.TestCaseExecutor.processExecutionPhase(TestCaseExecutor.java:418)
	at com.kms.katalon.core.main.TestCaseExecutor.accessMainPhase(TestCaseExecutor.java:410)
	at com.kms.katalon.core.main.TestCaseExecutor.execute(TestCaseExecutor.java:285)
	at com.kms.katalon.core.common.CommonExecutor.accessTestCaseMainPhase(CommonExecutor.java:65)
	at com.kms.katalon.core.main.TestSuiteExecutor.accessTestSuiteMainPhase(TestSuiteExecutor.java:148)
	at com.kms.katalon.core.main.TestSuiteExecutor.execute(TestSuiteExecutor.java:106)
	at com.kms.katalon.core.main.TestCaseMain.startTestSuite(TestCaseMain.java:187)
	at com.kms.katalon.core.main.TestCaseMain$startTestSuite$0.call(Unknown Source)
	at TempTestSuite1716323050602.run(TempTestSuite1716323050602.groovy:35)
Caused by: com.kms.katalon.core.webui.exception.WebElementNotFoundException: Web element with id: 'Object Repository/ADM/1Configuracion/3Seguridad/2Paginas por Rol/Roles de Agendamiento/label_Prueba2' located by '//table[@id='ctl00_ContentPlaceHolder2_rblRoles']/tbody/tr[3]/td/label' not found
	at com.kms.katalon.core.webui.common.WebUiCommonHelper.findWebElement(WebUiCommonHelper.java:1381)
	at com.kms.katalon.core.webui.keyword.internal.WebUIAbstractKeyword.findWebElement(WebUIAbstractKeyword.groovy:27)
	at com.kms.katalon.core.webui.keyword.builtin.ClickKeyword$_click_closure1.doCall(ClickKeyword.groovy:65)
	at com.kms.katalon.core.webui.keyword.builtin.ClickKeyword$_click_closure1.call(ClickKeyword.groovy)
	at com.kms.katalon.core.webui.keyword.internal.WebUIKeywordMain.runKeyword(WebUIKeywordMain.groovy:20)
	... 19 more]]></system-err>
      </testcase>
      <testcase name="Test Cases/Configuracion/3 Seguridad/2 Paginas Por Rol/R117" time="54.141" classname="Test Cases/Configuracion/3 Seguridad/2 Paginas Por Rol/R117" status="FAILED">
         <failure type="FAILED" message="Test Cases/Configuracion/3 Seguridad/2 Paginas Por Rol/R117 FAILED.
Reason:
com.kms.katalon.core.exception.StepFailedException: Unable to click on object 'Object Repository/ADM/1Configuracion/3Seguridad/2Paginas por Rol/Roles de Agendamiento/label_Prueba2'
	at com.kms.katalon.core.webui.keyword.internal.WebUIKeywordMain.stepFailed(WebUIKeywordMain.groovy:64)
	at com.kms.katalon.core.webui.keyword.internal.WebUIKeywordMain.runKeyword(WebUIKeywordMain.groovy:26)
	at com.kms.katalon.core.webui.keyword.builtin.ClickKeyword.click(ClickKeyword.groovy:74)
	at com.kms.katalon.core.webui.keyword.builtin.ClickKeyword.execute(ClickKeyword.groovy:40)
	at com.kms.katalon.core.keyword.internal.KeywordExecutor.executeKeywordForPlatform(KeywordExecutor.groovy:74)
	at com.kms.katalon.core.webui.keyword.WebUiBuiltInKeywords.click(WebUiBuiltInKeywords.groovy:608)
	at com.kms.katalon.core.webui.keyword.WebUiBuiltInKeywords$click$3.call(Unknown Source)
	at R117.run(R117:36)
	at com.kms.katalon.core.main.ScriptEngine.run(ScriptEngine.java:194)
	at com.kms.katalon.core.main.ScriptEngine.runScriptAsRawText(ScriptEngine.java:119)
	at com.kms.katalon.core.main.TestCaseExecutor.runScript(TestCaseExecutor.java:448)
	at com.kms.katalon.core.main.TestCaseExecutor.doExecute(TestCaseExecutor.java:439)
	at com.kms.katalon.core.main.TestCaseExecutor.processExecutionPhase(TestCaseExecutor.java:418)
	at com.kms.katalon.core.main.TestCaseExecutor.accessMainPhase(TestCaseExecutor.java:410)
	at com.kms.katalon.core.main.TestCaseExecutor.execute(TestCaseExecutor.java:285)
	at com.kms.katalon.core.common.CommonExecutor.accessTestCaseMainPhase(CommonExecutor.java:65)
	at com.kms.katalon.core.main.TestSuiteExecutor.accessTestSuiteMainPhase(TestSuiteExecutor.java:148)
	at com.kms.katalon.core.main.TestSuiteExecutor.execute(TestSuiteExecutor.java:106)
	at com.kms.katalon.core.main.TestCaseMain.startTestSuite(TestCaseMain.java:187)
	at com.kms.katalon.core.main.TestCaseMain$startTestSuite$0.call(Unknown Source)
	at TempTestSuite1716323050602.run(TempTestSuite1716323050602.groovy:35)
Caused by: com.kms.katalon.core.webui.exception.WebElementNotFoundException: Web element with id: 'Object Repository/ADM/1Configuracion/3Seguridad/2Paginas por Rol/Roles de Agendamiento/label_Prueba2' located by '//table[@id='ctl00_ContentPlaceHolder2_rblRoles']/tbody/tr[3]/td/label' not found
	at com.kms.katalon.core.webui.common.WebUiCommonHelper.findWebElement(WebUiCommonHelper.java:1381)
	at com.kms.katalon.core.webui.keyword.internal.WebUIAbstractKeyword.findWebElement(WebUIAbstractKeyword.groovy:27)
	at com.kms.katalon.core.webui.keyword.builtin.ClickKeyword$_click_closure1.doCall(ClickKeyword.groovy:65)
	at com.kms.katalon.core.webui.keyword.builtin.ClickKeyword$_click_closure1.call(ClickKeyword.groovy)
	at com.kms.katalon.core.webui.keyword.internal.WebUIKeywordMain.runKeyword(WebUIKeywordMain.groovy:20)
	... 19 more
"/>
         <system-out><![CDATA[2024-05-21 16:10:20 - [TEST_CASE][FAILED] - Test Cases/Configuracion/3 Seguridad/2 Paginas Por Rol/R117: Test Cases/Configuracion/3 Seguridad/2 Paginas Por Rol/R117 FAILED.
Reason:
com.kms.katalon.core.exception.StepFailedException: Unable to click on object 'Object Repository/ADM/1Configuracion/3Seguridad/2Paginas por Rol/Roles de Agendamiento/label_Prueba2'
	at com.kms.katalon.core.webui.keyword.internal.WebUIKeywordMain.stepFailed(WebUIKeywordMain.groovy:64)
	at com.kms.katalon.core.webui.keyword.internal.WebUIKeywordMain.runKeyword(WebUIKeywordMain.groovy:26)
	at com.kms.katalon.core.webui.keyword.builtin.ClickKeyword.click(ClickKeyword.groovy:74)
	at com.kms.katalon.core.webui.keyword.builtin.ClickKeyword.execute(ClickKeyword.groovy:40)
	at com.kms.katalon.core.keyword.internal.KeywordExecutor.executeKeywordForPlatform(KeywordExecutor.groovy:74)
	at com.kms.katalon.core.webui.keyword.WebUiBuiltInKeywords.click(WebUiBuiltInKeywords.groovy:608)
	at com.kms.katalon.core.webui.keyword.WebUiBuiltInKeywords$click$3.call(Unknown Source)
	at R117.run(R117:36)
	at com.kms.katalon.core.main.ScriptEngine.run(ScriptEngine.java:194)
	at com.kms.katalon.core.main.ScriptEngine.runScriptAsRawText(ScriptEngine.java:119)
	at com.kms.katalon.core.main.TestCaseExecutor.runScript(TestCaseExecutor.java:448)
	at com.kms.katalon.core.main.TestCaseExecutor.doExecute(TestCaseExecutor.java:439)
	at com.kms.katalon.core.main.TestCaseExecutor.processExecutionPhase(TestCaseExecutor.java:418)
	at com.kms.katalon.core.main.TestCaseExecutor.accessMainPhase(TestCaseExecutor.java:410)
	at com.kms.katalon.core.main.TestCaseExecutor.execute(TestCaseExecutor.java:285)
	at com.kms.katalon.core.common.CommonExecutor.accessTestCaseMainPhase(CommonExecutor.java:65)
	at com.kms.katalon.core.main.TestSuiteExecutor.accessTestSuiteMainPhase(TestSuiteExecutor.java:148)
	at com.kms.katalon.core.main.TestSuiteExecutor.execute(TestSuiteExecutor.java:106)
	at com.kms.katalon.core.main.TestCaseMain.startTestSuite(TestCaseMain.java:187)
	at com.kms.katalon.core.main.TestCaseMain$startTestSuite$0.call(Unknown Source)
	at TempTestSuite1716323050602.run(TempTestSuite1716323050602.groovy:35)
Caused by: com.kms.katalon.core.webui.exception.WebElementNotFoundException: Web element with id: 'Object Repository/ADM/1Configuracion/3Seguridad/2Paginas por Rol/Roles de Agendamiento/label_Prueba2' located by '//table[@id='ctl00_ContentPlaceHolder2_rblRoles']/tbody/tr[3]/td/label' not found
	at com.kms.katalon.core.webui.common.WebUiCommonHelper.findWebElement(WebUiCommonHelper.java:1381)
	at com.kms.katalon.core.webui.keyword.internal.WebUIAbstractKeyword.findWebElement(WebUIAbstractKeyword.groovy:27)
	at com.kms.katalon.core.webui.keyword.builtin.ClickKeyword$_click_closure1.doCall(ClickKeyword.groovy:65)
	at com.kms.katalon.core.webui.keyword.builtin.ClickKeyword$_click_closure1.call(ClickKeyword.groovy)
	at com.kms.katalon.core.webui.keyword.internal.WebUIKeywordMain.runKeyword(WebUIKeywordMain.groovy:20)
	... 19 more


2024-05-21 16:10:20 - [TEST_STEP][PASSED] - callTestCase(findTestCase("0InicioSesion"), [:], STOP_ON_FAILURE): Call Test Case 'Test Cases/0InicioSesion' successfully

2024-05-21 16:10:20 - [TEST_CASE][PASSED] - Test Cases/0InicioSesion: Test Cases/0InicioSesion

2024-05-21 16:10:20 - [TEST_STEP][PASSED] - openBrowser(Url): Browser is opened with url: 'https://pcpruebas101.ciel.cielingenieria.com:8815/'

2024-05-21 16:10:20 - [MESSAGE][WARNING] - A browser is already opened. Closing browser and opening a new one

2024-05-21 16:10:21 - [MESSAGE][INFO] - Starting 'Chrome' driver

2024-05-21 16:10:21 - [MESSAGE][INFO] - Action delay is set to 0 milliseconds

2024-05-21 16:10:23 - [MESSAGE][PASSED] - Browser is opened with url: 'https://pcpruebas101.ciel.cielingenieria.com:8815/'

2024-05-21 16:10:23 - [TEST_STEP][PASSED] - maximizeWindow(): Current window maximized

2024-05-21 16:10:24 - [MESSAGE][PASSED] - Current window maximized

2024-05-21 16:10:24 - [TEST_STEP][PASSED] - delay(2): Delayed 2 second(s)

2024-05-21 16:10:26 - [MESSAGE][PASSED] - Delayed 2 second(s)

2024-05-21 16:10:26 - [TEST_STEP][PASSED] - setText(findTestObject("ADM/0Inicio Sesion/input_Usuario"), Usuario): Text 'Ciel' is set on object 'Object Repository/ADM/0Inicio Sesion/input_Usuario'

2024-05-21 16:10:27 - [MESSAGE][PASSED] - Text 'Ciel' is set on object 'Object Repository/ADM/0Inicio Sesion/input_Usuario'

2024-05-21 16:10:27 - [TEST_STEP][PASSED] - delay(2): Delayed 2 second(s)

2024-05-21 16:10:29 - [MESSAGE][PASSED] - Delayed 2 second(s)

2024-05-21 16:10:29 - [TEST_STEP][PASSED] - setText(findTestObject("ADM/0Inicio Sesion/input_Clave"), Clave): Text 'Digiturno5.' is set on object 'Object Repository/ADM/0Inicio Sesion/input_Clave'

2024-05-21 16:10:30 - [MESSAGE][PASSED] - Text 'Digiturno5.' is set on object 'Object Repository/ADM/0Inicio Sesion/input_Clave'

2024-05-21 16:10:30 - [TEST_STEP][PASSED] - delay(2): Delayed 2 second(s)

2024-05-21 16:10:32 - [MESSAGE][PASSED] - Delayed 2 second(s)

2024-05-21 16:10:32 - [TEST_STEP][PASSED] - click(findTestObject("ADM/0Inicio Sesion/btn_IniciarSesion")): Object: 'Object Repository/ADM/0Inicio Sesion/btn_IniciarSesion' is clicked on

2024-05-21 16:10:32 - [MESSAGE][PASSED] - Object: 'Object Repository/ADM/0Inicio Sesion/btn_IniciarSesion' is clicked on

2024-05-21 16:10:32 - [TEST_STEP][PASSED] - delay(3): Delayed 3 second(s)

2024-05-21 16:10:35 - [MESSAGE][PASSED] - Delayed 3 second(s)

2024-05-21 16:10:35 - [MESSAGE][PASSED] - Call Test Case 'Test Cases/0InicioSesion' successfully

2024-05-21 16:10:35 - [TEST_STEP][PASSED] - comment("Boton Cancelar"): Boton Cancelar

2024-05-21 16:10:35 - [MESSAGE][INFO] - Boton Cancelar

2024-05-21 16:10:35 - [TEST_STEP][PASSED] - click(findTestObject("ADM/0Principal/a_Configuracion")): Object: 'Object Repository/ADM/0Principal/a_Configuracion' is clicked on

2024-05-21 16:10:36 - [MESSAGE][PASSED] - Object: 'Object Repository/ADM/0Principal/a_Configuracion' is clicked on

2024-05-21 16:10:36 - [TEST_STEP][PASSED] - delay(2): Delayed 2 second(s)

2024-05-21 16:10:38 - [MESSAGE][PASSED] - Delayed 2 second(s)

2024-05-21 16:10:38 - [TEST_STEP][PASSED] - click(findTestObject("ADM/1Configuracion/0Principal/a_3 Seguridad")): Object: 'Object Repository/ADM/1Configuracion/0Principal/a_3 Seguridad' is clicked on

2024-05-21 16:10:38 - [MESSAGE][PASSED] - Object: 'Object Repository/ADM/1Configuracion/0Principal/a_3 Seguridad' is clicked on

2024-05-21 16:10:38 - [TEST_STEP][PASSED] - delay(2): Delayed 2 second(s)

2024-05-21 16:10:40 - [MESSAGE][PASSED] - Delayed 2 second(s)

2024-05-21 16:10:40 - [TEST_STEP][PASSED] - click(findTestObject("ADM/1Configuracion/3Seguridad/0Principal/a_2 Paginas por rol"), STOP_ON_FAILURE): Object: 'Object Repository/ADM/1Configuracion/3Seguridad/0Principal/a_2 Paginas por rol' is clicked on

2024-05-21 16:10:41 - [MESSAGE][PASSED] - Object: 'Object Repository/ADM/1Configuracion/3Seguridad/0Principal/a_2 Paginas por rol' is clicked on

2024-05-21 16:10:41 - [TEST_STEP][PASSED] - delay(2): Delayed 2 second(s)

2024-05-21 16:10:43 - [MESSAGE][PASSED] - Delayed 2 second(s)

2024-05-21 16:10:43 - [TEST_STEP][FAILED] - click(findTestObject("ADM/1Configuracion/3Seguridad/2Paginas por Rol/Roles de Agendamiento/label_Prueba2"), STOP_ON_FAILURE): Unable to click on object 'Object Repository/ADM/1Configuracion/3Seguridad/2Paginas por Rol/Roles de Agendamiento/label_Prueba2' (Root cause: com.kms.katalon.core.exception.StepFailedException: Unable to click on object 'Object Repository/ADM/1Configuracion/3Seguridad/2Paginas por Rol/Roles de Agendamiento/label_Prueba2'
	at com.kms.katalon.core.webui.keyword.internal.WebUIKeywordMain.stepFailed(WebUIKeywordMain.groovy:64)
	at com.kms.katalon.core.webui.keyword.internal.WebUIKeywordMain.runKeyword(WebUIKeywordMain.groovy:26)
	at com.kms.katalon.core.webui.keyword.builtin.ClickKeyword.click(ClickKeyword.groovy:74)
	at com.kms.katalon.core.webui.keyword.builtin.ClickKeyword.execute(ClickKeyword.groovy:40)
	at com.kms.katalon.core.keyword.internal.KeywordExecutor.executeKeywordForPlatform(KeywordExecutor.groovy:74)
	at com.kms.katalon.core.webui.keyword.WebUiBuiltInKeywords.click(WebUiBuiltInKeywords.groovy:608)
	at com.kms.katalon.core.webui.keyword.WebUiBuiltInKeywords$click$3.call(Unknown Source)
	at R117.run(R117:36)
	at com.kms.katalon.core.main.ScriptEngine.run(ScriptEngine.java:194)
	at com.kms.katalon.core.main.ScriptEngine.runScriptAsRawText(ScriptEngine.java:119)
	at com.kms.katalon.core.main.TestCaseExecutor.runScript(TestCaseExecutor.java:448)
	at com.kms.katalon.core.main.TestCaseExecutor.doExecute(TestCaseExecutor.java:439)
	at com.kms.katalon.core.main.TestCaseExecutor.processExecutionPhase(TestCaseExecutor.java:418)
	at com.kms.katalon.core.main.TestCaseExecutor.accessMainPhase(TestCaseExecutor.java:410)
	at com.kms.katalon.core.main.TestCaseExecutor.execute(TestCaseExecutor.java:285)
	at com.kms.katalon.core.common.CommonExecutor.accessTestCaseMainPhase(CommonExecutor.java:65)
	at com.kms.katalon.core.main.TestSuiteExecutor.accessTestSuiteMainPhase(TestSuiteExecutor.java:148)
	at com.kms.katalon.core.main.TestSuiteExecutor.execute(TestSuiteExecutor.java:106)
	at com.kms.katalon.core.main.TestCaseMain.startTestSuite(TestCaseMain.java:187)
	at com.kms.katalon.core.main.TestCaseMain$startTestSuite$0.call(Unknown Source)
	at TempTestSuite1716323050602.run(TempTestSuite1716323050602.groovy:35)
Caused by: com.kms.katalon.core.webui.exception.WebElementNotFoundException: Web element with id: 'Object Repository/ADM/1Configuracion/3Seguridad/2Paginas por Rol/Roles de Agendamiento/label_Prueba2' located by '//table[@id='ctl00_ContentPlaceHolder2_rblRoles']/tbody/tr[3]/td/label' not found
	at com.kms.katalon.core.webui.common.WebUiCommonHelper.findWebElement(WebUiCommonHelper.java:1381)
	at com.kms.katalon.core.webui.keyword.internal.WebUIAbstractKeyword.findWebElement(WebUIAbstractKeyword.groovy:27)
	at com.kms.katalon.core.webui.keyword.builtin.ClickKeyword$_click_closure1.doCall(ClickKeyword.groovy:65)
	at com.kms.katalon.core.webui.keyword.builtin.ClickKeyword$_click_closure1.call(ClickKeyword.groovy)
	at com.kms.katalon.core.webui.keyword.internal.WebUIKeywordMain.runKeyword(WebUIKeywordMain.groovy:20)
	at com.kms.katalon.core.webui.keyword.builtin.ClickKeyword.click(ClickKeyword.groovy:74)
	at com.kms.katalon.core.webui.keyword.builtin.ClickKeyword.execute(ClickKeyword.groovy:40)
	at com.kms.katalon.core.keyword.internal.KeywordExecutor.executeKeywordForPlatform(KeywordExecutor.groovy:74)
	at com.kms.katalon.core.webui.keyword.WebUiBuiltInKeywords.click(WebUiBuiltInKeywords.groovy:608)
	at com.kms.katalon.core.webui.keyword.WebUiBuiltInKeywords$click$3.call(Unknown Source)
	at Script1701704714675.run(Script1701704714675.groovy:36)
	... 13 more
)

2024-05-21 16:11:14 - [MESSAGE][INFO] - Unable to find the element located by 'By.xpath: //table[@id='ctl00_ContentPlaceHolder2_rblRoles']/tbody/tr[3]/td/label'. Please recheck the objects properties to make sure the desired element is located. 

2024-05-21 16:11:14 - [MESSAGE][FAILED] - Unable to click on object 'Object Repository/ADM/1Configuracion/3Seguridad/2Paginas por Rol/Roles de Agendamiento/label_Prueba2' (Root cause: com.kms.katalon.core.exception.StepFailedException: Unable to click on object 'Object Repository/ADM/1Configuracion/3Seguridad/2Paginas por Rol/Roles de Agendamiento/label_Prueba2'
	at com.kms.katalon.core.webui.keyword.internal.WebUIKeywordMain.stepFailed(WebUIKeywordMain.groovy:64)
	at com.kms.katalon.core.webui.keyword.internal.WebUIKeywordMain.runKeyword(WebUIKeywordMain.groovy:26)
	at com.kms.katalon.core.webui.keyword.builtin.ClickKeyword.click(ClickKeyword.groovy:74)
	at com.kms.katalon.core.webui.keyword.builtin.ClickKeyword.execute(ClickKeyword.groovy:40)
	at com.kms.katalon.core.keyword.internal.KeywordExecutor.executeKeywordForPlatform(KeywordExecutor.groovy:74)
	at com.kms.katalon.core.webui.keyword.WebUiBuiltInKeywords.click(WebUiBuiltInKeywords.groovy:608)
	at com.kms.katalon.core.webui.keyword.WebUiBuiltInKeywords$click$3.call(Unknown Source)
	at R117.run(R117:36)
	at com.kms.katalon.core.main.ScriptEngine.run(ScriptEngine.java:194)
	at com.kms.katalon.core.main.ScriptEngine.runScriptAsRawText(ScriptEngine.java:119)
	at com.kms.katalon.core.main.TestCaseExecutor.runScript(TestCaseExecutor.java:448)
	at com.kms.katalon.core.main.TestCaseExecutor.doExecute(TestCaseExecutor.java:439)
	at com.kms.katalon.core.main.TestCaseExecutor.processExecutionPhase(TestCaseExecutor.java:418)
	at com.kms.katalon.core.main.TestCaseExecutor.accessMainPhase(TestCaseExecutor.java:410)
	at com.kms.katalon.core.main.TestCaseExecutor.execute(TestCaseExecutor.java:285)
	at com.kms.katalon.core.common.CommonExecutor.accessTestCaseMainPhase(CommonExecutor.java:65)
	at com.kms.katalon.core.main.TestSuiteExecutor.accessTestSuiteMainPhase(TestSuiteExecutor.java:148)
	at com.kms.katalon.core.main.TestSuiteExecutor.execute(TestSuiteExecutor.java:106)
	at com.kms.katalon.core.main.TestCaseMain.startTestSuite(TestCaseMain.java:187)
	at com.kms.katalon.core.main.TestCaseMain$startTestSuite$0.call(Unknown Source)
	at TempTestSuite1716323050602.run(TempTestSuite1716323050602.groovy:35)
Caused by: com.kms.katalon.core.webui.exception.WebElementNotFoundException: Web element with id: 'Object Repository/ADM/1Configuracion/3Seguridad/2Paginas por Rol/Roles de Agendamiento/label_Prueba2' located by '//table[@id='ctl00_ContentPlaceHolder2_rblRoles']/tbody/tr[3]/td/label' not found
	at com.kms.katalon.core.webui.common.WebUiCommonHelper.findWebElement(WebUiCommonHelper.java:1381)
	at com.kms.katalon.core.webui.keyword.internal.WebUIAbstractKeyword.findWebElement(WebUIAbstractKeyword.groovy:27)
	at com.kms.katalon.core.webui.keyword.builtin.ClickKeyword$_click_closure1.doCall(ClickKeyword.groovy:65)
	at com.kms.katalon.core.webui.keyword.builtin.ClickKeyword$_click_closure1.call(ClickKeyword.groovy)
	at com.kms.katalon.core.webui.keyword.internal.WebUIKeywordMain.runKeyword(WebUIKeywordMain.groovy:20)
	at com.kms.katalon.core.webui.keyword.builtin.ClickKeyword.click(ClickKeyword.groovy:74)
	at com.kms.katalon.core.webui.keyword.builtin.ClickKeyword.execute(ClickKeyword.groovy:40)
	at com.kms.katalon.core.keyword.internal.KeywordExecutor.executeKeywordForPlatform(KeywordExecutor.groovy:74)
	at com.kms.katalon.core.webui.keyword.WebUiBuiltInKeywords.click(WebUiBuiltInKeywords.groovy:608)
	at com.kms.katalon.core.webui.keyword.WebUiBuiltInKeywords$click$3.call(Unknown Source)
	at Script1701704714675.run(Script1701704714675.groovy:36)
	... 13 more
)
[[ATTACHMENT|C:\\CIEL INGENIERIA\\Katalon\\AgendamientoADM\\Reports\\20240521_152353\\1 Configuracion\\3 Seguridad\\2 Paginas Por Rol\\20240521_152410\\1716325874495.png]]

2024-05-21 16:11:14 - [TEST_STEP][PASSED] - Start listener action : sampleAfterTestCase: null]]></system-out>
         <system-err><![CDATA[2024-05-21 16:10:20 - [TEST_CASE][FAILED] - Test Cases/Configuracion/3 Seguridad/2 Paginas Por Rol/R117: Test Cases/Configuracion/3 Seguridad/2 Paginas Por Rol/R117 FAILED.
Reason:
com.kms.katalon.core.exception.StepFailedException: Unable to click on object 'Object Repository/ADM/1Configuracion/3Seguridad/2Paginas por Rol/Roles de Agendamiento/label_Prueba2'
	at com.kms.katalon.core.webui.keyword.internal.WebUIKeywordMain.stepFailed(WebUIKeywordMain.groovy:64)
	at com.kms.katalon.core.webui.keyword.internal.WebUIKeywordMain.runKeyword(WebUIKeywordMain.groovy:26)
	at com.kms.katalon.core.webui.keyword.builtin.ClickKeyword.click(ClickKeyword.groovy:74)
	at com.kms.katalon.core.webui.keyword.builtin.ClickKeyword.execute(ClickKeyword.groovy:40)
	at com.kms.katalon.core.keyword.internal.KeywordExecutor.executeKeywordForPlatform(KeywordExecutor.groovy:74)
	at com.kms.katalon.core.webui.keyword.WebUiBuiltInKeywords.click(WebUiBuiltInKeywords.groovy:608)
	at com.kms.katalon.core.webui.keyword.WebUiBuiltInKeywords$click$3.call(Unknown Source)
	at R117.run(R117:36)
	at com.kms.katalon.core.main.ScriptEngine.run(ScriptEngine.java:194)
	at com.kms.katalon.core.main.ScriptEngine.runScriptAsRawText(ScriptEngine.java:119)
	at com.kms.katalon.core.main.TestCaseExecutor.runScript(TestCaseExecutor.java:448)
	at com.kms.katalon.core.main.TestCaseExecutor.doExecute(TestCaseExecutor.java:439)
	at com.kms.katalon.core.main.TestCaseExecutor.processExecutionPhase(TestCaseExecutor.java:418)
	at com.kms.katalon.core.main.TestCaseExecutor.accessMainPhase(TestCaseExecutor.java:410)
	at com.kms.katalon.core.main.TestCaseExecutor.execute(TestCaseExecutor.java:285)
	at com.kms.katalon.core.common.CommonExecutor.accessTestCaseMainPhase(CommonExecutor.java:65)
	at com.kms.katalon.core.main.TestSuiteExecutor.accessTestSuiteMainPhase(TestSuiteExecutor.java:148)
	at com.kms.katalon.core.main.TestSuiteExecutor.execute(TestSuiteExecutor.java:106)
	at com.kms.katalon.core.main.TestCaseMain.startTestSuite(TestCaseMain.java:187)
	at com.kms.katalon.core.main.TestCaseMain$startTestSuite$0.call(Unknown Source)
	at TempTestSuite1716323050602.run(TempTestSuite1716323050602.groovy:35)
Caused by: com.kms.katalon.core.webui.exception.WebElementNotFoundException: Web element with id: 'Object Repository/ADM/1Configuracion/3Seguridad/2Paginas por Rol/Roles de Agendamiento/label_Prueba2' located by '//table[@id='ctl00_ContentPlaceHolder2_rblRoles']/tbody/tr[3]/td/label' not found
	at com.kms.katalon.core.webui.common.WebUiCommonHelper.findWebElement(WebUiCommonHelper.java:1381)
	at com.kms.katalon.core.webui.keyword.internal.WebUIAbstractKeyword.findWebElement(WebUIAbstractKeyword.groovy:27)
	at com.kms.katalon.core.webui.keyword.builtin.ClickKeyword$_click_closure1.doCall(ClickKeyword.groovy:65)
	at com.kms.katalon.core.webui.keyword.builtin.ClickKeyword$_click_closure1.call(ClickKeyword.groovy)
	at com.kms.katalon.core.webui.keyword.internal.WebUIKeywordMain.runKeyword(WebUIKeywordMain.groovy:20)
	... 19 more]]></system-err>
      </testcase>
      <system-out><![CDATA[2024-05-21 16:07:02 - [TEST_SUITE][FAILED] - 2 Paginas Por Rol: Test Cases/Configuracion/3 Seguridad/2 Paginas Por Rol/R116 FAILED.
Reason:
com.kms.katalon.core.exception.StepFailedException: Unable to click on object 'Object Repository/ADM/1Configuracion/3Seguridad/2Paginas por Rol/Roles de Agendamiento/label_Prueba2'
	at com.kms.katalon.core.webui.keyword.internal.WebUIKeywordMain.stepFailed(WebUIKeywordMain.groovy:64)
	at com.kms.katalon.core.webui.keyword.internal.WebUIKeywordMain.runKeyword(WebUIKeywordMain.groovy:26)
	at com.kms.katalon.core.webui.keyword.builtin.ClickKeyword.click(ClickKeyword.groovy:74)
	at com.kms.katalon.core.webui.keyword.builtin.ClickKeyword.execute(ClickKeyword.groovy:40)
	at com.kms.katalon.core.keyword.internal.KeywordExecutor.executeKeywordForPlatform(KeywordExecutor.groovy:74)
	at com.kms.katalon.core.webui.keyword.WebUiBuiltInKeywords.click(WebUiBuiltInKeywords.groovy:608)
	at com.kms.katalon.core.webui.keyword.WebUiBuiltInKeywords$click$3.call(Unknown Source)
	at R116.run(R116:36)
	at com.kms.katalon.core.main.ScriptEngine.run(ScriptEngine.java:194)
	at com.kms.katalon.core.main.ScriptEngine.runScriptAsRawText(ScriptEngine.java:119)
	at com.kms.katalon.core.main.TestCaseExecutor.runScript(TestCaseExecutor.java:448)
	at com.kms.katalon.core.main.TestCaseExecutor.doExecute(TestCaseExecutor.java:439)
	at com.kms.katalon.core.main.TestCaseExecutor.processExecutionPhase(TestCaseExecutor.java:418)
	at com.kms.katalon.core.main.TestCaseExecutor.accessMainPhase(TestCaseExecutor.java:410)
	at com.kms.katalon.core.main.TestCaseExecutor.execute(TestCaseExecutor.java:285)
	at com.kms.katalon.core.common.CommonExecutor.accessTestCaseMainPhase(CommonExecutor.java:65)
	at com.kms.katalon.core.main.TestSuiteExecutor.accessTestSuiteMainPhase(TestSuiteExecutor.java:148)
	at com.kms.katalon.core.main.TestSuiteExecutor.execute(TestSuiteExecutor.java:106)
	at com.kms.katalon.core.main.TestCaseMain.startTestSuite(TestCaseMain.java:187)
	at com.kms.katalon.core.main.TestCaseMain$startTestSuite$0.call(Unknown Source)
	at TempTestSuite1716323050602.run(TempTestSuite1716323050602.groovy:35)
Caused by: com.kms.katalon.core.webui.exception.WebElementNotFoundException: Web element with id: 'Object Repository/ADM/1Configuracion/3Seguridad/2Paginas por Rol/Roles de Agendamiento/label_Prueba2' located by '//table[@id='ctl00_ContentPlaceHolder2_rblRoles']/tbody/tr[3]/td/label' not found
	at com.kms.katalon.core.webui.common.WebUiCommonHelper.findWebElement(WebUiCommonHelper.java:1381)
	at com.kms.katalon.core.webui.keyword.internal.WebUIAbstractKeyword.findWebElement(WebUIAbstractKeyword.groovy:27)
	at com.kms.katalon.core.webui.keyword.builtin.ClickKeyword$_click_closure1.doCall(ClickKeyword.groovy:65)
	at com.kms.katalon.core.webui.keyword.builtin.ClickKeyword$_click_closure1.call(ClickKeyword.groovy)
	at com.kms.katalon.core.webui.keyword.internal.WebUIKeywordMain.runKeyword(WebUIKeywordMain.groovy:20)
	... 19 more]]></system-out>
      <system-err><![CDATA[2024-05-21 16:07:02 - [TEST_SUITE][FAILED] - 2 Paginas Por Rol: Test Cases/Configuracion/3 Seguridad/2 Paginas Por Rol/R116 FAILED.
Reason:
com.kms.katalon.core.exception.StepFailedException: Unable to click on object 'Object Repository/ADM/1Configuracion/3Seguridad/2Paginas por Rol/Roles de Agendamiento/label_Prueba2'
	at com.kms.katalon.core.webui.keyword.internal.WebUIKeywordMain.stepFailed(WebUIKeywordMain.groovy:64)
	at com.kms.katalon.core.webui.keyword.internal.WebUIKeywordMain.runKeyword(WebUIKeywordMain.groovy:26)
	at com.kms.katalon.core.webui.keyword.builtin.ClickKeyword.click(ClickKeyword.groovy:74)
	at com.kms.katalon.core.webui.keyword.builtin.ClickKeyword.execute(ClickKeyword.groovy:40)
	at com.kms.katalon.core.keyword.internal.KeywordExecutor.executeKeywordForPlatform(KeywordExecutor.groovy:74)
	at com.kms.katalon.core.webui.keyword.WebUiBuiltInKeywords.click(WebUiBuiltInKeywords.groovy:608)
	at com.kms.katalon.core.webui.keyword.WebUiBuiltInKeywords$click$3.call(Unknown Source)
	at R116.run(R116:36)
	at com.kms.katalon.core.main.ScriptEngine.run(ScriptEngine.java:194)
	at com.kms.katalon.core.main.ScriptEngine.runScriptAsRawText(ScriptEngine.java:119)
	at com.kms.katalon.core.main.TestCaseExecutor.runScript(TestCaseExecutor.java:448)
	at com.kms.katalon.core.main.TestCaseExecutor.doExecute(TestCaseExecutor.java:439)
	at com.kms.katalon.core.main.TestCaseExecutor.processExecutionPhase(TestCaseExecutor.java:418)
	at com.kms.katalon.core.main.TestCaseExecutor.accessMainPhase(TestCaseExecutor.java:410)
	at com.kms.katalon.core.main.TestCaseExecutor.execute(TestCaseExecutor.java:285)
	at com.kms.katalon.core.common.CommonExecutor.accessTestCaseMainPhase(CommonExecutor.java:65)
	at com.kms.katalon.core.main.TestSuiteExecutor.accessTestSuiteMainPhase(TestSuiteExecutor.java:148)
	at com.kms.katalon.core.main.TestSuiteExecutor.execute(TestSuiteExecutor.java:106)
	at com.kms.katalon.core.main.TestCaseMain.startTestSuite(TestCaseMain.java:187)
	at com.kms.katalon.core.main.TestCaseMain$startTestSuite$0.call(Unknown Source)
	at TempTestSuite1716323050602.run(TempTestSuite1716323050602.groovy:35)
Caused by: com.kms.katalon.core.webui.exception.WebElementNotFoundException: Web element with id: 'Object Repository/ADM/1Configuracion/3Seguridad/2Paginas por Rol/Roles de Agendamiento/label_Prueba2' located by '//table[@id='ctl00_ContentPlaceHolder2_rblRoles']/tbody/tr[3]/td/label' not found
	at com.kms.katalon.core.webui.common.WebUiCommonHelper.findWebElement(WebUiCommonHelper.java:1381)
	at com.kms.katalon.core.webui.keyword.internal.WebUIAbstractKeyword.findWebElement(WebUIAbstractKeyword.groovy:27)
	at com.kms.katalon.core.webui.keyword.builtin.ClickKeyword$_click_closure1.doCall(ClickKeyword.groovy:65)
	at com.kms.katalon.core.webui.keyword.builtin.ClickKeyword$_click_closure1.call(ClickKeyword.groovy)
	at com.kms.katalon.core.webui.keyword.internal.WebUIKeywordMain.runKeyword(WebUIKeywordMain.groovy:20)
	... 19 more]]></system-err>
   </testsuite>
</testsuites>
