<?xml version="1.0" encoding="UTF-8"?>
<testsuites name="8 Origenes" time="176.601" tests="5" failures="1" errors="0">
   <testsuite name="8 Origenes" tests="5" failures="1" errors="0" time="176.601" skipped="0" timestamp="2024-05-21 16:40:28" hostname="jdavila - PCPruebas101.ciel.cielingenieria.com" id="Test Suites/1 Configuracion/4 Sistema/8 Origenes">
      <properties>
         <property name="deviceName" value=""/>
         <property name="devicePlatform" value=""/>
         <property name="logFolder" value="C:\\CIEL INGENIERIA\\Katalon\\AgendamientoADM\\Reports\\20240521_152353\\1 Configuracion\\4 Sistema\\8 Origenes\\20240521_152428"/>
         <property name="logFiles" value="C:\\CIEL INGENIERIA\\Katalon\\AgendamientoADM\\Reports\\20240521_152353\\1 Configuracion\\4 Sistema\\8 Origenes\\20240521_152428\\execution0.log"/>
         <property name="attachments" value="C:\\CIEL INGENIERIA\\Katalon\\AgendamientoADM\\Reports\\20240521_152353\\1 Configuracion\\4 Sistema\\8 Origenes\\20240521_152428\\1716327655445.png, C:\\CIEL INGENIERIA\\Katalon\\AgendamientoADM\\Reports\\20240521_152353\\1 Configuracion\\4 Sistema\\8 Origenes\\20240521_152428\\1716327682368.png, C:\\CIEL INGENIERIA\\Katalon\\AgendamientoADM\\Reports\\20240521_152353\\1 Configuracion\\4 Sistema\\8 Origenes\\20240521_152428\\1716327709479.png, C:\\CIEL INGENIERIA\\Katalon\\AgendamientoADM\\Reports\\20240521_152353\\1 Configuracion\\4 Sistema\\8 Origenes\\20240521_152428\\1716327714481.png, C:\\CIEL INGENIERIA\\Katalon\\AgendamientoADM\\Reports\\20240521_152353\\1 Configuracion\\4 Sistema\\8 Origenes\\20240521_152428\\1716327743373.png, C:\\CIEL INGENIERIA\\Katalon\\AgendamientoADM\\Reports\\20240521_152353\\1 Configuracion\\4 Sistema\\8 Origenes\\20240521_152428\\1716327748274.png, C:\\CIEL INGENIERIA\\Katalon\\AgendamientoADM\\Reports\\20240521_152353\\1 Configuracion\\4 Sistema\\8 Origenes\\20240521_152428\\1716327771529.png, C:\\CIEL INGENIERIA\\Katalon\\AgendamientoADM\\Reports\\20240521_152353\\1 Configuracion\\4 Sistema\\8 Origenes\\20240521_152428\\1716327805373.png"/>
         <property name="hostName" value="jdavila - PCPruebas101.ciel.cielingenieria.com"/>
         <property name="os" value="Windows 10 64bit"/>
         <property name="katalonVersion" value="8.6.9.208"/>
         <property name="browser" value="Chrome 124.0.0.0"/>
         <property name="hostAddress" value="192.168.91.13"/>
         <property name="sessionId" value="71f55403a686c9f188374de2e4a360a6"/>
         <property name="seleniumVersion" value="3.141.59"/>
         <property name="proxyInformation" value="ProxyInformation { proxyOption=NO_PROXY, proxyServerType=HTTP, username=, password=********, proxyServerAddress=, proxyServerPort=0, executionList=&quot;&quot;, isApplyToDesiredCapabilities=true }"/>
         <property name="platform" value="Windows 10"/>
      </properties>
      <testcase name="Test Cases/Configuracion/4 Sistema/8 Origenes/R183" time="26.946" classname="Test Cases/Configuracion/4 Sistema/8 Origenes/R183" status="PASSED">
         <system-out><![CDATA[2024-05-21 16:40:29 - [TEST_CASE][PASSED] - Test Cases/Configuracion/4 Sistema/8 Origenes/R183: Test Cases/Configuracion/4 Sistema/8 Origenes/R183

2024-05-21 16:40:29 - [TEST_STEP][PASSED] - callTestCase(findTestCase("0InicioSesion"), [:], STOP_ON_FAILURE): Call Test Case 'Test Cases/0InicioSesion' successfully

2024-05-21 16:40:29 - [TEST_CASE][PASSED] - Test Cases/0InicioSesion: Test Cases/0InicioSesion

2024-05-21 16:40:29 - [TEST_STEP][PASSED] - openBrowser(Url): Browser is opened with url: 'https://pcpruebas101.ciel.cielingenieria.com:8815/'

2024-05-21 16:40:30 - [MESSAGE][INFO] - Starting 'Chrome' driver

2024-05-21 16:40:30 - [MESSAGE][INFO] - Action delay is set to 0 milliseconds

2024-05-21 16:40:33 - [MESSAGE][PASSED] - Browser is opened with url: 'https://pcpruebas101.ciel.cielingenieria.com:8815/'

2024-05-21 16:40:33 - [TEST_STEP][PASSED] - maximizeWindow(): Current window maximized

2024-05-21 16:40:33 - [MESSAGE][PASSED] - Current window maximized

2024-05-21 16:40:33 - [TEST_STEP][PASSED] - delay(2): Delayed 2 second(s)

2024-05-21 16:40:35 - [MESSAGE][PASSED] - Delayed 2 second(s)

2024-05-21 16:40:35 - [TEST_STEP][PASSED] - setText(findTestObject("ADM/0Inicio Sesion/input_Usuario"), Usuario): Text 'Ciel' is set on object 'Object Repository/ADM/0Inicio Sesion/input_Usuario'

2024-05-21 16:40:36 - [MESSAGE][PASSED] - Text 'Ciel' is set on object 'Object Repository/ADM/0Inicio Sesion/input_Usuario'

2024-05-21 16:40:36 - [TEST_STEP][PASSED] - delay(2): Delayed 2 second(s)

2024-05-21 16:40:38 - [MESSAGE][PASSED] - Delayed 2 second(s)

2024-05-21 16:40:38 - [TEST_STEP][PASSED] - setText(findTestObject("ADM/0Inicio Sesion/input_Clave"), Clave): Text 'Digiturno5.' is set on object 'Object Repository/ADM/0Inicio Sesion/input_Clave'

2024-05-21 16:40:39 - [MESSAGE][PASSED] - Text 'Digiturno5.' is set on object 'Object Repository/ADM/0Inicio Sesion/input_Clave'

2024-05-21 16:40:39 - [TEST_STEP][PASSED] - delay(2): Delayed 2 second(s)

2024-05-21 16:40:41 - [MESSAGE][PASSED] - Delayed 2 second(s)

2024-05-21 16:40:41 - [TEST_STEP][PASSED] - click(findTestObject("ADM/0Inicio Sesion/btn_IniciarSesion")): Object: 'Object Repository/ADM/0Inicio Sesion/btn_IniciarSesion' is clicked on

2024-05-21 16:40:42 - [MESSAGE][PASSED] - Object: 'Object Repository/ADM/0Inicio Sesion/btn_IniciarSesion' is clicked on

2024-05-21 16:40:42 - [TEST_STEP][PASSED] - delay(3): Delayed 3 second(s)

2024-05-21 16:40:45 - [MESSAGE][PASSED] - Delayed 3 second(s)

2024-05-21 16:40:45 - [MESSAGE][PASSED] - Call Test Case 'Test Cases/0InicioSesion' successfully

2024-05-21 16:40:45 - [TEST_STEP][PASSED] - click(findTestObject("ADM/0Principal/a_Configuracion")): Object: 'Object Repository/ADM/0Principal/a_Configuracion' is clicked on

2024-05-21 16:40:45 - [MESSAGE][PASSED] - Object: 'Object Repository/ADM/0Principal/a_Configuracion' is clicked on

2024-05-21 16:40:45 - [TEST_STEP][PASSED] - delay(2): Delayed 2 second(s)

2024-05-21 16:40:47 - [MESSAGE][PASSED] - Delayed 2 second(s)

2024-05-21 16:40:47 - [TEST_STEP][PASSED] - click(findTestObject("ADM/1Configuracion/0Principal/a_4 Sistema")): Object: 'Object Repository/ADM/1Configuracion/0Principal/a_4 Sistema' is clicked on

2024-05-21 16:40:48 - [MESSAGE][PASSED] - Object: 'Object Repository/ADM/1Configuracion/0Principal/a_4 Sistema' is clicked on

2024-05-21 16:40:48 - [TEST_STEP][PASSED] - delay(2): Delayed 2 second(s)

2024-05-21 16:40:50 - [MESSAGE][PASSED] - Delayed 2 second(s)

2024-05-21 16:40:50 - [TEST_STEP][PASSED] - click(findTestObject("ADM/1Configuracion/4Sistema/0Principal/a_8 Origenes")): Object: 'Object Repository/ADM/1Configuracion/4Sistema/0Principal/a_8 Origenes' is clicked on

2024-05-21 16:40:51 - [MESSAGE][PASSED] - Object: 'Object Repository/ADM/1Configuracion/4Sistema/0Principal/a_8 Origenes' is clicked on

2024-05-21 16:40:51 - [TEST_STEP][PASSED] - delay(2): Delayed 2 second(s)

2024-05-21 16:40:53 - [MESSAGE][PASSED] - Delayed 2 second(s)

2024-05-21 16:40:53 - [TEST_STEP][PASSED] - verifyElementPresent(findTestObject("ADM/1Configuracion/4Sistema/8Origenes/Edicion/btn_Guardar"), 2): Object 'Object Repository/ADM/1Configuracion/4Sistema/8Origenes/Edicion/btn_Guardar' is present

2024-05-21 16:40:53 - [MESSAGE][PASSED] - Object 'Object Repository/ADM/1Configuracion/4Sistema/8Origenes/Edicion/btn_Guardar' is present

2024-05-21 16:40:53 - [TEST_STEP][PASSED] - verifyElementPresent(findTestObject("ADM/1Configuracion/4Sistema/8Origenes/Edicion/btn_Limpiar"), 2): Object 'Object Repository/ADM/1Configuracion/4Sistema/8Origenes/Edicion/btn_Limpiar' is present

2024-05-21 16:40:53 - [MESSAGE][PASSED] - Object 'Object Repository/ADM/1Configuracion/4Sistema/8Origenes/Edicion/btn_Limpiar' is present

2024-05-21 16:40:53 - [TEST_STEP][PASSED] - verifyElementPresent(findTestObject("ADM/1Configuracion/4Sistema/8Origenes/Edicion/input_Codigo"), 2): Object 'Object Repository/ADM/1Configuracion/4Sistema/8Origenes/Edicion/input_Codigo' is present

2024-05-21 16:40:54 - [MESSAGE][PASSED] - Object 'Object Repository/ADM/1Configuracion/4Sistema/8Origenes/Edicion/input_Codigo' is present

2024-05-21 16:40:54 - [TEST_STEP][PASSED] - verifyElementPresent(findTestObject("ADM/1Configuracion/4Sistema/8Origenes/Edicion/input_Nombre Origen"), 2): Object 'Object Repository/ADM/1Configuracion/4Sistema/8Origenes/Edicion/input_Nombre Origen' is present

2024-05-21 16:40:54 - [MESSAGE][PASSED] - Object 'Object Repository/ADM/1Configuracion/4Sistema/8Origenes/Edicion/input_Nombre Origen' is present

2024-05-21 16:40:54 - [TEST_STEP][PASSED] - verifyElementPresent(findTestObject("ADM/1Configuracion/4Sistema/8Origenes/Edicion/select_Tipo Origen"), 2): Object 'Object Repository/ADM/1Configuracion/4Sistema/8Origenes/Edicion/select_Tipo Origen' is present

2024-05-21 16:40:55 - [MESSAGE][PASSED] - Object 'Object Repository/ADM/1Configuracion/4Sistema/8Origenes/Edicion/select_Tipo Origen' is present

2024-05-21 16:40:55 - [TEST_STEP][PASSED] - verifyElementPresent(findTestObject("ADM/1Configuracion/4Sistema/8Origenes/Edicion/textarea_Descripcion"), 2): Object 'Object Repository/ADM/1Configuracion/4Sistema/8Origenes/Edicion/textarea_Descripcion' is present

2024-05-21 16:40:55 - [MESSAGE][PASSED] - Object 'Object Repository/ADM/1Configuracion/4Sistema/8Origenes/Edicion/textarea_Descripcion' is present

2024-05-21 16:40:55 - [TEST_STEP][PASSED] - takeFullPageScreenshot(): Taking screenshot successfully

2024-05-21 16:40:55 - [MESSAGE][INFO] - 0 hidden object(s)

2024-05-21 16:40:56 - [MESSAGE][PASSED] - Taking screenshot successfully
[[ATTACHMENT|C:\\CIEL INGENIERIA\\Katalon\\AgendamientoADM\\Reports\\20240521_152353\\1 Configuracion\\4 Sistema\\8 Origenes\\20240521_152428\\1716327655445.png]]

2024-05-21 16:40:56 - [TEST_STEP][PASSED] - Start listener action : sampleAfterTestCase: null]]></system-out>
         <system-err><![CDATA[]]></system-err>
      </testcase>
      <testcase name="Test Cases/Configuracion/4 Sistema/8 Origenes/R184" time="26.77" classname="Test Cases/Configuracion/4 Sistema/8 Origenes/R184" status="PASSED">
         <system-out><![CDATA[2024-05-21 16:40:56 - [TEST_CASE][PASSED] - Test Cases/Configuracion/4 Sistema/8 Origenes/R184: Test Cases/Configuracion/4 Sistema/8 Origenes/R184

2024-05-21 16:40:56 - [TEST_STEP][PASSED] - callTestCase(findTestCase("0InicioSesion"), [:], STOP_ON_FAILURE): Call Test Case 'Test Cases/0InicioSesion' successfully

2024-05-21 16:40:56 - [TEST_CASE][PASSED] - Test Cases/0InicioSesion: Test Cases/0InicioSesion

2024-05-21 16:40:56 - [TEST_STEP][PASSED] - openBrowser(Url): Browser is opened with url: 'https://pcpruebas101.ciel.cielingenieria.com:8815/'

2024-05-21 16:40:56 - [MESSAGE][WARNING] - A browser is already opened. Closing browser and opening a new one

2024-05-21 16:40:57 - [MESSAGE][INFO] - Starting 'Chrome' driver

2024-05-21 16:40:57 - [MESSAGE][INFO] - Action delay is set to 0 milliseconds

2024-05-21 16:40:59 - [MESSAGE][PASSED] - Browser is opened with url: 'https://pcpruebas101.ciel.cielingenieria.com:8815/'

2024-05-21 16:40:59 - [TEST_STEP][PASSED] - maximizeWindow(): Current window maximized

2024-05-21 16:40:59 - [MESSAGE][PASSED] - Current window maximized

2024-05-21 16:40:59 - [TEST_STEP][PASSED] - delay(2): Delayed 2 second(s)

2024-05-21 16:41:01 - [MESSAGE][PASSED] - Delayed 2 second(s)

2024-05-21 16:41:01 - [TEST_STEP][PASSED] - setText(findTestObject("ADM/0Inicio Sesion/input_Usuario"), Usuario): Text 'Ciel' is set on object 'Object Repository/ADM/0Inicio Sesion/input_Usuario'

2024-05-21 16:41:02 - [MESSAGE][PASSED] - Text 'Ciel' is set on object 'Object Repository/ADM/0Inicio Sesion/input_Usuario'

2024-05-21 16:41:02 - [TEST_STEP][PASSED] - delay(2): Delayed 2 second(s)

2024-05-21 16:41:04 - [MESSAGE][PASSED] - Delayed 2 second(s)

2024-05-21 16:41:04 - [TEST_STEP][PASSED] - setText(findTestObject("ADM/0Inicio Sesion/input_Clave"), Clave): Text 'Digiturno5.' is set on object 'Object Repository/ADM/0Inicio Sesion/input_Clave'

2024-05-21 16:41:05 - [MESSAGE][PASSED] - Text 'Digiturno5.' is set on object 'Object Repository/ADM/0Inicio Sesion/input_Clave'

2024-05-21 16:41:05 - [TEST_STEP][PASSED] - delay(2): Delayed 2 second(s)

2024-05-21 16:41:07 - [MESSAGE][PASSED] - Delayed 2 second(s)

2024-05-21 16:41:07 - [TEST_STEP][PASSED] - click(findTestObject("ADM/0Inicio Sesion/btn_IniciarSesion")): Object: 'Object Repository/ADM/0Inicio Sesion/btn_IniciarSesion' is clicked on

2024-05-21 16:41:08 - [MESSAGE][PASSED] - Object: 'Object Repository/ADM/0Inicio Sesion/btn_IniciarSesion' is clicked on

2024-05-21 16:41:08 - [TEST_STEP][PASSED] - delay(3): Delayed 3 second(s)

2024-05-21 16:41:11 - [MESSAGE][PASSED] - Delayed 3 second(s)

2024-05-21 16:41:11 - [MESSAGE][PASSED] - Call Test Case 'Test Cases/0InicioSesion' successfully

2024-05-21 16:41:11 - [TEST_STEP][PASSED] - comment("Campo nombre solo debe recibir caracteres alfabeticos"): Campo nombre solo debe recibir caracteres alfabeticos

2024-05-21 16:41:11 - [MESSAGE][INFO] - Campo nombre solo debe recibir caracteres alfabeticos

2024-05-21 16:41:11 - [TEST_STEP][PASSED] - click(findTestObject("ADM/0Principal/a_Configuracion")): Object: 'Object Repository/ADM/0Principal/a_Configuracion' is clicked on

2024-05-21 16:41:11 - [MESSAGE][PASSED] - Object: 'Object Repository/ADM/0Principal/a_Configuracion' is clicked on

2024-05-21 16:41:11 - [TEST_STEP][PASSED] - delay(2): Delayed 2 second(s)

2024-05-21 16:41:13 - [MESSAGE][PASSED] - Delayed 2 second(s)

2024-05-21 16:41:13 - [TEST_STEP][PASSED] - click(findTestObject("ADM/1Configuracion/0Principal/a_4 Sistema")): Object: 'Object Repository/ADM/1Configuracion/0Principal/a_4 Sistema' is clicked on

2024-05-21 16:41:14 - [MESSAGE][PASSED] - Object: 'Object Repository/ADM/1Configuracion/0Principal/a_4 Sistema' is clicked on

2024-05-21 16:41:14 - [TEST_STEP][PASSED] - delay(2): Delayed 2 second(s)

2024-05-21 16:41:16 - [MESSAGE][PASSED] - Delayed 2 second(s)

2024-05-21 16:41:16 - [TEST_STEP][PASSED] - click(findTestObject("ADM/1Configuracion/4Sistema/0Principal/a_8 Origenes")): Object: 'Object Repository/ADM/1Configuracion/4Sistema/0Principal/a_8 Origenes' is clicked on

2024-05-21 16:41:16 - [MESSAGE][PASSED] - Object: 'Object Repository/ADM/1Configuracion/4Sistema/0Principal/a_8 Origenes' is clicked on

2024-05-21 16:41:16 - [TEST_STEP][PASSED] - delay(2): Delayed 2 second(s)

2024-05-21 16:41:18 - [MESSAGE][PASSED] - Delayed 2 second(s)

2024-05-21 16:41:18 - [TEST_STEP][PASSED] - setText(findTestObject("ADM/1Configuracion/4Sistema/8Origenes/Edicion/input_Codigo"), "gdf"): Text 'gdf' is set on object 'Object Repository/ADM/1Configuracion/4Sistema/8Origenes/Edicion/input_Codigo'

2024-05-21 16:41:19 - [MESSAGE][PASSED] - Text 'gdf' is set on object 'Object Repository/ADM/1Configuracion/4Sistema/8Origenes/Edicion/input_Codigo'

2024-05-21 16:41:19 - [TEST_STEP][PASSED] - setText(findTestObject("ADM/1Configuracion/4Sistema/8Origenes/Edicion/input_Nombre Origen"), CampoPrueba): Text 'rhfh123$%&.' is set on object 'Object Repository/ADM/1Configuracion/4Sistema/8Origenes/Edicion/input_Nombre Origen'

2024-05-21 16:41:20 - [MESSAGE][PASSED] - Text 'rhfh123$%&.' is set on object 'Object Repository/ADM/1Configuracion/4Sistema/8Origenes/Edicion/input_Nombre Origen'

2024-05-21 16:41:20 - [TEST_STEP][PASSED] - delay(2): Delayed 2 second(s)

2024-05-21 16:41:22 - [MESSAGE][PASSED] - Delayed 2 second(s)

2024-05-21 16:41:22 - [TEST_STEP][PASSED] - takeFullPageScreenshot(): Taking screenshot successfully

2024-05-21 16:41:22 - [MESSAGE][INFO] - 0 hidden object(s)

2024-05-21 16:41:22 - [MESSAGE][PASSED] - Taking screenshot successfully
[[ATTACHMENT|C:\\CIEL INGENIERIA\\Katalon\\AgendamientoADM\\Reports\\20240521_152353\\1 Configuracion\\4 Sistema\\8 Origenes\\20240521_152428\\1716327682368.png]]

2024-05-21 16:41:22 - [TEST_STEP][PASSED] - Start listener action : sampleAfterTestCase: null]]></system-out>
         <system-err><![CDATA[]]></system-err>
      </testcase>
      <testcase name="Test Cases/Configuracion/4 Sistema/8 Origenes/R185" time="32.109" classname="Test Cases/Configuracion/4 Sistema/8 Origenes/R185" status="PASSED">
         <system-out><![CDATA[2024-05-21 16:41:22 - [TEST_CASE][PASSED] - Test Cases/Configuracion/4 Sistema/8 Origenes/R185: Test Cases/Configuracion/4 Sistema/8 Origenes/R185

2024-05-21 16:41:23 - [TEST_STEP][PASSED] - callTestCase(findTestCase("0InicioSesion"), [:], STOP_ON_FAILURE): Call Test Case 'Test Cases/0InicioSesion' successfully

2024-05-21 16:41:23 - [TEST_CASE][PASSED] - Test Cases/0InicioSesion: Test Cases/0InicioSesion

2024-05-21 16:41:23 - [TEST_STEP][PASSED] - openBrowser(Url): Browser is opened with url: 'https://pcpruebas101.ciel.cielingenieria.com:8815/'

2024-05-21 16:41:23 - [MESSAGE][WARNING] - A browser is already opened. Closing browser and opening a new one

2024-05-21 16:41:23 - [MESSAGE][INFO] - Starting 'Chrome' driver

2024-05-21 16:41:23 - [MESSAGE][INFO] - Action delay is set to 0 milliseconds

2024-05-21 16:41:26 - [MESSAGE][PASSED] - Browser is opened with url: 'https://pcpruebas101.ciel.cielingenieria.com:8815/'

2024-05-21 16:41:26 - [TEST_STEP][PASSED] - maximizeWindow(): Current window maximized

2024-05-21 16:41:26 - [MESSAGE][PASSED] - Current window maximized

2024-05-21 16:41:26 - [TEST_STEP][PASSED] - delay(2): Delayed 2 second(s)

2024-05-21 16:41:28 - [MESSAGE][PASSED] - Delayed 2 second(s)

2024-05-21 16:41:28 - [TEST_STEP][PASSED] - setText(findTestObject("ADM/0Inicio Sesion/input_Usuario"), Usuario): Text 'Ciel' is set on object 'Object Repository/ADM/0Inicio Sesion/input_Usuario'

2024-05-21 16:41:29 - [MESSAGE][PASSED] - Text 'Ciel' is set on object 'Object Repository/ADM/0Inicio Sesion/input_Usuario'

2024-05-21 16:41:29 - [TEST_STEP][PASSED] - delay(2): Delayed 2 second(s)

2024-05-21 16:41:31 - [MESSAGE][PASSED] - Delayed 2 second(s)

2024-05-21 16:41:31 - [TEST_STEP][PASSED] - setText(findTestObject("ADM/0Inicio Sesion/input_Clave"), Clave): Text 'Digiturno5.' is set on object 'Object Repository/ADM/0Inicio Sesion/input_Clave'

2024-05-21 16:41:32 - [MESSAGE][PASSED] - Text 'Digiturno5.' is set on object 'Object Repository/ADM/0Inicio Sesion/input_Clave'

2024-05-21 16:41:32 - [TEST_STEP][PASSED] - delay(2): Delayed 2 second(s)

2024-05-21 16:41:34 - [MESSAGE][PASSED] - Delayed 2 second(s)

2024-05-21 16:41:34 - [TEST_STEP][PASSED] - click(findTestObject("ADM/0Inicio Sesion/btn_IniciarSesion")): Object: 'Object Repository/ADM/0Inicio Sesion/btn_IniciarSesion' is clicked on

2024-05-21 16:41:34 - [MESSAGE][PASSED] - Object: 'Object Repository/ADM/0Inicio Sesion/btn_IniciarSesion' is clicked on

2024-05-21 16:41:34 - [TEST_STEP][PASSED] - delay(3): Delayed 3 second(s)

2024-05-21 16:41:37 - [MESSAGE][PASSED] - Delayed 3 second(s)

2024-05-21 16:41:37 - [MESSAGE][PASSED] - Call Test Case 'Test Cases/0InicioSesion' successfully

2024-05-21 16:41:37 - [TEST_STEP][PASSED] - comment("Boton Limpiar"): Boton Limpiar

2024-05-21 16:41:37 - [MESSAGE][INFO] - Boton Limpiar

2024-05-21 16:41:37 - [TEST_STEP][PASSED] - click(findTestObject("ADM/0Principal/a_Configuracion")): Object: 'Object Repository/ADM/0Principal/a_Configuracion' is clicked on

2024-05-21 16:41:38 - [MESSAGE][PASSED] - Object: 'Object Repository/ADM/0Principal/a_Configuracion' is clicked on

2024-05-21 16:41:38 - [TEST_STEP][PASSED] - delay(2): Delayed 2 second(s)

2024-05-21 16:41:40 - [MESSAGE][PASSED] - Delayed 2 second(s)

2024-05-21 16:41:40 - [TEST_STEP][PASSED] - click(findTestObject("ADM/1Configuracion/0Principal/a_4 Sistema")): Object: 'Object Repository/ADM/1Configuracion/0Principal/a_4 Sistema' is clicked on

2024-05-21 16:41:41 - [MESSAGE][PASSED] - Object: 'Object Repository/ADM/1Configuracion/0Principal/a_4 Sistema' is clicked on

2024-05-21 16:41:41 - [TEST_STEP][PASSED] - delay(2): Delayed 2 second(s)

2024-05-21 16:41:43 - [MESSAGE][PASSED] - Delayed 2 second(s)

2024-05-21 16:41:43 - [TEST_STEP][PASSED] - click(findTestObject("ADM/1Configuracion/4Sistema/0Principal/a_8 Origenes")): Object: 'Object Repository/ADM/1Configuracion/4Sistema/0Principal/a_8 Origenes' is clicked on

2024-05-21 16:41:43 - [MESSAGE][PASSED] - Object: 'Object Repository/ADM/1Configuracion/4Sistema/0Principal/a_8 Origenes' is clicked on

2024-05-21 16:41:43 - [TEST_STEP][PASSED] - delay(2): Delayed 2 second(s)

2024-05-21 16:41:45 - [MESSAGE][PASSED] - Delayed 2 second(s)

2024-05-21 16:41:45 - [TEST_STEP][PASSED] - setText(findTestObject("ADM/1Configuracion/4Sistema/8Origenes/Edicion/input_Codigo"), "gdf"): Text 'gdf' is set on object 'Object Repository/ADM/1Configuracion/4Sistema/8Origenes/Edicion/input_Codigo'

2024-05-21 16:41:46 - [MESSAGE][PASSED] - Text 'gdf' is set on object 'Object Repository/ADM/1Configuracion/4Sistema/8Origenes/Edicion/input_Codigo'

2024-05-21 16:41:46 - [TEST_STEP][PASSED] - setText(findTestObject("ADM/1Configuracion/4Sistema/8Origenes/Edicion/input_Nombre Origen"), CampoPrueba): Text 'rhfh123$%&.' is set on object 'Object Repository/ADM/1Configuracion/4Sistema/8Origenes/Edicion/input_Nombre Origen'

2024-05-21 16:41:47 - [MESSAGE][PASSED] - Text 'rhfh123$%&.' is set on object 'Object Repository/ADM/1Configuracion/4Sistema/8Origenes/Edicion/input_Nombre Origen'

2024-05-21 16:41:47 - [TEST_STEP][PASSED] - delay(2): Delayed 2 second(s)

2024-05-21 16:41:49 - [MESSAGE][PASSED] - Delayed 2 second(s)

2024-05-21 16:41:49 - [TEST_STEP][PASSED] - takeFullPageScreenshot(): Taking screenshot successfully

2024-05-21 16:41:49 - [MESSAGE][INFO] - 0 hidden object(s)

2024-05-21 16:41:50 - [MESSAGE][PASSED] - Taking screenshot successfully
[[ATTACHMENT|C:\\CIEL INGENIERIA\\Katalon\\AgendamientoADM\\Reports\\20240521_152353\\1 Configuracion\\4 Sistema\\8 Origenes\\20240521_152428\\1716327709479.png]]

2024-05-21 16:41:50 - [TEST_STEP][PASSED] - delay(2): Delayed 2 second(s)

2024-05-21 16:41:52 - [MESSAGE][PASSED] - Delayed 2 second(s)

2024-05-21 16:41:52 - [TEST_STEP][PASSED] - click(findTestObject("ADM/1Configuracion/4Sistema/8Origenes/Edicion/btn_Limpiar")): Object: 'Object Repository/ADM/1Configuracion/4Sistema/8Origenes/Edicion/btn_Limpiar' is clicked on

2024-05-21 16:41:52 - [MESSAGE][PASSED] - Object: 'Object Repository/ADM/1Configuracion/4Sistema/8Origenes/Edicion/btn_Limpiar' is clicked on

2024-05-21 16:41:52 - [TEST_STEP][PASSED] - delay(2): Delayed 2 second(s)

2024-05-21 16:41:54 - [MESSAGE][PASSED] - Delayed 2 second(s)

2024-05-21 16:41:54 - [TEST_STEP][PASSED] - takeFullPageScreenshot(): Taking screenshot successfully

2024-05-21 16:41:54 - [MESSAGE][INFO] - 0 hidden object(s)

2024-05-21 16:41:54 - [MESSAGE][PASSED] - Taking screenshot successfully
[[ATTACHMENT|C:\\CIEL INGENIERIA\\Katalon\\AgendamientoADM\\Reports\\20240521_152353\\1 Configuracion\\4 Sistema\\8 Origenes\\20240521_152428\\1716327714481.png]]

2024-05-21 16:41:54 - [TEST_STEP][PASSED] - Start listener action : sampleAfterTestCase: null]]></system-out>
         <system-err><![CDATA[]]></system-err>
      </testcase>
      <testcase name="Test Cases/Configuracion/4 Sistema/8 Origenes/R186" time="33.793" classname="Test Cases/Configuracion/4 Sistema/8 Origenes/R186" status="PASSED">
         <system-out><![CDATA[2024-05-21 16:41:54 - [TEST_CASE][PASSED] - Test Cases/Configuracion/4 Sistema/8 Origenes/R186: Test Cases/Configuracion/4 Sistema/8 Origenes/R186

2024-05-21 16:41:55 - [TEST_STEP][PASSED] - callTestCase(findTestCase("0InicioSesion"), [:], STOP_ON_FAILURE): Call Test Case 'Test Cases/0InicioSesion' successfully

2024-05-21 16:41:55 - [TEST_CASE][PASSED] - Test Cases/0InicioSesion: Test Cases/0InicioSesion

2024-05-21 16:41:55 - [TEST_STEP][PASSED] - openBrowser(Url): Browser is opened with url: 'https://pcpruebas101.ciel.cielingenieria.com:8815/'

2024-05-21 16:41:55 - [MESSAGE][WARNING] - A browser is already opened. Closing browser and opening a new one

2024-05-21 16:41:56 - [MESSAGE][INFO] - Starting 'Chrome' driver

2024-05-21 16:41:56 - [MESSAGE][INFO] - Action delay is set to 0 milliseconds

2024-05-21 16:41:58 - [MESSAGE][PASSED] - Browser is opened with url: 'https://pcpruebas101.ciel.cielingenieria.com:8815/'

2024-05-21 16:41:58 - [TEST_STEP][PASSED] - maximizeWindow(): Current window maximized

2024-05-21 16:41:58 - [MESSAGE][PASSED] - Current window maximized

2024-05-21 16:41:58 - [TEST_STEP][PASSED] - delay(2): Delayed 2 second(s)

2024-05-21 16:42:00 - [MESSAGE][PASSED] - Delayed 2 second(s)

2024-05-21 16:42:00 - [TEST_STEP][PASSED] - setText(findTestObject("ADM/0Inicio Sesion/input_Usuario"), Usuario): Text 'Ciel' is set on object 'Object Repository/ADM/0Inicio Sesion/input_Usuario'

2024-05-21 16:42:01 - [MESSAGE][PASSED] - Text 'Ciel' is set on object 'Object Repository/ADM/0Inicio Sesion/input_Usuario'

2024-05-21 16:42:01 - [TEST_STEP][PASSED] - delay(2): Delayed 2 second(s)

2024-05-21 16:42:03 - [MESSAGE][PASSED] - Delayed 2 second(s)

2024-05-21 16:42:03 - [TEST_STEP][PASSED] - setText(findTestObject("ADM/0Inicio Sesion/input_Clave"), Clave): Text 'Digiturno5.' is set on object 'Object Repository/ADM/0Inicio Sesion/input_Clave'

2024-05-21 16:42:04 - [MESSAGE][PASSED] - Text 'Digiturno5.' is set on object 'Object Repository/ADM/0Inicio Sesion/input_Clave'

2024-05-21 16:42:04 - [TEST_STEP][PASSED] - delay(2): Delayed 2 second(s)

2024-05-21 16:42:06 - [MESSAGE][PASSED] - Delayed 2 second(s)

2024-05-21 16:42:06 - [TEST_STEP][PASSED] - click(findTestObject("ADM/0Inicio Sesion/btn_IniciarSesion")): Object: 'Object Repository/ADM/0Inicio Sesion/btn_IniciarSesion' is clicked on

2024-05-21 16:42:07 - [MESSAGE][PASSED] - Object: 'Object Repository/ADM/0Inicio Sesion/btn_IniciarSesion' is clicked on

2024-05-21 16:42:07 - [TEST_STEP][PASSED] - delay(3): Delayed 3 second(s)

2024-05-21 16:42:10 - [MESSAGE][PASSED] - Delayed 3 second(s)

2024-05-21 16:42:10 - [MESSAGE][PASSED] - Call Test Case 'Test Cases/0InicioSesion' successfully

2024-05-21 16:42:10 - [TEST_STEP][PASSED] - comment("Boton Guardar"): Boton Guardar

2024-05-21 16:42:10 - [MESSAGE][INFO] - Boton Guardar

2024-05-21 16:42:10 - [TEST_STEP][PASSED] - click(findTestObject("ADM/0Principal/a_Configuracion")): Object: 'Object Repository/ADM/0Principal/a_Configuracion' is clicked on

2024-05-21 16:42:10 - [MESSAGE][PASSED] - Object: 'Object Repository/ADM/0Principal/a_Configuracion' is clicked on

2024-05-21 16:42:10 - [TEST_STEP][PASSED] - delay(2): Delayed 2 second(s)

2024-05-21 16:42:12 - [MESSAGE][PASSED] - Delayed 2 second(s)

2024-05-21 16:42:12 - [TEST_STEP][PASSED] - click(findTestObject("ADM/1Configuracion/0Principal/a_4 Sistema")): Object: 'Object Repository/ADM/1Configuracion/0Principal/a_4 Sistema' is clicked on

2024-05-21 16:42:13 - [MESSAGE][PASSED] - Object: 'Object Repository/ADM/1Configuracion/0Principal/a_4 Sistema' is clicked on

2024-05-21 16:42:13 - [TEST_STEP][PASSED] - delay(2): Delayed 2 second(s)

2024-05-21 16:42:15 - [MESSAGE][PASSED] - Delayed 2 second(s)

2024-05-21 16:42:15 - [TEST_STEP][PASSED] - click(findTestObject("ADM/1Configuracion/4Sistema/0Principal/a_8 Origenes")): Object: 'Object Repository/ADM/1Configuracion/4Sistema/0Principal/a_8 Origenes' is clicked on

2024-05-21 16:42:15 - [MESSAGE][PASSED] - Object: 'Object Repository/ADM/1Configuracion/4Sistema/0Principal/a_8 Origenes' is clicked on

2024-05-21 16:42:15 - [TEST_STEP][PASSED] - delay(2): Delayed 2 second(s)

2024-05-21 16:42:17 - [MESSAGE][PASSED] - Delayed 2 second(s)

2024-05-21 16:42:17 - [TEST_STEP][PASSED] - setText(findTestObject("ADM/1Configuracion/4Sistema/8Origenes/Edicion/input_Nombre Origen"), "Prueba"): Text 'Prueba' is set on object 'Object Repository/ADM/1Configuracion/4Sistema/8Origenes/Edicion/input_Nombre Origen'

2024-05-21 16:42:18 - [MESSAGE][PASSED] - Text 'Prueba' is set on object 'Object Repository/ADM/1Configuracion/4Sistema/8Origenes/Edicion/input_Nombre Origen'

2024-05-21 16:42:18 - [TEST_STEP][PASSED] - setText(findTestObject("ADM/1Configuracion/4Sistema/8Origenes/Edicion/textarea_Descripcion"), "Prueba"): Text 'Prueba' is set on object 'Object Repository/ADM/1Configuracion/4Sistema/8Origenes/Edicion/textarea_Descripcion'

2024-05-21 16:42:19 - [MESSAGE][PASSED] - Text 'Prueba' is set on object 'Object Repository/ADM/1Configuracion/4Sistema/8Origenes/Edicion/textarea_Descripcion'

2024-05-21 16:42:19 - [TEST_STEP][PASSED] - setText(findTestObject("ADM/1Configuracion/4Sistema/8Origenes/Edicion/input_Codigo"), "4"): Text '4' is set on object 'Object Repository/ADM/1Configuracion/4Sistema/8Origenes/Edicion/input_Codigo'

2024-05-21 16:42:20 - [MESSAGE][PASSED] - Text '4' is set on object 'Object Repository/ADM/1Configuracion/4Sistema/8Origenes/Edicion/input_Codigo'

2024-05-21 16:42:20 - [TEST_STEP][PASSED] - selectOptionByIndex(findTestObject("ADM/1Configuracion/4Sistema/8Origenes/Edicion/select_Tipo Origen"), 2): All options with index in [2] are selected on object 'Object Repository/ADM/1Configuracion/4Sistema/8Origenes/Edicion/select_Tipo Origen'

2024-05-21 16:42:21 - [MESSAGE][PASSED] - All options with index in [2] are selected on object 'Object Repository/ADM/1Configuracion/4Sistema/8Origenes/Edicion/select_Tipo Origen'

2024-05-21 16:42:21 - [TEST_STEP][PASSED] - delay(2): Delayed 2 second(s)

2024-05-21 16:42:23 - [MESSAGE][PASSED] - Delayed 2 second(s)

2024-05-21 16:42:23 - [TEST_STEP][PASSED] - takeFullPageScreenshot(): Taking screenshot successfully

2024-05-21 16:42:23 - [MESSAGE][INFO] - 0 hidden object(s)

2024-05-21 16:42:23 - [MESSAGE][PASSED] - Taking screenshot successfully
[[ATTACHMENT|C:\\CIEL INGENIERIA\\Katalon\\AgendamientoADM\\Reports\\20240521_152353\\1 Configuracion\\4 Sistema\\8 Origenes\\20240521_152428\\1716327743373.png]]

2024-05-21 16:42:23 - [TEST_STEP][PASSED] - delay(2): Delayed 2 second(s)

2024-05-21 16:42:25 - [MESSAGE][PASSED] - Delayed 2 second(s)

2024-05-21 16:42:25 - [TEST_STEP][PASSED] - click(findTestObject("ADM/1Configuracion/4Sistema/8Origenes/Edicion/btn_Guardar")): Object: 'Object Repository/ADM/1Configuracion/4Sistema/8Origenes/Edicion/btn_Guardar' is clicked on

2024-05-21 16:42:26 - [MESSAGE][PASSED] - Object: 'Object Repository/ADM/1Configuracion/4Sistema/8Origenes/Edicion/btn_Guardar' is clicked on

2024-05-21 16:42:26 - [TEST_STEP][PASSED] - delay(2): Delayed 2 second(s)

2024-05-21 16:42:28 - [MESSAGE][PASSED] - Delayed 2 second(s)

2024-05-21 16:42:28 - [TEST_STEP][PASSED] - takeFullPageScreenshot(): Taking screenshot successfully

2024-05-21 16:42:28 - [MESSAGE][INFO] - 0 hidden object(s)

2024-05-21 16:42:28 - [MESSAGE][PASSED] - Taking screenshot successfully
[[ATTACHMENT|C:\\CIEL INGENIERIA\\Katalon\\AgendamientoADM\\Reports\\20240521_152353\\1 Configuracion\\4 Sistema\\8 Origenes\\20240521_152428\\1716327748274.png]]

2024-05-21 16:42:28 - [TEST_STEP][PASSED] - Start listener action : sampleAfterTestCase: null]]></system-out>
         <system-err><![CDATA[]]></system-err>
      </testcase>
      <testcase name="Test Cases/Configuracion/4 Sistema/8 Origenes/R188" time="56.712" classname="Test Cases/Configuracion/4 Sistema/8 Origenes/R188" status="FAILED">
         <failure type="FAILED" message="Test Cases/Configuracion/4 Sistema/8 Origenes/R188 FAILED.
Reason:
com.kms.katalon.core.exception.StepFailedException: Unable to click on object 'Object Repository/ADM/1Configuracion/4Sistema/8Origenes/Lista de Origenes/a_4 Prueba_Borrar'
	at com.kms.katalon.core.webui.keyword.internal.WebUIKeywordMain.stepFailed(WebUIKeywordMain.groovy:64)
	at com.kms.katalon.core.webui.keyword.internal.WebUIKeywordMain.runKeyword(WebUIKeywordMain.groovy:26)
	at com.kms.katalon.core.webui.keyword.builtin.ClickKeyword.click(ClickKeyword.groovy:74)
	at com.kms.katalon.core.webui.keyword.builtin.ClickKeyword.execute(ClickKeyword.groovy:40)
	at com.kms.katalon.core.keyword.internal.KeywordExecutor.executeKeywordForPlatform(KeywordExecutor.groovy:74)
	at com.kms.katalon.core.webui.keyword.WebUiBuiltInKeywords.click(WebUiBuiltInKeywords.groovy:620)
	at com.kms.katalon.core.webui.keyword.WebUiBuiltInKeywords$click$2.call(Unknown Source)
	at R188.run(R188:40)
	at com.kms.katalon.core.main.ScriptEngine.run(ScriptEngine.java:194)
	at com.kms.katalon.core.main.ScriptEngine.runScriptAsRawText(ScriptEngine.java:119)
	at com.kms.katalon.core.main.TestCaseExecutor.runScript(TestCaseExecutor.java:448)
	at com.kms.katalon.core.main.TestCaseExecutor.doExecute(TestCaseExecutor.java:439)
	at com.kms.katalon.core.main.TestCaseExecutor.processExecutionPhase(TestCaseExecutor.java:418)
	at com.kms.katalon.core.main.TestCaseExecutor.accessMainPhase(TestCaseExecutor.java:410)
	at com.kms.katalon.core.main.TestCaseExecutor.execute(TestCaseExecutor.java:285)
	at com.kms.katalon.core.common.CommonExecutor.accessTestCaseMainPhase(CommonExecutor.java:65)
	at com.kms.katalon.core.main.TestSuiteExecutor.accessTestSuiteMainPhase(TestSuiteExecutor.java:148)
	at com.kms.katalon.core.main.TestSuiteExecutor.execute(TestSuiteExecutor.java:106)
	at com.kms.katalon.core.main.TestCaseMain.startTestSuite(TestCaseMain.java:187)
	at com.kms.katalon.core.main.TestCaseMain$startTestSuite$0.call(Unknown Source)
	at TempTestSuite1716323068435.run(TempTestSuite1716323068435.groovy:35)
Caused by: com.kms.katalon.core.webui.exception.WebElementNotFoundException: Web element with id: 'Object Repository/ADM/1Configuracion/4Sistema/8Origenes/Lista de Origenes/a_4 Prueba_Borrar' located by '//a[@id='ctl00_ContentPlaceHolder2_grvOrigenes_ctl05_btnBorrar']' not found
	at com.kms.katalon.core.webui.common.WebUiCommonHelper.findWebElement(WebUiCommonHelper.java:1381)
	at com.kms.katalon.core.webui.keyword.internal.WebUIAbstractKeyword.findWebElement(WebUIAbstractKeyword.groovy:27)
	at com.kms.katalon.core.webui.keyword.builtin.ClickKeyword$_click_closure1.doCall(ClickKeyword.groovy:65)
	at com.kms.katalon.core.webui.keyword.builtin.ClickKeyword$_click_closure1.call(ClickKeyword.groovy)
	at com.kms.katalon.core.webui.keyword.internal.WebUIKeywordMain.runKeyword(WebUIKeywordMain.groovy:20)
	... 19 more
"/>
         <system-out><![CDATA[2024-05-21 16:42:28 - [TEST_CASE][FAILED] - Test Cases/Configuracion/4 Sistema/8 Origenes/R188: Test Cases/Configuracion/4 Sistema/8 Origenes/R188 FAILED.
Reason:
com.kms.katalon.core.exception.StepFailedException: Unable to click on object 'Object Repository/ADM/1Configuracion/4Sistema/8Origenes/Lista de Origenes/a_4 Prueba_Borrar'
	at com.kms.katalon.core.webui.keyword.internal.WebUIKeywordMain.stepFailed(WebUIKeywordMain.groovy:64)
	at com.kms.katalon.core.webui.keyword.internal.WebUIKeywordMain.runKeyword(WebUIKeywordMain.groovy:26)
	at com.kms.katalon.core.webui.keyword.builtin.ClickKeyword.click(ClickKeyword.groovy:74)
	at com.kms.katalon.core.webui.keyword.builtin.ClickKeyword.execute(ClickKeyword.groovy:40)
	at com.kms.katalon.core.keyword.internal.KeywordExecutor.executeKeywordForPlatform(KeywordExecutor.groovy:74)
	at com.kms.katalon.core.webui.keyword.WebUiBuiltInKeywords.click(WebUiBuiltInKeywords.groovy:620)
	at com.kms.katalon.core.webui.keyword.WebUiBuiltInKeywords$click$2.call(Unknown Source)
	at R188.run(R188:40)
	at com.kms.katalon.core.main.ScriptEngine.run(ScriptEngine.java:194)
	at com.kms.katalon.core.main.ScriptEngine.runScriptAsRawText(ScriptEngine.java:119)
	at com.kms.katalon.core.main.TestCaseExecutor.runScript(TestCaseExecutor.java:448)
	at com.kms.katalon.core.main.TestCaseExecutor.doExecute(TestCaseExecutor.java:439)
	at com.kms.katalon.core.main.TestCaseExecutor.processExecutionPhase(TestCaseExecutor.java:418)
	at com.kms.katalon.core.main.TestCaseExecutor.accessMainPhase(TestCaseExecutor.java:410)
	at com.kms.katalon.core.main.TestCaseExecutor.execute(TestCaseExecutor.java:285)
	at com.kms.katalon.core.common.CommonExecutor.accessTestCaseMainPhase(CommonExecutor.java:65)
	at com.kms.katalon.core.main.TestSuiteExecutor.accessTestSuiteMainPhase(TestSuiteExecutor.java:148)
	at com.kms.katalon.core.main.TestSuiteExecutor.execute(TestSuiteExecutor.java:106)
	at com.kms.katalon.core.main.TestCaseMain.startTestSuite(TestCaseMain.java:187)
	at com.kms.katalon.core.main.TestCaseMain$startTestSuite$0.call(Unknown Source)
	at TempTestSuite1716323068435.run(TempTestSuite1716323068435.groovy:35)
Caused by: com.kms.katalon.core.webui.exception.WebElementNotFoundException: Web element with id: 'Object Repository/ADM/1Configuracion/4Sistema/8Origenes/Lista de Origenes/a_4 Prueba_Borrar' located by '//a[@id='ctl00_ContentPlaceHolder2_grvOrigenes_ctl05_btnBorrar']' not found
	at com.kms.katalon.core.webui.common.WebUiCommonHelper.findWebElement(WebUiCommonHelper.java:1381)
	at com.kms.katalon.core.webui.keyword.internal.WebUIAbstractKeyword.findWebElement(WebUIAbstractKeyword.groovy:27)
	at com.kms.katalon.core.webui.keyword.builtin.ClickKeyword$_click_closure1.doCall(ClickKeyword.groovy:65)
	at com.kms.katalon.core.webui.keyword.builtin.ClickKeyword$_click_closure1.call(ClickKeyword.groovy)
	at com.kms.katalon.core.webui.keyword.internal.WebUIKeywordMain.runKeyword(WebUIKeywordMain.groovy:20)
	... 19 more


2024-05-21 16:42:29 - [TEST_STEP][PASSED] - callTestCase(findTestCase("0InicioSesion"), [:], STOP_ON_FAILURE): Call Test Case 'Test Cases/0InicioSesion' successfully

2024-05-21 16:42:29 - [TEST_CASE][PASSED] - Test Cases/0InicioSesion: Test Cases/0InicioSesion

2024-05-21 16:42:29 - [TEST_STEP][PASSED] - openBrowser(Url): Browser is opened with url: 'https://pcpruebas101.ciel.cielingenieria.com:8815/'

2024-05-21 16:42:29 - [MESSAGE][WARNING] - A browser is already opened. Closing browser and opening a new one

2024-05-21 16:42:30 - [MESSAGE][INFO] - Starting 'Chrome' driver

2024-05-21 16:42:30 - [MESSAGE][INFO] - Action delay is set to 0 milliseconds

2024-05-21 16:42:32 - [MESSAGE][PASSED] - Browser is opened with url: 'https://pcpruebas101.ciel.cielingenieria.com:8815/'

2024-05-21 16:42:32 - [TEST_STEP][PASSED] - maximizeWindow(): Current window maximized

2024-05-21 16:42:32 - [MESSAGE][PASSED] - Current window maximized

2024-05-21 16:42:32 - [TEST_STEP][PASSED] - delay(2): Delayed 2 second(s)

2024-05-21 16:42:34 - [MESSAGE][PASSED] - Delayed 2 second(s)

2024-05-21 16:42:34 - [TEST_STEP][PASSED] - setText(findTestObject("ADM/0Inicio Sesion/input_Usuario"), Usuario): Text 'Ciel' is set on object 'Object Repository/ADM/0Inicio Sesion/input_Usuario'

2024-05-21 16:42:35 - [MESSAGE][PASSED] - Text 'Ciel' is set on object 'Object Repository/ADM/0Inicio Sesion/input_Usuario'

2024-05-21 16:42:35 - [TEST_STEP][PASSED] - delay(2): Delayed 2 second(s)

2024-05-21 16:42:37 - [MESSAGE][PASSED] - Delayed 2 second(s)

2024-05-21 16:42:37 - [TEST_STEP][PASSED] - setText(findTestObject("ADM/0Inicio Sesion/input_Clave"), Clave): Text 'Digiturno5.' is set on object 'Object Repository/ADM/0Inicio Sesion/input_Clave'

2024-05-21 16:42:38 - [MESSAGE][PASSED] - Text 'Digiturno5.' is set on object 'Object Repository/ADM/0Inicio Sesion/input_Clave'

2024-05-21 16:42:38 - [TEST_STEP][PASSED] - delay(2): Delayed 2 second(s)

2024-05-21 16:42:40 - [MESSAGE][PASSED] - Delayed 2 second(s)

2024-05-21 16:42:40 - [TEST_STEP][PASSED] - click(findTestObject("ADM/0Inicio Sesion/btn_IniciarSesion")): Object: 'Object Repository/ADM/0Inicio Sesion/btn_IniciarSesion' is clicked on

2024-05-21 16:42:40 - [MESSAGE][PASSED] - Object: 'Object Repository/ADM/0Inicio Sesion/btn_IniciarSesion' is clicked on

2024-05-21 16:42:40 - [TEST_STEP][PASSED] - delay(3): Delayed 3 second(s)

2024-05-21 16:42:43 - [MESSAGE][PASSED] - Delayed 3 second(s)

2024-05-21 16:42:43 - [MESSAGE][PASSED] - Call Test Case 'Test Cases/0InicioSesion' successfully

2024-05-21 16:42:43 - [TEST_STEP][PASSED] - comment("Boton Guardar"): Boton Guardar

2024-05-21 16:42:43 - [MESSAGE][INFO] - Boton Guardar

2024-05-21 16:42:43 - [TEST_STEP][PASSED] - click(findTestObject("ADM/0Principal/a_Configuracion")): Object: 'Object Repository/ADM/0Principal/a_Configuracion' is clicked on

2024-05-21 16:42:44 - [MESSAGE][PASSED] - Object: 'Object Repository/ADM/0Principal/a_Configuracion' is clicked on

2024-05-21 16:42:44 - [TEST_STEP][PASSED] - delay(2): Delayed 2 second(s)

2024-05-21 16:42:46 - [MESSAGE][PASSED] - Delayed 2 second(s)

2024-05-21 16:42:46 - [TEST_STEP][PASSED] - click(findTestObject("ADM/1Configuracion/0Principal/a_4 Sistema")): Object: 'Object Repository/ADM/1Configuracion/0Principal/a_4 Sistema' is clicked on

2024-05-21 16:42:46 - [MESSAGE][PASSED] - Object: 'Object Repository/ADM/1Configuracion/0Principal/a_4 Sistema' is clicked on

2024-05-21 16:42:46 - [TEST_STEP][PASSED] - delay(2): Delayed 2 second(s)

2024-05-21 16:42:48 - [MESSAGE][PASSED] - Delayed 2 second(s)

2024-05-21 16:42:48 - [TEST_STEP][PASSED] - click(findTestObject("ADM/1Configuracion/4Sistema/0Principal/a_8 Origenes")): Object: 'Object Repository/ADM/1Configuracion/4Sistema/0Principal/a_8 Origenes' is clicked on

2024-05-21 16:42:49 - [MESSAGE][PASSED] - Object: 'Object Repository/ADM/1Configuracion/4Sistema/0Principal/a_8 Origenes' is clicked on

2024-05-21 16:42:49 - [TEST_STEP][PASSED] - delay(2): Delayed 2 second(s)

2024-05-21 16:42:51 - [MESSAGE][PASSED] - Delayed 2 second(s)

2024-05-21 16:42:51 - [TEST_STEP][PASSED] - takeFullPageScreenshot(): Taking screenshot successfully

2024-05-21 16:42:51 - [MESSAGE][INFO] - 0 hidden object(s)

2024-05-21 16:42:52 - [MESSAGE][PASSED] - Taking screenshot successfully
[[ATTACHMENT|C:\\CIEL INGENIERIA\\Katalon\\AgendamientoADM\\Reports\\20240521_152353\\1 Configuracion\\4 Sistema\\8 Origenes\\20240521_152428\\1716327771529.png]]

2024-05-21 16:42:52 - [TEST_STEP][PASSED] - delay(2): Delayed 2 second(s)

2024-05-21 16:42:54 - [MESSAGE][PASSED] - Delayed 2 second(s)

2024-05-21 16:42:54 - [TEST_STEP][FAILED] - click(findTestObject("ADM/1Configuracion/4Sistema/8Origenes/Lista de Origenes/a_4 Prueba_Borrar")): Unable to click on object 'Object Repository/ADM/1Configuracion/4Sistema/8Origenes/Lista de Origenes/a_4 Prueba_Borrar' (Root cause: com.kms.katalon.core.exception.StepFailedException: Unable to click on object 'Object Repository/ADM/1Configuracion/4Sistema/8Origenes/Lista de Origenes/a_4 Prueba_Borrar'
	at com.kms.katalon.core.webui.keyword.internal.WebUIKeywordMain.stepFailed(WebUIKeywordMain.groovy:64)
	at com.kms.katalon.core.webui.keyword.internal.WebUIKeywordMain.runKeyword(WebUIKeywordMain.groovy:26)
	at com.kms.katalon.core.webui.keyword.builtin.ClickKeyword.click(ClickKeyword.groovy:74)
	at com.kms.katalon.core.webui.keyword.builtin.ClickKeyword.execute(ClickKeyword.groovy:40)
	at com.kms.katalon.core.keyword.internal.KeywordExecutor.executeKeywordForPlatform(KeywordExecutor.groovy:74)
	at com.kms.katalon.core.webui.keyword.WebUiBuiltInKeywords.click(WebUiBuiltInKeywords.groovy:620)
	at com.kms.katalon.core.webui.keyword.WebUiBuiltInKeywords$click$2.call(Unknown Source)
	at R188.run(R188:40)
	at com.kms.katalon.core.main.ScriptEngine.run(ScriptEngine.java:194)
	at com.kms.katalon.core.main.ScriptEngine.runScriptAsRawText(ScriptEngine.java:119)
	at com.kms.katalon.core.main.TestCaseExecutor.runScript(TestCaseExecutor.java:448)
	at com.kms.katalon.core.main.TestCaseExecutor.doExecute(TestCaseExecutor.java:439)
	at com.kms.katalon.core.main.TestCaseExecutor.processExecutionPhase(TestCaseExecutor.java:418)
	at com.kms.katalon.core.main.TestCaseExecutor.accessMainPhase(TestCaseExecutor.java:410)
	at com.kms.katalon.core.main.TestCaseExecutor.execute(TestCaseExecutor.java:285)
	at com.kms.katalon.core.common.CommonExecutor.accessTestCaseMainPhase(CommonExecutor.java:65)
	at com.kms.katalon.core.main.TestSuiteExecutor.accessTestSuiteMainPhase(TestSuiteExecutor.java:148)
	at com.kms.katalon.core.main.TestSuiteExecutor.execute(TestSuiteExecutor.java:106)
	at com.kms.katalon.core.main.TestCaseMain.startTestSuite(TestCaseMain.java:187)
	at com.kms.katalon.core.main.TestCaseMain$startTestSuite$0.call(Unknown Source)
	at TempTestSuite1716323068435.run(TempTestSuite1716323068435.groovy:35)
Caused by: com.kms.katalon.core.webui.exception.WebElementNotFoundException: Web element with id: 'Object Repository/ADM/1Configuracion/4Sistema/8Origenes/Lista de Origenes/a_4 Prueba_Borrar' located by '//a[@id='ctl00_ContentPlaceHolder2_grvOrigenes_ctl05_btnBorrar']' not found
	at com.kms.katalon.core.webui.common.WebUiCommonHelper.findWebElement(WebUiCommonHelper.java:1381)
	at com.kms.katalon.core.webui.keyword.internal.WebUIAbstractKeyword.findWebElement(WebUIAbstractKeyword.groovy:27)
	at com.kms.katalon.core.webui.keyword.builtin.ClickKeyword$_click_closure1.doCall(ClickKeyword.groovy:65)
	at com.kms.katalon.core.webui.keyword.builtin.ClickKeyword$_click_closure1.call(ClickKeyword.groovy)
	at com.kms.katalon.core.webui.keyword.internal.WebUIKeywordMain.runKeyword(WebUIKeywordMain.groovy:20)
	at com.kms.katalon.core.webui.keyword.builtin.ClickKeyword.click(ClickKeyword.groovy:74)
	at com.kms.katalon.core.webui.keyword.builtin.ClickKeyword.execute(ClickKeyword.groovy:40)
	at com.kms.katalon.core.keyword.internal.KeywordExecutor.executeKeywordForPlatform(KeywordExecutor.groovy:74)
	at com.kms.katalon.core.webui.keyword.WebUiBuiltInKeywords.click(WebUiBuiltInKeywords.groovy:620)
	at com.kms.katalon.core.webui.keyword.WebUiBuiltInKeywords$click$2.call(Unknown Source)
	at Script1704472982302.run(Script1704472982302.groovy:40)
	... 13 more
)

2024-05-21 16:43:25 - [MESSAGE][INFO] - Unable to find the element located by 'By.xpath: //a[@id='ctl00_ContentPlaceHolder2_grvOrigenes_ctl05_btnBorrar']'. Please recheck the objects properties to make sure the desired element is located. 

2024-05-21 16:43:25 - [MESSAGE][FAILED] - Unable to click on object 'Object Repository/ADM/1Configuracion/4Sistema/8Origenes/Lista de Origenes/a_4 Prueba_Borrar' (Root cause: com.kms.katalon.core.exception.StepFailedException: Unable to click on object 'Object Repository/ADM/1Configuracion/4Sistema/8Origenes/Lista de Origenes/a_4 Prueba_Borrar'
	at com.kms.katalon.core.webui.keyword.internal.WebUIKeywordMain.stepFailed(WebUIKeywordMain.groovy:64)
	at com.kms.katalon.core.webui.keyword.internal.WebUIKeywordMain.runKeyword(WebUIKeywordMain.groovy:26)
	at com.kms.katalon.core.webui.keyword.builtin.ClickKeyword.click(ClickKeyword.groovy:74)
	at com.kms.katalon.core.webui.keyword.builtin.ClickKeyword.execute(ClickKeyword.groovy:40)
	at com.kms.katalon.core.keyword.internal.KeywordExecutor.executeKeywordForPlatform(KeywordExecutor.groovy:74)
	at com.kms.katalon.core.webui.keyword.WebUiBuiltInKeywords.click(WebUiBuiltInKeywords.groovy:620)
	at com.kms.katalon.core.webui.keyword.WebUiBuiltInKeywords$click$2.call(Unknown Source)
	at R188.run(R188:40)
	at com.kms.katalon.core.main.ScriptEngine.run(ScriptEngine.java:194)
	at com.kms.katalon.core.main.ScriptEngine.runScriptAsRawText(ScriptEngine.java:119)
	at com.kms.katalon.core.main.TestCaseExecutor.runScript(TestCaseExecutor.java:448)
	at com.kms.katalon.core.main.TestCaseExecutor.doExecute(TestCaseExecutor.java:439)
	at com.kms.katalon.core.main.TestCaseExecutor.processExecutionPhase(TestCaseExecutor.java:418)
	at com.kms.katalon.core.main.TestCaseExecutor.accessMainPhase(TestCaseExecutor.java:410)
	at com.kms.katalon.core.main.TestCaseExecutor.execute(TestCaseExecutor.java:285)
	at com.kms.katalon.core.common.CommonExecutor.accessTestCaseMainPhase(CommonExecutor.java:65)
	at com.kms.katalon.core.main.TestSuiteExecutor.accessTestSuiteMainPhase(TestSuiteExecutor.java:148)
	at com.kms.katalon.core.main.TestSuiteExecutor.execute(TestSuiteExecutor.java:106)
	at com.kms.katalon.core.main.TestCaseMain.startTestSuite(TestCaseMain.java:187)
	at com.kms.katalon.core.main.TestCaseMain$startTestSuite$0.call(Unknown Source)
	at TempTestSuite1716323068435.run(TempTestSuite1716323068435.groovy:35)
Caused by: com.kms.katalon.core.webui.exception.WebElementNotFoundException: Web element with id: 'Object Repository/ADM/1Configuracion/4Sistema/8Origenes/Lista de Origenes/a_4 Prueba_Borrar' located by '//a[@id='ctl00_ContentPlaceHolder2_grvOrigenes_ctl05_btnBorrar']' not found
	at com.kms.katalon.core.webui.common.WebUiCommonHelper.findWebElement(WebUiCommonHelper.java:1381)
	at com.kms.katalon.core.webui.keyword.internal.WebUIAbstractKeyword.findWebElement(WebUIAbstractKeyword.groovy:27)
	at com.kms.katalon.core.webui.keyword.builtin.ClickKeyword$_click_closure1.doCall(ClickKeyword.groovy:65)
	at com.kms.katalon.core.webui.keyword.builtin.ClickKeyword$_click_closure1.call(ClickKeyword.groovy)
	at com.kms.katalon.core.webui.keyword.internal.WebUIKeywordMain.runKeyword(WebUIKeywordMain.groovy:20)
	at com.kms.katalon.core.webui.keyword.builtin.ClickKeyword.click(ClickKeyword.groovy:74)
	at com.kms.katalon.core.webui.keyword.builtin.ClickKeyword.execute(ClickKeyword.groovy:40)
	at com.kms.katalon.core.keyword.internal.KeywordExecutor.executeKeywordForPlatform(KeywordExecutor.groovy:74)
	at com.kms.katalon.core.webui.keyword.WebUiBuiltInKeywords.click(WebUiBuiltInKeywords.groovy:620)
	at com.kms.katalon.core.webui.keyword.WebUiBuiltInKeywords$click$2.call(Unknown Source)
	at Script1704472982302.run(Script1704472982302.groovy:40)
	... 13 more
)
[[ATTACHMENT|C:\\CIEL INGENIERIA\\Katalon\\AgendamientoADM\\Reports\\20240521_152353\\1 Configuracion\\4 Sistema\\8 Origenes\\20240521_152428\\1716327805373.png]]

2024-05-21 16:43:25 - [TEST_STEP][PASSED] - Start listener action : sampleAfterTestCase: null]]></system-out>
         <system-err><![CDATA[2024-05-21 16:42:28 - [TEST_CASE][FAILED] - Test Cases/Configuracion/4 Sistema/8 Origenes/R188: Test Cases/Configuracion/4 Sistema/8 Origenes/R188 FAILED.
Reason:
com.kms.katalon.core.exception.StepFailedException: Unable to click on object 'Object Repository/ADM/1Configuracion/4Sistema/8Origenes/Lista de Origenes/a_4 Prueba_Borrar'
	at com.kms.katalon.core.webui.keyword.internal.WebUIKeywordMain.stepFailed(WebUIKeywordMain.groovy:64)
	at com.kms.katalon.core.webui.keyword.internal.WebUIKeywordMain.runKeyword(WebUIKeywordMain.groovy:26)
	at com.kms.katalon.core.webui.keyword.builtin.ClickKeyword.click(ClickKeyword.groovy:74)
	at com.kms.katalon.core.webui.keyword.builtin.ClickKeyword.execute(ClickKeyword.groovy:40)
	at com.kms.katalon.core.keyword.internal.KeywordExecutor.executeKeywordForPlatform(KeywordExecutor.groovy:74)
	at com.kms.katalon.core.webui.keyword.WebUiBuiltInKeywords.click(WebUiBuiltInKeywords.groovy:620)
	at com.kms.katalon.core.webui.keyword.WebUiBuiltInKeywords$click$2.call(Unknown Source)
	at R188.run(R188:40)
	at com.kms.katalon.core.main.ScriptEngine.run(ScriptEngine.java:194)
	at com.kms.katalon.core.main.ScriptEngine.runScriptAsRawText(ScriptEngine.java:119)
	at com.kms.katalon.core.main.TestCaseExecutor.runScript(TestCaseExecutor.java:448)
	at com.kms.katalon.core.main.TestCaseExecutor.doExecute(TestCaseExecutor.java:439)
	at com.kms.katalon.core.main.TestCaseExecutor.processExecutionPhase(TestCaseExecutor.java:418)
	at com.kms.katalon.core.main.TestCaseExecutor.accessMainPhase(TestCaseExecutor.java:410)
	at com.kms.katalon.core.main.TestCaseExecutor.execute(TestCaseExecutor.java:285)
	at com.kms.katalon.core.common.CommonExecutor.accessTestCaseMainPhase(CommonExecutor.java:65)
	at com.kms.katalon.core.main.TestSuiteExecutor.accessTestSuiteMainPhase(TestSuiteExecutor.java:148)
	at com.kms.katalon.core.main.TestSuiteExecutor.execute(TestSuiteExecutor.java:106)
	at com.kms.katalon.core.main.TestCaseMain.startTestSuite(TestCaseMain.java:187)
	at com.kms.katalon.core.main.TestCaseMain$startTestSuite$0.call(Unknown Source)
	at TempTestSuite1716323068435.run(TempTestSuite1716323068435.groovy:35)
Caused by: com.kms.katalon.core.webui.exception.WebElementNotFoundException: Web element with id: 'Object Repository/ADM/1Configuracion/4Sistema/8Origenes/Lista de Origenes/a_4 Prueba_Borrar' located by '//a[@id='ctl00_ContentPlaceHolder2_grvOrigenes_ctl05_btnBorrar']' not found
	at com.kms.katalon.core.webui.common.WebUiCommonHelper.findWebElement(WebUiCommonHelper.java:1381)
	at com.kms.katalon.core.webui.keyword.internal.WebUIAbstractKeyword.findWebElement(WebUIAbstractKeyword.groovy:27)
	at com.kms.katalon.core.webui.keyword.builtin.ClickKeyword$_click_closure1.doCall(ClickKeyword.groovy:65)
	at com.kms.katalon.core.webui.keyword.builtin.ClickKeyword$_click_closure1.call(ClickKeyword.groovy)
	at com.kms.katalon.core.webui.keyword.internal.WebUIKeywordMain.runKeyword(WebUIKeywordMain.groovy:20)
	... 19 more]]></system-err>
      </testcase>
      <system-out><![CDATA[2024-05-21 16:40:28 - [TEST_SUITE][FAILED] - 8 Origenes: Test Cases/Configuracion/4 Sistema/8 Origenes/R188 FAILED.
Reason:
com.kms.katalon.core.exception.StepFailedException: Unable to click on object 'Object Repository/ADM/1Configuracion/4Sistema/8Origenes/Lista de Origenes/a_4 Prueba_Borrar'
	at com.kms.katalon.core.webui.keyword.internal.WebUIKeywordMain.stepFailed(WebUIKeywordMain.groovy:64)
	at com.kms.katalon.core.webui.keyword.internal.WebUIKeywordMain.runKeyword(WebUIKeywordMain.groovy:26)
	at com.kms.katalon.core.webui.keyword.builtin.ClickKeyword.click(ClickKeyword.groovy:74)
	at com.kms.katalon.core.webui.keyword.builtin.ClickKeyword.execute(ClickKeyword.groovy:40)
	at com.kms.katalon.core.keyword.internal.KeywordExecutor.executeKeywordForPlatform(KeywordExecutor.groovy:74)
	at com.kms.katalon.core.webui.keyword.WebUiBuiltInKeywords.click(WebUiBuiltInKeywords.groovy:620)
	at com.kms.katalon.core.webui.keyword.WebUiBuiltInKeywords$click$2.call(Unknown Source)
	at R188.run(R188:40)
	at com.kms.katalon.core.main.ScriptEngine.run(ScriptEngine.java:194)
	at com.kms.katalon.core.main.ScriptEngine.runScriptAsRawText(ScriptEngine.java:119)
	at com.kms.katalon.core.main.TestCaseExecutor.runScript(TestCaseExecutor.java:448)
	at com.kms.katalon.core.main.TestCaseExecutor.doExecute(TestCaseExecutor.java:439)
	at com.kms.katalon.core.main.TestCaseExecutor.processExecutionPhase(TestCaseExecutor.java:418)
	at com.kms.katalon.core.main.TestCaseExecutor.accessMainPhase(TestCaseExecutor.java:410)
	at com.kms.katalon.core.main.TestCaseExecutor.execute(TestCaseExecutor.java:285)
	at com.kms.katalon.core.common.CommonExecutor.accessTestCaseMainPhase(CommonExecutor.java:65)
	at com.kms.katalon.core.main.TestSuiteExecutor.accessTestSuiteMainPhase(TestSuiteExecutor.java:148)
	at com.kms.katalon.core.main.TestSuiteExecutor.execute(TestSuiteExecutor.java:106)
	at com.kms.katalon.core.main.TestCaseMain.startTestSuite(TestCaseMain.java:187)
	at com.kms.katalon.core.main.TestCaseMain$startTestSuite$0.call(Unknown Source)
	at TempTestSuite1716323068435.run(TempTestSuite1716323068435.groovy:35)
Caused by: com.kms.katalon.core.webui.exception.WebElementNotFoundException: Web element with id: 'Object Repository/ADM/1Configuracion/4Sistema/8Origenes/Lista de Origenes/a_4 Prueba_Borrar' located by '//a[@id='ctl00_ContentPlaceHolder2_grvOrigenes_ctl05_btnBorrar']' not found
	at com.kms.katalon.core.webui.common.WebUiCommonHelper.findWebElement(WebUiCommonHelper.java:1381)
	at com.kms.katalon.core.webui.keyword.internal.WebUIAbstractKeyword.findWebElement(WebUIAbstractKeyword.groovy:27)
	at com.kms.katalon.core.webui.keyword.builtin.ClickKeyword$_click_closure1.doCall(ClickKeyword.groovy:65)
	at com.kms.katalon.core.webui.keyword.builtin.ClickKeyword$_click_closure1.call(ClickKeyword.groovy)
	at com.kms.katalon.core.webui.keyword.internal.WebUIKeywordMain.runKeyword(WebUIKeywordMain.groovy:20)
	... 19 more]]></system-out>
      <system-err><![CDATA[2024-05-21 16:40:28 - [TEST_SUITE][FAILED] - 8 Origenes: Test Cases/Configuracion/4 Sistema/8 Origenes/R188 FAILED.
Reason:
com.kms.katalon.core.exception.StepFailedException: Unable to click on object 'Object Repository/ADM/1Configuracion/4Sistema/8Origenes/Lista de Origenes/a_4 Prueba_Borrar'
	at com.kms.katalon.core.webui.keyword.internal.WebUIKeywordMain.stepFailed(WebUIKeywordMain.groovy:64)
	at com.kms.katalon.core.webui.keyword.internal.WebUIKeywordMain.runKeyword(WebUIKeywordMain.groovy:26)
	at com.kms.katalon.core.webui.keyword.builtin.ClickKeyword.click(ClickKeyword.groovy:74)
	at com.kms.katalon.core.webui.keyword.builtin.ClickKeyword.execute(ClickKeyword.groovy:40)
	at com.kms.katalon.core.keyword.internal.KeywordExecutor.executeKeywordForPlatform(KeywordExecutor.groovy:74)
	at com.kms.katalon.core.webui.keyword.WebUiBuiltInKeywords.click(WebUiBuiltInKeywords.groovy:620)
	at com.kms.katalon.core.webui.keyword.WebUiBuiltInKeywords$click$2.call(Unknown Source)
	at R188.run(R188:40)
	at com.kms.katalon.core.main.ScriptEngine.run(ScriptEngine.java:194)
	at com.kms.katalon.core.main.ScriptEngine.runScriptAsRawText(ScriptEngine.java:119)
	at com.kms.katalon.core.main.TestCaseExecutor.runScript(TestCaseExecutor.java:448)
	at com.kms.katalon.core.main.TestCaseExecutor.doExecute(TestCaseExecutor.java:439)
	at com.kms.katalon.core.main.TestCaseExecutor.processExecutionPhase(TestCaseExecutor.java:418)
	at com.kms.katalon.core.main.TestCaseExecutor.accessMainPhase(TestCaseExecutor.java:410)
	at com.kms.katalon.core.main.TestCaseExecutor.execute(TestCaseExecutor.java:285)
	at com.kms.katalon.core.common.CommonExecutor.accessTestCaseMainPhase(CommonExecutor.java:65)
	at com.kms.katalon.core.main.TestSuiteExecutor.accessTestSuiteMainPhase(TestSuiteExecutor.java:148)
	at com.kms.katalon.core.main.TestSuiteExecutor.execute(TestSuiteExecutor.java:106)
	at com.kms.katalon.core.main.TestCaseMain.startTestSuite(TestCaseMain.java:187)
	at com.kms.katalon.core.main.TestCaseMain$startTestSuite$0.call(Unknown Source)
	at TempTestSuite1716323068435.run(TempTestSuite1716323068435.groovy:35)
Caused by: com.kms.katalon.core.webui.exception.WebElementNotFoundException: Web element with id: 'Object Repository/ADM/1Configuracion/4Sistema/8Origenes/Lista de Origenes/a_4 Prueba_Borrar' located by '//a[@id='ctl00_ContentPlaceHolder2_grvOrigenes_ctl05_btnBorrar']' not found
	at com.kms.katalon.core.webui.common.WebUiCommonHelper.findWebElement(WebUiCommonHelper.java:1381)
	at com.kms.katalon.core.webui.keyword.internal.WebUIAbstractKeyword.findWebElement(WebUIAbstractKeyword.groovy:27)
	at com.kms.katalon.core.webui.keyword.builtin.ClickKeyword$_click_closure1.doCall(ClickKeyword.groovy:65)
	at com.kms.katalon.core.webui.keyword.builtin.ClickKeyword$_click_closure1.call(ClickKeyword.groovy)
	at com.kms.katalon.core.webui.keyword.internal.WebUIKeywordMain.runKeyword(WebUIKeywordMain.groovy:20)
	... 19 more]]></system-err>
   </testsuite>
</testsuites>
