<?xml version="1.0" encoding="UTF-8"?>
<testsuites name="3 Funcionarios" time="318.119" tests="7" failures="4" errors="0">
   <testsuite name="3 Funcionarios" tests="7" failures="4" errors="0" time="318.119" skipped="0" timestamp="2024-05-21 16:11:23" hostname="jdavila - PCPruebas101.ciel.cielingenieria.com" id="Test Suites/1 Configuracion/3 Seguridad/3 Funcionarios">
      <properties>
         <property name="deviceName" value=""/>
         <property name="devicePlatform" value=""/>
         <property name="logFolder" value="C:\\CIEL INGENIERIA\\Katalon\\AgendamientoADM\\Reports\\20240521_152353\\1 Configuracion\\3 Seguridad\\3 Funcionarios\\20240521_152412"/>
         <property name="logFiles" value="C:\\CIEL INGENIERIA\\Katalon\\AgendamientoADM\\Reports\\20240521_152353\\1 Configuracion\\3 Seguridad\\3 Funcionarios\\20240521_152412\\execution0.log"/>
         <property name="attachments" value="C:\\CIEL INGENIERIA\\Katalon\\AgendamientoADM\\Reports\\20240521_152353\\1 Configuracion\\3 Seguridad\\3 Funcionarios\\20240521_152412\\1716325910120.png, C:\\CIEL INGENIERIA\\Katalon\\AgendamientoADM\\Reports\\20240521_152353\\1 Configuracion\\3 Seguridad\\3 Funcionarios\\20240521_152412\\1716325943616.png, C:\\CIEL INGENIERIA\\Katalon\\AgendamientoADM\\Reports\\20240521_152353\\1 Configuracion\\3 Seguridad\\3 Funcionarios\\20240521_152412\\1716326000482.png, C:\\CIEL INGENIERIA\\Katalon\\AgendamientoADM\\Reports\\20240521_152353\\1 Configuracion\\3 Seguridad\\3 Funcionarios\\20240521_152412\\1716326025747.png, C:\\CIEL INGENIERIA\\Katalon\\AgendamientoADM\\Reports\\20240521_152353\\1 Configuracion\\3 Seguridad\\3 Funcionarios\\20240521_152412\\1716326030674.png, C:\\CIEL INGENIERIA\\Katalon\\AgendamientoADM\\Reports\\20240521_152353\\1 Configuracion\\3 Seguridad\\3 Funcionarios\\20240521_152412\\1716326087828.png, C:\\CIEL INGENIERIA\\Katalon\\AgendamientoADM\\Reports\\20240521_152353\\1 Configuracion\\3 Seguridad\\3 Funcionarios\\20240521_152412\\1716326144736.png, C:\\CIEL INGENIERIA\\Katalon\\AgendamientoADM\\Reports\\20240521_152353\\1 Configuracion\\3 Seguridad\\3 Funcionarios\\20240521_152412\\1716326201243.png"/>
         <property name="hostName" value="jdavila - PCPruebas101.ciel.cielingenieria.com"/>
         <property name="os" value="Windows 10 64bit"/>
         <property name="katalonVersion" value="8.6.9.208"/>
         <property name="browser" value="Chrome 124.0.0.0"/>
         <property name="hostAddress" value="192.168.91.13"/>
         <property name="sessionId" value="9b5e444bfcc7086fbc10edf8fe284ca6"/>
         <property name="seleniumVersion" value="3.141.59"/>
         <property name="proxyInformation" value="ProxyInformation { proxyOption=NO_PROXY, proxyServerType=HTTP, username=, password=********, proxyServerAddress=, proxyServerPort=0, executionList=&quot;&quot;, isApplyToDesiredCapabilities=true }"/>
         <property name="platform" value="Windows 10"/>
      </properties>
      <testcase name="Test Cases/Configuracion/3 Seguridad/3 Funcionarios/R120" time="27.237" classname="Test Cases/Configuracion/3 Seguridad/3 Funcionarios/R120" status="PASSED">
         <system-out><![CDATA[2024-05-21 16:11:23 - [TEST_CASE][PASSED] - Test Cases/Configuracion/3 Seguridad/3 Funcionarios/R120: Test Cases/Configuracion/3 Seguridad/3 Funcionarios/R120

2024-05-21 16:11:23 - [TEST_STEP][PASSED] - callTestCase(findTestCase("0InicioSesion"), [:], STOP_ON_FAILURE): Call Test Case 'Test Cases/0InicioSesion' successfully

2024-05-21 16:11:23 - [TEST_CASE][PASSED] - Test Cases/0InicioSesion: Test Cases/0InicioSesion

2024-05-21 16:11:24 - [TEST_STEP][PASSED] - openBrowser(Url): Browser is opened with url: 'https://pcpruebas101.ciel.cielingenieria.com:8815/'

2024-05-21 16:11:24 - [MESSAGE][INFO] - Starting 'Chrome' driver

2024-05-21 16:11:24 - [MESSAGE][INFO] - Action delay is set to 0 milliseconds

2024-05-21 16:11:27 - [MESSAGE][PASSED] - Browser is opened with url: 'https://pcpruebas101.ciel.cielingenieria.com:8815/'

2024-05-21 16:11:27 - [TEST_STEP][PASSED] - maximizeWindow(): Current window maximized

2024-05-21 16:11:27 - [MESSAGE][PASSED] - Current window maximized

2024-05-21 16:11:27 - [TEST_STEP][PASSED] - delay(2): Delayed 2 second(s)

2024-05-21 16:11:30 - [MESSAGE][PASSED] - Delayed 2 second(s)

2024-05-21 16:11:30 - [TEST_STEP][PASSED] - setText(findTestObject("ADM/0Inicio Sesion/input_Usuario"), Usuario): Text 'Ciel' is set on object 'Object Repository/ADM/0Inicio Sesion/input_Usuario'

2024-05-21 16:11:31 - [MESSAGE][PASSED] - Text 'Ciel' is set on object 'Object Repository/ADM/0Inicio Sesion/input_Usuario'

2024-05-21 16:11:31 - [TEST_STEP][PASSED] - delay(2): Delayed 2 second(s)

2024-05-21 16:11:33 - [MESSAGE][PASSED] - Delayed 2 second(s)

2024-05-21 16:11:33 - [TEST_STEP][PASSED] - setText(findTestObject("ADM/0Inicio Sesion/input_Clave"), Clave): Text 'Digiturno5.' is set on object 'Object Repository/ADM/0Inicio Sesion/input_Clave'

2024-05-21 16:11:34 - [MESSAGE][PASSED] - Text 'Digiturno5.' is set on object 'Object Repository/ADM/0Inicio Sesion/input_Clave'

2024-05-21 16:11:34 - [TEST_STEP][PASSED] - delay(2): Delayed 2 second(s)

2024-05-21 16:11:36 - [MESSAGE][PASSED] - Delayed 2 second(s)

2024-05-21 16:11:36 - [TEST_STEP][PASSED] - click(findTestObject("ADM/0Inicio Sesion/btn_IniciarSesion")): Object: 'Object Repository/ADM/0Inicio Sesion/btn_IniciarSesion' is clicked on

2024-05-21 16:11:36 - [MESSAGE][PASSED] - Object: 'Object Repository/ADM/0Inicio Sesion/btn_IniciarSesion' is clicked on

2024-05-21 16:11:36 - [TEST_STEP][PASSED] - delay(3): Delayed 3 second(s)

2024-05-21 16:11:39 - [MESSAGE][PASSED] - Delayed 3 second(s)

2024-05-21 16:11:39 - [MESSAGE][PASSED] - Call Test Case 'Test Cases/0InicioSesion' successfully

2024-05-21 16:11:39 - [TEST_STEP][PASSED] - comment("Boton Funcionarios"): Boton Funcionarios

2024-05-21 16:11:39 - [MESSAGE][INFO] - Boton Funcionarios

2024-05-21 16:11:39 - [TEST_STEP][PASSED] - click(findTestObject("ADM/0Principal/a_Configuracion")): Object: 'Object Repository/ADM/0Principal/a_Configuracion' is clicked on

2024-05-21 16:11:40 - [MESSAGE][PASSED] - Object: 'Object Repository/ADM/0Principal/a_Configuracion' is clicked on

2024-05-21 16:11:40 - [TEST_STEP][PASSED] - delay(2): Delayed 2 second(s)

2024-05-21 16:11:42 - [MESSAGE][PASSED] - Delayed 2 second(s)

2024-05-21 16:11:42 - [TEST_STEP][PASSED] - click(findTestObject("ADM/1Configuracion/0Principal/a_3 Seguridad")): Object: 'Object Repository/ADM/1Configuracion/0Principal/a_3 Seguridad' is clicked on

2024-05-21 16:11:42 - [MESSAGE][PASSED] - Object: 'Object Repository/ADM/1Configuracion/0Principal/a_3 Seguridad' is clicked on

2024-05-21 16:11:42 - [TEST_STEP][PASSED] - delay(2): Delayed 2 second(s)

2024-05-21 16:11:44 - [MESSAGE][PASSED] - Delayed 2 second(s)

2024-05-21 16:11:44 - [TEST_STEP][PASSED] - click(findTestObject("ADM/1Configuracion/3Seguridad/0Principal/a_3 Funcionarios"), STOP_ON_FAILURE): Object: 'Object Repository/ADM/1Configuracion/3Seguridad/0Principal/a_3 Funcionarios' is clicked on

2024-05-21 16:11:45 - [MESSAGE][PASSED] - Object: 'Object Repository/ADM/1Configuracion/3Seguridad/0Principal/a_3 Funcionarios' is clicked on

2024-05-21 16:11:45 - [TEST_STEP][PASSED] - delay(2): Delayed 2 second(s)

2024-05-21 16:11:47 - [MESSAGE][PASSED] - Delayed 2 second(s)

2024-05-21 16:11:47 - [TEST_STEP][PASSED] - verifyElementPresent(findTestObject("ADM/1Configuracion/3Seguridad/3Funcionarios/0 Listado/btn_Nuevo Funcionario"), 2): Object 'Object Repository/ADM/1Configuracion/3Seguridad/3Funcionarios/0 Listado/btn_Nuevo Funcionario' is present

2024-05-21 16:11:47 - [MESSAGE][PASSED] - Object 'Object Repository/ADM/1Configuracion/3Seguridad/3Funcionarios/0 Listado/btn_Nuevo Funcionario' is present

2024-05-21 16:11:47 - [TEST_STEP][PASSED] - verifyElementPresent(findTestObject("ADM/1Configuracion/3Seguridad/3Funcionarios/0 Listado/a_C"), 2): Object 'Object Repository/ADM/1Configuracion/3Seguridad/3Funcionarios/0 Listado/a_C' is present

2024-05-21 16:11:48 - [MESSAGE][PASSED] - Object 'Object Repository/ADM/1Configuracion/3Seguridad/3Funcionarios/0 Listado/a_C' is present

2024-05-21 16:11:48 - [TEST_STEP][PASSED] - delay(2): Delayed 2 second(s)

2024-05-21 16:11:50 - [MESSAGE][PASSED] - Delayed 2 second(s)

2024-05-21 16:11:50 - [TEST_STEP][PASSED] - takeFullPageScreenshot(): Taking screenshot successfully

2024-05-21 16:11:50 - [MESSAGE][INFO] - 0 hidden object(s)

2024-05-21 16:11:50 - [MESSAGE][PASSED] - Taking screenshot successfully
[[ATTACHMENT|C:\\CIEL INGENIERIA\\Katalon\\AgendamientoADM\\Reports\\20240521_152353\\1 Configuracion\\3 Seguridad\\3 Funcionarios\\20240521_152412\\1716325910120.png]]

2024-05-21 16:11:50 - [TEST_STEP][PASSED] - Start listener action : sampleAfterTestCase: null]]></system-out>
         <system-err><![CDATA[]]></system-err>
      </testcase>
      <testcase name="Test Cases/Configuracion/3 Seguridad/3 Funcionarios/R121" time="33.339" classname="Test Cases/Configuracion/3 Seguridad/3 Funcionarios/R121" status="PASSED">
         <system-out><![CDATA[2024-05-21 16:11:50 - [TEST_CASE][PASSED] - Test Cases/Configuracion/3 Seguridad/3 Funcionarios/R121: Test Cases/Configuracion/3 Seguridad/3 Funcionarios/R121

2024-05-21 16:11:51 - [TEST_STEP][PASSED] - callTestCase(findTestCase("0InicioSesion"), [:], STOP_ON_FAILURE): Call Test Case 'Test Cases/0InicioSesion' successfully

2024-05-21 16:11:51 - [TEST_CASE][PASSED] - Test Cases/0InicioSesion: Test Cases/0InicioSesion

2024-05-21 16:11:51 - [TEST_STEP][PASSED] - openBrowser(Url): Browser is opened with url: 'https://pcpruebas101.ciel.cielingenieria.com:8815/'

2024-05-21 16:11:51 - [MESSAGE][WARNING] - A browser is already opened. Closing browser and opening a new one

2024-05-21 16:11:51 - [MESSAGE][INFO] - Starting 'Chrome' driver

2024-05-21 16:11:51 - [MESSAGE][INFO] - Action delay is set to 0 milliseconds

2024-05-21 16:11:54 - [MESSAGE][PASSED] - Browser is opened with url: 'https://pcpruebas101.ciel.cielingenieria.com:8815/'

2024-05-21 16:11:54 - [TEST_STEP][PASSED] - maximizeWindow(): Current window maximized

2024-05-21 16:11:54 - [MESSAGE][PASSED] - Current window maximized

2024-05-21 16:11:54 - [TEST_STEP][PASSED] - delay(2): Delayed 2 second(s)

2024-05-21 16:11:56 - [MESSAGE][PASSED] - Delayed 2 second(s)

2024-05-21 16:11:56 - [TEST_STEP][PASSED] - setText(findTestObject("ADM/0Inicio Sesion/input_Usuario"), Usuario): Text 'Ciel' is set on object 'Object Repository/ADM/0Inicio Sesion/input_Usuario'

2024-05-21 16:11:57 - [MESSAGE][PASSED] - Text 'Ciel' is set on object 'Object Repository/ADM/0Inicio Sesion/input_Usuario'

2024-05-21 16:11:57 - [TEST_STEP][PASSED] - delay(2): Delayed 2 second(s)

2024-05-21 16:11:59 - [MESSAGE][PASSED] - Delayed 2 second(s)

2024-05-21 16:11:59 - [TEST_STEP][PASSED] - setText(findTestObject("ADM/0Inicio Sesion/input_Clave"), Clave): Text 'Digiturno5.' is set on object 'Object Repository/ADM/0Inicio Sesion/input_Clave'

2024-05-21 16:12:00 - [MESSAGE][PASSED] - Text 'Digiturno5.' is set on object 'Object Repository/ADM/0Inicio Sesion/input_Clave'

2024-05-21 16:12:00 - [TEST_STEP][PASSED] - delay(2): Delayed 2 second(s)

2024-05-21 16:12:02 - [MESSAGE][PASSED] - Delayed 2 second(s)

2024-05-21 16:12:02 - [TEST_STEP][PASSED] - click(findTestObject("ADM/0Inicio Sesion/btn_IniciarSesion")): Object: 'Object Repository/ADM/0Inicio Sesion/btn_IniciarSesion' is clicked on

2024-05-21 16:12:02 - [MESSAGE][PASSED] - Object: 'Object Repository/ADM/0Inicio Sesion/btn_IniciarSesion' is clicked on

2024-05-21 16:12:02 - [TEST_STEP][PASSED] - delay(3): Delayed 3 second(s)

2024-05-21 16:12:05 - [MESSAGE][PASSED] - Delayed 3 second(s)

2024-05-21 16:12:05 - [MESSAGE][PASSED] - Call Test Case 'Test Cases/0InicioSesion' successfully

2024-05-21 16:12:05 - [TEST_STEP][PASSED] - comment("Crear Funcionario"): Crear Funcionario

2024-05-21 16:12:05 - [MESSAGE][INFO] - Crear Funcionario

2024-05-21 16:12:05 - [TEST_STEP][PASSED] - click(findTestObject("ADM/0Principal/a_Configuracion")): Object: 'Object Repository/ADM/0Principal/a_Configuracion' is clicked on

2024-05-21 16:12:06 - [MESSAGE][PASSED] - Object: 'Object Repository/ADM/0Principal/a_Configuracion' is clicked on

2024-05-21 16:12:06 - [TEST_STEP][PASSED] - delay(2): Delayed 2 second(s)

2024-05-21 16:12:08 - [MESSAGE][PASSED] - Delayed 2 second(s)

2024-05-21 16:12:08 - [TEST_STEP][PASSED] - click(findTestObject("ADM/1Configuracion/0Principal/a_3 Seguridad")): Object: 'Object Repository/ADM/1Configuracion/0Principal/a_3 Seguridad' is clicked on

2024-05-21 16:12:09 - [MESSAGE][PASSED] - Object: 'Object Repository/ADM/1Configuracion/0Principal/a_3 Seguridad' is clicked on

2024-05-21 16:12:09 - [TEST_STEP][PASSED] - delay(2): Delayed 2 second(s)

2024-05-21 16:12:11 - [MESSAGE][PASSED] - Delayed 2 second(s)

2024-05-21 16:12:11 - [TEST_STEP][PASSED] - click(findTestObject("ADM/1Configuracion/3Seguridad/0Principal/a_3 Funcionarios"), STOP_ON_FAILURE): Object: 'Object Repository/ADM/1Configuracion/3Seguridad/0Principal/a_3 Funcionarios' is clicked on

2024-05-21 16:12:11 - [MESSAGE][PASSED] - Object: 'Object Repository/ADM/1Configuracion/3Seguridad/0Principal/a_3 Funcionarios' is clicked on

2024-05-21 16:12:11 - [TEST_STEP][PASSED] - delay(2): Delayed 2 second(s)

2024-05-21 16:12:13 - [MESSAGE][PASSED] - Delayed 2 second(s)

2024-05-21 16:12:13 - [TEST_STEP][PASSED] - click(findTestObject("ADM/1Configuracion/3Seguridad/3Funcionarios/0 Listado/btn_Nuevo Funcionario"), STOP_ON_FAILURE): Object: 'Object Repository/ADM/1Configuracion/3Seguridad/3Funcionarios/0 Listado/btn_Nuevo Funcionario' is clicked on

2024-05-21 16:12:14 - [MESSAGE][PASSED] - Object: 'Object Repository/ADM/1Configuracion/3Seguridad/3Funcionarios/0 Listado/btn_Nuevo Funcionario' is clicked on

2024-05-21 16:12:14 - [TEST_STEP][PASSED] - delay(2): Delayed 2 second(s)

2024-05-21 16:12:16 - [MESSAGE][PASSED] - Delayed 2 second(s)

2024-05-21 16:12:16 - [TEST_STEP][PASSED] - setText(findTestObject("ADM/1Configuracion/3Seguridad/3Funcionarios/Funcionario/Edicion Funcionario/input_Nombre Funcionario"), "Prueba3"): Text 'Prueba3' is set on object 'Object Repository/ADM/1Configuracion/3Seguridad/3Funcionarios/Funcionario/Edicion Funcionario/input_Nombre Funcionario'

2024-05-21 16:12:16 - [MESSAGE][PASSED] - Text 'Prueba3' is set on object 'Object Repository/ADM/1Configuracion/3Seguridad/3Funcionarios/Funcionario/Edicion Funcionario/input_Nombre Funcionario'

2024-05-21 16:12:16 - [TEST_STEP][PASSED] - setText(findTestObject("ADM/1Configuracion/3Seguridad/3Funcionarios/Funcionario/Edicion Funcionario/input_Nombre A Mostrar"), "Prueba3"): Text 'Prueba3' is set on object 'Object Repository/ADM/1Configuracion/3Seguridad/3Funcionarios/Funcionario/Edicion Funcionario/input_Nombre A Mostrar'

2024-05-21 16:12:17 - [MESSAGE][PASSED] - Text 'Prueba3' is set on object 'Object Repository/ADM/1Configuracion/3Seguridad/3Funcionarios/Funcionario/Edicion Funcionario/input_Nombre A Mostrar'

2024-05-21 16:12:17 - [TEST_STEP][PASSED] - setText(findTestObject("ADM/1Configuracion/3Seguridad/3Funcionarios/Funcionario/Edicion Funcionario/input_Correo"), "prueba@gmail.com"): Text 'prueba@gmail.com' is set on object 'Object Repository/ADM/1Configuracion/3Seguridad/3Funcionarios/Funcionario/Edicion Funcionario/input_Correo'

2024-05-21 16:12:18 - [MESSAGE][PASSED] - Text 'prueba@gmail.com' is set on object 'Object Repository/ADM/1Configuracion/3Seguridad/3Funcionarios/Funcionario/Edicion Funcionario/input_Correo'

2024-05-21 16:12:18 - [TEST_STEP][PASSED] - setText(findTestObject("ADM/1Configuracion/3Seguridad/3Funcionarios/Funcionario/Edicion Funcionario/input_Celular"), "3194159302"): Text '3194159302' is set on object 'Object Repository/ADM/1Configuracion/3Seguridad/3Funcionarios/Funcionario/Edicion Funcionario/input_Celular'

2024-05-21 16:12:19 - [MESSAGE][PASSED] - Text '3194159302' is set on object 'Object Repository/ADM/1Configuracion/3Seguridad/3Funcionarios/Funcionario/Edicion Funcionario/input_Celular'

2024-05-21 16:12:19 - [TEST_STEP][PASSED] - setText(findTestObject("ADM/1Configuracion/3Seguridad/3Funcionarios/Funcionario/Edicion Funcionario/input_Clave"), "Digiturno5."): Text 'Digiturno5.' is set on object 'Object Repository/ADM/1Configuracion/3Seguridad/3Funcionarios/Funcionario/Edicion Funcionario/input_Clave'

2024-05-21 16:12:20 - [MESSAGE][PASSED] - Text 'Digiturno5.' is set on object 'Object Repository/ADM/1Configuracion/3Seguridad/3Funcionarios/Funcionario/Edicion Funcionario/input_Clave'

2024-05-21 16:12:20 - [TEST_STEP][PASSED] - setText(findTestObject("ADM/1Configuracion/3Seguridad/3Funcionarios/Funcionario/Edicion Funcionario/input_Confirmar Clave"), "Digiturno5."): Text 'Digiturno5.' is set on object 'Object Repository/ADM/1Configuracion/3Seguridad/3Funcionarios/Funcionario/Edicion Funcionario/input_Confirmar Clave'

2024-05-21 16:12:21 - [MESSAGE][PASSED] - Text 'Digiturno5.' is set on object 'Object Repository/ADM/1Configuracion/3Seguridad/3Funcionarios/Funcionario/Edicion Funcionario/input_Confirmar Clave'

2024-05-21 16:12:21 - [TEST_STEP][PASSED] - delay(2): Delayed 2 second(s)

2024-05-21 16:12:23 - [MESSAGE][PASSED] - Delayed 2 second(s)

2024-05-21 16:12:23 - [TEST_STEP][PASSED] - click(findTestObject("ADM/1Configuracion/3Seguridad/3Funcionarios/Funcionario/Edicion Funcionario/btn_Guardar")): Object: 'Object Repository/ADM/1Configuracion/3Seguridad/3Funcionarios/Funcionario/Edicion Funcionario/btn_Guardar' is clicked on

2024-05-21 16:12:23 - [MESSAGE][PASSED] - Object: 'Object Repository/ADM/1Configuracion/3Seguridad/3Funcionarios/Funcionario/Edicion Funcionario/btn_Guardar' is clicked on

2024-05-21 16:12:23 - [TEST_STEP][PASSED] - takeFullPageScreenshot(): Taking screenshot successfully

2024-05-21 16:12:24 - [MESSAGE][INFO] - 0 hidden object(s)

2024-05-21 16:12:24 - [MESSAGE][PASSED] - Taking screenshot successfully
[[ATTACHMENT|C:\\CIEL INGENIERIA\\Katalon\\AgendamientoADM\\Reports\\20240521_152353\\1 Configuracion\\3 Seguridad\\3 Funcionarios\\20240521_152412\\1716325943616.png]]

2024-05-21 16:12:24 - [TEST_STEP][PASSED] - Start listener action : sampleAfterTestCase: null]]></system-out>
         <system-err><![CDATA[]]></system-err>
      </testcase>
      <testcase name="Test Cases/Configuracion/3 Seguridad/3 Funcionarios/R122" time="56.483" classname="Test Cases/Configuracion/3 Seguridad/3 Funcionarios/R122" status="FAILED">
         <failure type="FAILED" message="Test Cases/Configuracion/3 Seguridad/3 Funcionarios/R122 FAILED.
Reason:
com.kms.katalon.core.exception.StepFailedException: Unable to click on object 'Object Repository/ADM/1Configuracion/3Seguridad/3Funcionarios/0 Listado/td_Prueba3'
	at com.kms.katalon.core.webui.keyword.internal.WebUIKeywordMain.stepFailed(WebUIKeywordMain.groovy:64)
	at com.kms.katalon.core.webui.keyword.internal.WebUIKeywordMain.runKeyword(WebUIKeywordMain.groovy:26)
	at com.kms.katalon.core.webui.keyword.builtin.ClickKeyword.click(ClickKeyword.groovy:74)
	at com.kms.katalon.core.webui.keyword.builtin.ClickKeyword.execute(ClickKeyword.groovy:40)
	at com.kms.katalon.core.keyword.internal.KeywordExecutor.executeKeywordForPlatform(KeywordExecutor.groovy:74)
	at com.kms.katalon.core.webui.keyword.WebUiBuiltInKeywords.click(WebUiBuiltInKeywords.groovy:608)
	at com.kms.katalon.core.webui.keyword.WebUiBuiltInKeywords$click$3.call(Unknown Source)
	at R122.run(R122:40)
	at com.kms.katalon.core.main.ScriptEngine.run(ScriptEngine.java:194)
	at com.kms.katalon.core.main.ScriptEngine.runScriptAsRawText(ScriptEngine.java:119)
	at com.kms.katalon.core.main.TestCaseExecutor.runScript(TestCaseExecutor.java:448)
	at com.kms.katalon.core.main.TestCaseExecutor.doExecute(TestCaseExecutor.java:439)
	at com.kms.katalon.core.main.TestCaseExecutor.processExecutionPhase(TestCaseExecutor.java:418)
	at com.kms.katalon.core.main.TestCaseExecutor.accessMainPhase(TestCaseExecutor.java:410)
	at com.kms.katalon.core.main.TestCaseExecutor.execute(TestCaseExecutor.java:285)
	at com.kms.katalon.core.common.CommonExecutor.accessTestCaseMainPhase(CommonExecutor.java:65)
	at com.kms.katalon.core.main.TestSuiteExecutor.accessTestSuiteMainPhase(TestSuiteExecutor.java:148)
	at com.kms.katalon.core.main.TestSuiteExecutor.execute(TestSuiteExecutor.java:106)
	at com.kms.katalon.core.main.TestCaseMain.startTestSuite(TestCaseMain.java:187)
	at com.kms.katalon.core.main.TestCaseMain$startTestSuite$0.call(Unknown Source)
	at TempTestSuite1716323052028.run(TempTestSuite1716323052028.groovy:35)
Caused by: com.kms.katalon.core.webui.exception.WebElementNotFoundException: Web element with id: 'Object Repository/ADM/1Configuracion/3Seguridad/3Funcionarios/0 Listado/td_Prueba3' located by '//table[@id='ctl00_ContentPlaceHolder2_gvFuncionarios']/tbody/tr[3]/td' not found
	at com.kms.katalon.core.webui.common.WebUiCommonHelper.findWebElement(WebUiCommonHelper.java:1381)
	at com.kms.katalon.core.webui.keyword.internal.WebUIAbstractKeyword.findWebElement(WebUIAbstractKeyword.groovy:27)
	at com.kms.katalon.core.webui.keyword.builtin.ClickKeyword$_click_closure1.doCall(ClickKeyword.groovy:65)
	at com.kms.katalon.core.webui.keyword.builtin.ClickKeyword$_click_closure1.call(ClickKeyword.groovy)
	at com.kms.katalon.core.webui.keyword.internal.WebUIKeywordMain.runKeyword(WebUIKeywordMain.groovy:20)
	... 19 more
"/>
         <system-out><![CDATA[2024-05-21 16:12:24 - [TEST_CASE][FAILED] - Test Cases/Configuracion/3 Seguridad/3 Funcionarios/R122: Test Cases/Configuracion/3 Seguridad/3 Funcionarios/R122 FAILED.
Reason:
com.kms.katalon.core.exception.StepFailedException: Unable to click on object 'Object Repository/ADM/1Configuracion/3Seguridad/3Funcionarios/0 Listado/td_Prueba3'
	at com.kms.katalon.core.webui.keyword.internal.WebUIKeywordMain.stepFailed(WebUIKeywordMain.groovy:64)
	at com.kms.katalon.core.webui.keyword.internal.WebUIKeywordMain.runKeyword(WebUIKeywordMain.groovy:26)
	at com.kms.katalon.core.webui.keyword.builtin.ClickKeyword.click(ClickKeyword.groovy:74)
	at com.kms.katalon.core.webui.keyword.builtin.ClickKeyword.execute(ClickKeyword.groovy:40)
	at com.kms.katalon.core.keyword.internal.KeywordExecutor.executeKeywordForPlatform(KeywordExecutor.groovy:74)
	at com.kms.katalon.core.webui.keyword.WebUiBuiltInKeywords.click(WebUiBuiltInKeywords.groovy:608)
	at com.kms.katalon.core.webui.keyword.WebUiBuiltInKeywords$click$3.call(Unknown Source)
	at R122.run(R122:40)
	at com.kms.katalon.core.main.ScriptEngine.run(ScriptEngine.java:194)
	at com.kms.katalon.core.main.ScriptEngine.runScriptAsRawText(ScriptEngine.java:119)
	at com.kms.katalon.core.main.TestCaseExecutor.runScript(TestCaseExecutor.java:448)
	at com.kms.katalon.core.main.TestCaseExecutor.doExecute(TestCaseExecutor.java:439)
	at com.kms.katalon.core.main.TestCaseExecutor.processExecutionPhase(TestCaseExecutor.java:418)
	at com.kms.katalon.core.main.TestCaseExecutor.accessMainPhase(TestCaseExecutor.java:410)
	at com.kms.katalon.core.main.TestCaseExecutor.execute(TestCaseExecutor.java:285)
	at com.kms.katalon.core.common.CommonExecutor.accessTestCaseMainPhase(CommonExecutor.java:65)
	at com.kms.katalon.core.main.TestSuiteExecutor.accessTestSuiteMainPhase(TestSuiteExecutor.java:148)
	at com.kms.katalon.core.main.TestSuiteExecutor.execute(TestSuiteExecutor.java:106)
	at com.kms.katalon.core.main.TestCaseMain.startTestSuite(TestCaseMain.java:187)
	at com.kms.katalon.core.main.TestCaseMain$startTestSuite$0.call(Unknown Source)
	at TempTestSuite1716323052028.run(TempTestSuite1716323052028.groovy:35)
Caused by: com.kms.katalon.core.webui.exception.WebElementNotFoundException: Web element with id: 'Object Repository/ADM/1Configuracion/3Seguridad/3Funcionarios/0 Listado/td_Prueba3' located by '//table[@id='ctl00_ContentPlaceHolder2_gvFuncionarios']/tbody/tr[3]/td' not found
	at com.kms.katalon.core.webui.common.WebUiCommonHelper.findWebElement(WebUiCommonHelper.java:1381)
	at com.kms.katalon.core.webui.keyword.internal.WebUIAbstractKeyword.findWebElement(WebUIAbstractKeyword.groovy:27)
	at com.kms.katalon.core.webui.keyword.builtin.ClickKeyword$_click_closure1.doCall(ClickKeyword.groovy:65)
	at com.kms.katalon.core.webui.keyword.builtin.ClickKeyword$_click_closure1.call(ClickKeyword.groovy)
	at com.kms.katalon.core.webui.keyword.internal.WebUIKeywordMain.runKeyword(WebUIKeywordMain.groovy:20)
	... 19 more


2024-05-21 16:12:24 - [TEST_STEP][PASSED] - callTestCase(findTestCase("0InicioSesion"), [:], STOP_ON_FAILURE): Call Test Case 'Test Cases/0InicioSesion' successfully

2024-05-21 16:12:24 - [TEST_CASE][PASSED] - Test Cases/0InicioSesion: Test Cases/0InicioSesion

2024-05-21 16:12:24 - [TEST_STEP][PASSED] - openBrowser(Url): Browser is opened with url: 'https://pcpruebas101.ciel.cielingenieria.com:8815/'

2024-05-21 16:12:24 - [MESSAGE][WARNING] - A browser is already opened. Closing browser and opening a new one

2024-05-21 16:12:25 - [MESSAGE][INFO] - Starting 'Chrome' driver

2024-05-21 16:12:25 - [MESSAGE][INFO] - Action delay is set to 0 milliseconds

2024-05-21 16:12:27 - [MESSAGE][PASSED] - Browser is opened with url: 'https://pcpruebas101.ciel.cielingenieria.com:8815/'

2024-05-21 16:12:27 - [TEST_STEP][PASSED] - maximizeWindow(): Current window maximized

2024-05-21 16:12:27 - [MESSAGE][PASSED] - Current window maximized

2024-05-21 16:12:27 - [TEST_STEP][PASSED] - delay(2): Delayed 2 second(s)

2024-05-21 16:12:29 - [MESSAGE][PASSED] - Delayed 2 second(s)

2024-05-21 16:12:29 - [TEST_STEP][PASSED] - setText(findTestObject("ADM/0Inicio Sesion/input_Usuario"), Usuario): Text 'Ciel' is set on object 'Object Repository/ADM/0Inicio Sesion/input_Usuario'

2024-05-21 16:12:30 - [MESSAGE][PASSED] - Text 'Ciel' is set on object 'Object Repository/ADM/0Inicio Sesion/input_Usuario'

2024-05-21 16:12:30 - [TEST_STEP][PASSED] - delay(2): Delayed 2 second(s)

2024-05-21 16:12:32 - [MESSAGE][PASSED] - Delayed 2 second(s)

2024-05-21 16:12:32 - [TEST_STEP][PASSED] - setText(findTestObject("ADM/0Inicio Sesion/input_Clave"), Clave): Text 'Digiturno5.' is set on object 'Object Repository/ADM/0Inicio Sesion/input_Clave'

2024-05-21 16:12:33 - [MESSAGE][PASSED] - Text 'Digiturno5.' is set on object 'Object Repository/ADM/0Inicio Sesion/input_Clave'

2024-05-21 16:12:33 - [TEST_STEP][PASSED] - delay(2): Delayed 2 second(s)

2024-05-21 16:12:35 - [MESSAGE][PASSED] - Delayed 2 second(s)

2024-05-21 16:12:35 - [TEST_STEP][PASSED] - click(findTestObject("ADM/0Inicio Sesion/btn_IniciarSesion")): Object: 'Object Repository/ADM/0Inicio Sesion/btn_IniciarSesion' is clicked on

2024-05-21 16:12:36 - [MESSAGE][PASSED] - Object: 'Object Repository/ADM/0Inicio Sesion/btn_IniciarSesion' is clicked on

2024-05-21 16:12:36 - [TEST_STEP][PASSED] - delay(3): Delayed 3 second(s)

2024-05-21 16:12:39 - [MESSAGE][PASSED] - Delayed 3 second(s)

2024-05-21 16:12:39 - [MESSAGE][PASSED] - Call Test Case 'Test Cases/0InicioSesion' successfully

2024-05-21 16:12:39 - [TEST_STEP][PASSED] - comment("Editar Funcionario"): Editar Funcionario

2024-05-21 16:12:39 - [MESSAGE][INFO] - Editar Funcionario

2024-05-21 16:12:39 - [TEST_STEP][PASSED] - click(findTestObject("ADM/0Principal/a_Configuracion")): Object: 'Object Repository/ADM/0Principal/a_Configuracion' is clicked on

2024-05-21 16:12:39 - [MESSAGE][PASSED] - Object: 'Object Repository/ADM/0Principal/a_Configuracion' is clicked on

2024-05-21 16:12:39 - [TEST_STEP][PASSED] - delay(2): Delayed 2 second(s)

2024-05-21 16:12:41 - [MESSAGE][PASSED] - Delayed 2 second(s)

2024-05-21 16:12:41 - [TEST_STEP][PASSED] - click(findTestObject("ADM/1Configuracion/0Principal/a_3 Seguridad")): Object: 'Object Repository/ADM/1Configuracion/0Principal/a_3 Seguridad' is clicked on

2024-05-21 16:12:42 - [MESSAGE][PASSED] - Object: 'Object Repository/ADM/1Configuracion/0Principal/a_3 Seguridad' is clicked on

2024-05-21 16:12:42 - [TEST_STEP][PASSED] - delay(2): Delayed 2 second(s)

2024-05-21 16:12:44 - [MESSAGE][PASSED] - Delayed 2 second(s)

2024-05-21 16:12:44 - [TEST_STEP][PASSED] - click(findTestObject("ADM/1Configuracion/3Seguridad/0Principal/a_3 Funcionarios"), STOP_ON_FAILURE): Object: 'Object Repository/ADM/1Configuracion/3Seguridad/0Principal/a_3 Funcionarios' is clicked on

2024-05-21 16:12:44 - [MESSAGE][PASSED] - Object: 'Object Repository/ADM/1Configuracion/3Seguridad/0Principal/a_3 Funcionarios' is clicked on

2024-05-21 16:12:44 - [TEST_STEP][PASSED] - delay(2): Delayed 2 second(s)

2024-05-21 16:12:46 - [MESSAGE][PASSED] - Delayed 2 second(s)

2024-05-21 16:12:46 - [TEST_STEP][PASSED] - click(findTestObject("ADM/1Configuracion/3Seguridad/3Funcionarios/0 Listado/a_P"), STOP_ON_FAILURE): Object: 'Object Repository/ADM/1Configuracion/3Seguridad/3Funcionarios/0 Listado/a_P' is clicked on

2024-05-21 16:12:47 - [MESSAGE][PASSED] - Object: 'Object Repository/ADM/1Configuracion/3Seguridad/3Funcionarios/0 Listado/a_P' is clicked on

2024-05-21 16:12:47 - [TEST_STEP][PASSED] - delay(2): Delayed 2 second(s)

2024-05-21 16:12:49 - [MESSAGE][PASSED] - Delayed 2 second(s)

2024-05-21 16:12:49 - [TEST_STEP][FAILED] - click(findTestObject("ADM/1Configuracion/3Seguridad/3Funcionarios/0 Listado/td_Prueba3"), STOP_ON_FAILURE): Unable to click on object 'Object Repository/ADM/1Configuracion/3Seguridad/3Funcionarios/0 Listado/td_Prueba3' (Root cause: com.kms.katalon.core.exception.StepFailedException: Unable to click on object 'Object Repository/ADM/1Configuracion/3Seguridad/3Funcionarios/0 Listado/td_Prueba3'
	at com.kms.katalon.core.webui.keyword.internal.WebUIKeywordMain.stepFailed(WebUIKeywordMain.groovy:64)
	at com.kms.katalon.core.webui.keyword.internal.WebUIKeywordMain.runKeyword(WebUIKeywordMain.groovy:26)
	at com.kms.katalon.core.webui.keyword.builtin.ClickKeyword.click(ClickKeyword.groovy:74)
	at com.kms.katalon.core.webui.keyword.builtin.ClickKeyword.execute(ClickKeyword.groovy:40)
	at com.kms.katalon.core.keyword.internal.KeywordExecutor.executeKeywordForPlatform(KeywordExecutor.groovy:74)
	at com.kms.katalon.core.webui.keyword.WebUiBuiltInKeywords.click(WebUiBuiltInKeywords.groovy:608)
	at com.kms.katalon.core.webui.keyword.WebUiBuiltInKeywords$click$3.call(Unknown Source)
	at R122.run(R122:40)
	at com.kms.katalon.core.main.ScriptEngine.run(ScriptEngine.java:194)
	at com.kms.katalon.core.main.ScriptEngine.runScriptAsRawText(ScriptEngine.java:119)
	at com.kms.katalon.core.main.TestCaseExecutor.runScript(TestCaseExecutor.java:448)
	at com.kms.katalon.core.main.TestCaseExecutor.doExecute(TestCaseExecutor.java:439)
	at com.kms.katalon.core.main.TestCaseExecutor.processExecutionPhase(TestCaseExecutor.java:418)
	at com.kms.katalon.core.main.TestCaseExecutor.accessMainPhase(TestCaseExecutor.java:410)
	at com.kms.katalon.core.main.TestCaseExecutor.execute(TestCaseExecutor.java:285)
	at com.kms.katalon.core.common.CommonExecutor.accessTestCaseMainPhase(CommonExecutor.java:65)
	at com.kms.katalon.core.main.TestSuiteExecutor.accessTestSuiteMainPhase(TestSuiteExecutor.java:148)
	at com.kms.katalon.core.main.TestSuiteExecutor.execute(TestSuiteExecutor.java:106)
	at com.kms.katalon.core.main.TestCaseMain.startTestSuite(TestCaseMain.java:187)
	at com.kms.katalon.core.main.TestCaseMain$startTestSuite$0.call(Unknown Source)
	at TempTestSuite1716323052028.run(TempTestSuite1716323052028.groovy:35)
Caused by: com.kms.katalon.core.webui.exception.WebElementNotFoundException: Web element with id: 'Object Repository/ADM/1Configuracion/3Seguridad/3Funcionarios/0 Listado/td_Prueba3' located by '//table[@id='ctl00_ContentPlaceHolder2_gvFuncionarios']/tbody/tr[3]/td' not found
	at com.kms.katalon.core.webui.common.WebUiCommonHelper.findWebElement(WebUiCommonHelper.java:1381)
	at com.kms.katalon.core.webui.keyword.internal.WebUIAbstractKeyword.findWebElement(WebUIAbstractKeyword.groovy:27)
	at com.kms.katalon.core.webui.keyword.builtin.ClickKeyword$_click_closure1.doCall(ClickKeyword.groovy:65)
	at com.kms.katalon.core.webui.keyword.builtin.ClickKeyword$_click_closure1.call(ClickKeyword.groovy)
	at com.kms.katalon.core.webui.keyword.internal.WebUIKeywordMain.runKeyword(WebUIKeywordMain.groovy:20)
	at com.kms.katalon.core.webui.keyword.builtin.ClickKeyword.click(ClickKeyword.groovy:74)
	at com.kms.katalon.core.webui.keyword.builtin.ClickKeyword.execute(ClickKeyword.groovy:40)
	at com.kms.katalon.core.keyword.internal.KeywordExecutor.executeKeywordForPlatform(KeywordExecutor.groovy:74)
	at com.kms.katalon.core.webui.keyword.WebUiBuiltInKeywords.click(WebUiBuiltInKeywords.groovy:608)
	at com.kms.katalon.core.webui.keyword.WebUiBuiltInKeywords$click$3.call(Unknown Source)
	at Script1701786307307.run(Script1701786307307.groovy:40)
	... 13 more
)

2024-05-21 16:13:20 - [MESSAGE][INFO] - Unable to find the element located by 'By.xpath: //table[@id='ctl00_ContentPlaceHolder2_gvFuncionarios']/tbody/tr[3]/td'. Please recheck the objects properties to make sure the desired element is located. 

2024-05-21 16:13:20 - [MESSAGE][FAILED] - Unable to click on object 'Object Repository/ADM/1Configuracion/3Seguridad/3Funcionarios/0 Listado/td_Prueba3' (Root cause: com.kms.katalon.core.exception.StepFailedException: Unable to click on object 'Object Repository/ADM/1Configuracion/3Seguridad/3Funcionarios/0 Listado/td_Prueba3'
	at com.kms.katalon.core.webui.keyword.internal.WebUIKeywordMain.stepFailed(WebUIKeywordMain.groovy:64)
	at com.kms.katalon.core.webui.keyword.internal.WebUIKeywordMain.runKeyword(WebUIKeywordMain.groovy:26)
	at com.kms.katalon.core.webui.keyword.builtin.ClickKeyword.click(ClickKeyword.groovy:74)
	at com.kms.katalon.core.webui.keyword.builtin.ClickKeyword.execute(ClickKeyword.groovy:40)
	at com.kms.katalon.core.keyword.internal.KeywordExecutor.executeKeywordForPlatform(KeywordExecutor.groovy:74)
	at com.kms.katalon.core.webui.keyword.WebUiBuiltInKeywords.click(WebUiBuiltInKeywords.groovy:608)
	at com.kms.katalon.core.webui.keyword.WebUiBuiltInKeywords$click$3.call(Unknown Source)
	at R122.run(R122:40)
	at com.kms.katalon.core.main.ScriptEngine.run(ScriptEngine.java:194)
	at com.kms.katalon.core.main.ScriptEngine.runScriptAsRawText(ScriptEngine.java:119)
	at com.kms.katalon.core.main.TestCaseExecutor.runScript(TestCaseExecutor.java:448)
	at com.kms.katalon.core.main.TestCaseExecutor.doExecute(TestCaseExecutor.java:439)
	at com.kms.katalon.core.main.TestCaseExecutor.processExecutionPhase(TestCaseExecutor.java:418)
	at com.kms.katalon.core.main.TestCaseExecutor.accessMainPhase(TestCaseExecutor.java:410)
	at com.kms.katalon.core.main.TestCaseExecutor.execute(TestCaseExecutor.java:285)
	at com.kms.katalon.core.common.CommonExecutor.accessTestCaseMainPhase(CommonExecutor.java:65)
	at com.kms.katalon.core.main.TestSuiteExecutor.accessTestSuiteMainPhase(TestSuiteExecutor.java:148)
	at com.kms.katalon.core.main.TestSuiteExecutor.execute(TestSuiteExecutor.java:106)
	at com.kms.katalon.core.main.TestCaseMain.startTestSuite(TestCaseMain.java:187)
	at com.kms.katalon.core.main.TestCaseMain$startTestSuite$0.call(Unknown Source)
	at TempTestSuite1716323052028.run(TempTestSuite1716323052028.groovy:35)
Caused by: com.kms.katalon.core.webui.exception.WebElementNotFoundException: Web element with id: 'Object Repository/ADM/1Configuracion/3Seguridad/3Funcionarios/0 Listado/td_Prueba3' located by '//table[@id='ctl00_ContentPlaceHolder2_gvFuncionarios']/tbody/tr[3]/td' not found
	at com.kms.katalon.core.webui.common.WebUiCommonHelper.findWebElement(WebUiCommonHelper.java:1381)
	at com.kms.katalon.core.webui.keyword.internal.WebUIAbstractKeyword.findWebElement(WebUIAbstractKeyword.groovy:27)
	at com.kms.katalon.core.webui.keyword.builtin.ClickKeyword$_click_closure1.doCall(ClickKeyword.groovy:65)
	at com.kms.katalon.core.webui.keyword.builtin.ClickKeyword$_click_closure1.call(ClickKeyword.groovy)
	at com.kms.katalon.core.webui.keyword.internal.WebUIKeywordMain.runKeyword(WebUIKeywordMain.groovy:20)
	at com.kms.katalon.core.webui.keyword.builtin.ClickKeyword.click(ClickKeyword.groovy:74)
	at com.kms.katalon.core.webui.keyword.builtin.ClickKeyword.execute(ClickKeyword.groovy:40)
	at com.kms.katalon.core.keyword.internal.KeywordExecutor.executeKeywordForPlatform(KeywordExecutor.groovy:74)
	at com.kms.katalon.core.webui.keyword.WebUiBuiltInKeywords.click(WebUiBuiltInKeywords.groovy:608)
	at com.kms.katalon.core.webui.keyword.WebUiBuiltInKeywords$click$3.call(Unknown Source)
	at Script1701786307307.run(Script1701786307307.groovy:40)
	... 13 more
)
[[ATTACHMENT|C:\\CIEL INGENIERIA\\Katalon\\AgendamientoADM\\Reports\\20240521_152353\\1 Configuracion\\3 Seguridad\\3 Funcionarios\\20240521_152412\\1716326000482.png]]

2024-05-21 16:13:20 - [TEST_STEP][PASSED] - Start listener action : sampleAfterTestCase: null]]></system-out>
         <system-err><![CDATA[2024-05-21 16:12:24 - [TEST_CASE][FAILED] - Test Cases/Configuracion/3 Seguridad/3 Funcionarios/R122: Test Cases/Configuracion/3 Seguridad/3 Funcionarios/R122 FAILED.
Reason:
com.kms.katalon.core.exception.StepFailedException: Unable to click on object 'Object Repository/ADM/1Configuracion/3Seguridad/3Funcionarios/0 Listado/td_Prueba3'
	at com.kms.katalon.core.webui.keyword.internal.WebUIKeywordMain.stepFailed(WebUIKeywordMain.groovy:64)
	at com.kms.katalon.core.webui.keyword.internal.WebUIKeywordMain.runKeyword(WebUIKeywordMain.groovy:26)
	at com.kms.katalon.core.webui.keyword.builtin.ClickKeyword.click(ClickKeyword.groovy:74)
	at com.kms.katalon.core.webui.keyword.builtin.ClickKeyword.execute(ClickKeyword.groovy:40)
	at com.kms.katalon.core.keyword.internal.KeywordExecutor.executeKeywordForPlatform(KeywordExecutor.groovy:74)
	at com.kms.katalon.core.webui.keyword.WebUiBuiltInKeywords.click(WebUiBuiltInKeywords.groovy:608)
	at com.kms.katalon.core.webui.keyword.WebUiBuiltInKeywords$click$3.call(Unknown Source)
	at R122.run(R122:40)
	at com.kms.katalon.core.main.ScriptEngine.run(ScriptEngine.java:194)
	at com.kms.katalon.core.main.ScriptEngine.runScriptAsRawText(ScriptEngine.java:119)
	at com.kms.katalon.core.main.TestCaseExecutor.runScript(TestCaseExecutor.java:448)
	at com.kms.katalon.core.main.TestCaseExecutor.doExecute(TestCaseExecutor.java:439)
	at com.kms.katalon.core.main.TestCaseExecutor.processExecutionPhase(TestCaseExecutor.java:418)
	at com.kms.katalon.core.main.TestCaseExecutor.accessMainPhase(TestCaseExecutor.java:410)
	at com.kms.katalon.core.main.TestCaseExecutor.execute(TestCaseExecutor.java:285)
	at com.kms.katalon.core.common.CommonExecutor.accessTestCaseMainPhase(CommonExecutor.java:65)
	at com.kms.katalon.core.main.TestSuiteExecutor.accessTestSuiteMainPhase(TestSuiteExecutor.java:148)
	at com.kms.katalon.core.main.TestSuiteExecutor.execute(TestSuiteExecutor.java:106)
	at com.kms.katalon.core.main.TestCaseMain.startTestSuite(TestCaseMain.java:187)
	at com.kms.katalon.core.main.TestCaseMain$startTestSuite$0.call(Unknown Source)
	at TempTestSuite1716323052028.run(TempTestSuite1716323052028.groovy:35)
Caused by: com.kms.katalon.core.webui.exception.WebElementNotFoundException: Web element with id: 'Object Repository/ADM/1Configuracion/3Seguridad/3Funcionarios/0 Listado/td_Prueba3' located by '//table[@id='ctl00_ContentPlaceHolder2_gvFuncionarios']/tbody/tr[3]/td' not found
	at com.kms.katalon.core.webui.common.WebUiCommonHelper.findWebElement(WebUiCommonHelper.java:1381)
	at com.kms.katalon.core.webui.keyword.internal.WebUIAbstractKeyword.findWebElement(WebUIAbstractKeyword.groovy:27)
	at com.kms.katalon.core.webui.keyword.builtin.ClickKeyword$_click_closure1.doCall(ClickKeyword.groovy:65)
	at com.kms.katalon.core.webui.keyword.builtin.ClickKeyword$_click_closure1.call(ClickKeyword.groovy)
	at com.kms.katalon.core.webui.keyword.internal.WebUIKeywordMain.runKeyword(WebUIKeywordMain.groovy:20)
	... 19 more]]></system-err>
      </testcase>
      <testcase name="Test Cases/Configuracion/3 Seguridad/3 Funcionarios/R123" time="30.694" classname="Test Cases/Configuracion/3 Seguridad/3 Funcionarios/R123" status="PASSED">
         <system-out><![CDATA[2024-05-21 16:13:20 - [TEST_CASE][PASSED] - Test Cases/Configuracion/3 Seguridad/3 Funcionarios/R123: Test Cases/Configuracion/3 Seguridad/3 Funcionarios/R123

2024-05-21 16:13:21 - [TEST_STEP][PASSED] - callTestCase(findTestCase("0InicioSesion"), [:], STOP_ON_FAILURE): Call Test Case 'Test Cases/0InicioSesion' successfully

2024-05-21 16:13:21 - [TEST_CASE][PASSED] - Test Cases/0InicioSesion: Test Cases/0InicioSesion

2024-05-21 16:13:21 - [TEST_STEP][PASSED] - openBrowser(Url): Browser is opened with url: 'https://pcpruebas101.ciel.cielingenieria.com:8815/'

2024-05-21 16:13:21 - [MESSAGE][WARNING] - A browser is already opened. Closing browser and opening a new one

2024-05-21 16:13:21 - [MESSAGE][INFO] - Starting 'Chrome' driver

2024-05-21 16:13:21 - [MESSAGE][INFO] - Action delay is set to 0 milliseconds

2024-05-21 16:13:24 - [MESSAGE][PASSED] - Browser is opened with url: 'https://pcpruebas101.ciel.cielingenieria.com:8815/'

2024-05-21 16:13:24 - [TEST_STEP][PASSED] - maximizeWindow(): Current window maximized

2024-05-21 16:13:24 - [MESSAGE][PASSED] - Current window maximized

2024-05-21 16:13:24 - [TEST_STEP][PASSED] - delay(2): Delayed 2 second(s)

2024-05-21 16:13:26 - [MESSAGE][PASSED] - Delayed 2 second(s)

2024-05-21 16:13:26 - [TEST_STEP][PASSED] - setText(findTestObject("ADM/0Inicio Sesion/input_Usuario"), Usuario): Text 'Ciel' is set on object 'Object Repository/ADM/0Inicio Sesion/input_Usuario'

2024-05-21 16:13:27 - [MESSAGE][PASSED] - Text 'Ciel' is set on object 'Object Repository/ADM/0Inicio Sesion/input_Usuario'

2024-05-21 16:13:27 - [TEST_STEP][PASSED] - delay(2): Delayed 2 second(s)

2024-05-21 16:13:29 - [MESSAGE][PASSED] - Delayed 2 second(s)

2024-05-21 16:13:29 - [TEST_STEP][PASSED] - setText(findTestObject("ADM/0Inicio Sesion/input_Clave"), Clave): Text 'Digiturno5.' is set on object 'Object Repository/ADM/0Inicio Sesion/input_Clave'

2024-05-21 16:13:30 - [MESSAGE][PASSED] - Text 'Digiturno5.' is set on object 'Object Repository/ADM/0Inicio Sesion/input_Clave'

2024-05-21 16:13:30 - [TEST_STEP][PASSED] - delay(2): Delayed 2 second(s)

2024-05-21 16:13:32 - [MESSAGE][PASSED] - Delayed 2 second(s)

2024-05-21 16:13:32 - [TEST_STEP][PASSED] - click(findTestObject("ADM/0Inicio Sesion/btn_IniciarSesion")): Object: 'Object Repository/ADM/0Inicio Sesion/btn_IniciarSesion' is clicked on

2024-05-21 16:13:32 - [MESSAGE][PASSED] - Object: 'Object Repository/ADM/0Inicio Sesion/btn_IniciarSesion' is clicked on

2024-05-21 16:13:32 - [TEST_STEP][PASSED] - delay(3): Delayed 3 second(s)

2024-05-21 16:13:35 - [MESSAGE][PASSED] - Delayed 3 second(s)

2024-05-21 16:13:35 - [MESSAGE][PASSED] - Call Test Case 'Test Cases/0InicioSesion' successfully

2024-05-21 16:13:35 - [TEST_STEP][PASSED] - comment("Boton Guardar No guardará nada si no hay datos"): Boton Guardar No guardará nada si no hay datos

2024-05-21 16:13:35 - [MESSAGE][INFO] - Boton Guardar No guardará nada si no hay datos

2024-05-21 16:13:35 - [TEST_STEP][PASSED] - click(findTestObject("ADM/0Principal/a_Configuracion")): Object: 'Object Repository/ADM/0Principal/a_Configuracion' is clicked on

2024-05-21 16:13:36 - [MESSAGE][PASSED] - Object: 'Object Repository/ADM/0Principal/a_Configuracion' is clicked on

2024-05-21 16:13:36 - [TEST_STEP][PASSED] - delay(2): Delayed 2 second(s)

2024-05-21 16:13:38 - [MESSAGE][PASSED] - Delayed 2 second(s)

2024-05-21 16:13:38 - [TEST_STEP][PASSED] - click(findTestObject("ADM/1Configuracion/0Principal/a_3 Seguridad")): Object: 'Object Repository/ADM/1Configuracion/0Principal/a_3 Seguridad' is clicked on

2024-05-21 16:13:38 - [MESSAGE][PASSED] - Object: 'Object Repository/ADM/1Configuracion/0Principal/a_3 Seguridad' is clicked on

2024-05-21 16:13:38 - [TEST_STEP][PASSED] - delay(2): Delayed 2 second(s)

2024-05-21 16:13:40 - [MESSAGE][PASSED] - Delayed 2 second(s)

2024-05-21 16:13:40 - [TEST_STEP][PASSED] - click(findTestObject("ADM/1Configuracion/3Seguridad/0Principal/a_3 Funcionarios"), STOP_ON_FAILURE): Object: 'Object Repository/ADM/1Configuracion/3Seguridad/0Principal/a_3 Funcionarios' is clicked on

2024-05-21 16:13:41 - [MESSAGE][PASSED] - Object: 'Object Repository/ADM/1Configuracion/3Seguridad/0Principal/a_3 Funcionarios' is clicked on

2024-05-21 16:13:41 - [TEST_STEP][PASSED] - delay(2): Delayed 2 second(s)

2024-05-21 16:13:43 - [MESSAGE][PASSED] - Delayed 2 second(s)

2024-05-21 16:13:43 - [TEST_STEP][PASSED] - click(findTestObject("ADM/1Configuracion/3Seguridad/3Funcionarios/0 Listado/btn_Nuevo Funcionario"), STOP_ON_FAILURE): Object: 'Object Repository/ADM/1Configuracion/3Seguridad/3Funcionarios/0 Listado/btn_Nuevo Funcionario' is clicked on

2024-05-21 16:13:43 - [MESSAGE][PASSED] - Object: 'Object Repository/ADM/1Configuracion/3Seguridad/3Funcionarios/0 Listado/btn_Nuevo Funcionario' is clicked on

2024-05-21 16:13:43 - [TEST_STEP][PASSED] - delay(2): Delayed 2 second(s)

2024-05-21 16:13:45 - [MESSAGE][PASSED] - Delayed 2 second(s)

2024-05-21 16:13:45 - [TEST_STEP][PASSED] - takeFullPageScreenshot(): Taking screenshot successfully

2024-05-21 16:13:46 - [MESSAGE][INFO] - 0 hidden object(s)

2024-05-21 16:13:46 - [MESSAGE][PASSED] - Taking screenshot successfully
[[ATTACHMENT|C:\\CIEL INGENIERIA\\Katalon\\AgendamientoADM\\Reports\\20240521_152353\\1 Configuracion\\3 Seguridad\\3 Funcionarios\\20240521_152412\\1716326025747.png]]

2024-05-21 16:13:46 - [TEST_STEP][PASSED] - delay(2): Delayed 2 second(s)

2024-05-21 16:13:48 - [MESSAGE][PASSED] - Delayed 2 second(s)

2024-05-21 16:13:48 - [TEST_STEP][PASSED] - click(findTestObject("ADM/1Configuracion/3Seguridad/3Funcionarios/Funcionario/Edicion Funcionario/btn_Guardar")): Object: 'Object Repository/ADM/1Configuracion/3Seguridad/3Funcionarios/Funcionario/Edicion Funcionario/btn_Guardar' is clicked on

2024-05-21 16:13:48 - [MESSAGE][PASSED] - Object: 'Object Repository/ADM/1Configuracion/3Seguridad/3Funcionarios/Funcionario/Edicion Funcionario/btn_Guardar' is clicked on

2024-05-21 16:13:48 - [TEST_STEP][PASSED] - delay(2): Delayed 2 second(s)

2024-05-21 16:13:50 - [MESSAGE][PASSED] - Delayed 2 second(s)

2024-05-21 16:13:50 - [TEST_STEP][PASSED] - takeFullPageScreenshot(): Taking screenshot successfully

2024-05-21 16:13:51 - [MESSAGE][INFO] - 0 hidden object(s)

2024-05-21 16:13:51 - [MESSAGE][PASSED] - Taking screenshot successfully
[[ATTACHMENT|C:\\CIEL INGENIERIA\\Katalon\\AgendamientoADM\\Reports\\20240521_152353\\1 Configuracion\\3 Seguridad\\3 Funcionarios\\20240521_152412\\1716326030674.png]]

2024-05-21 16:13:51 - [TEST_STEP][PASSED] - Start listener action : sampleAfterTestCase: null]]></system-out>
         <system-err><![CDATA[]]></system-err>
      </testcase>
      <testcase name="Test Cases/Configuracion/3 Seguridad/3 Funcionarios/R124" time="56.608" classname="Test Cases/Configuracion/3 Seguridad/3 Funcionarios/R124" status="FAILED">
         <failure type="FAILED" message="Test Cases/Configuracion/3 Seguridad/3 Funcionarios/R124 FAILED.
Reason:
com.kms.katalon.core.exception.StepFailedException: Unable to click on object 'Object Repository/ADM/1Configuracion/3Seguridad/3Funcionarios/0 Listado/td_Prueba3'
	at com.kms.katalon.core.webui.keyword.internal.WebUIKeywordMain.stepFailed(WebUIKeywordMain.groovy:64)
	at com.kms.katalon.core.webui.keyword.internal.WebUIKeywordMain.runKeyword(WebUIKeywordMain.groovy:26)
	at com.kms.katalon.core.webui.keyword.builtin.ClickKeyword.click(ClickKeyword.groovy:74)
	at com.kms.katalon.core.webui.keyword.builtin.ClickKeyword.execute(ClickKeyword.groovy:40)
	at com.kms.katalon.core.keyword.internal.KeywordExecutor.executeKeywordForPlatform(KeywordExecutor.groovy:74)
	at com.kms.katalon.core.webui.keyword.WebUiBuiltInKeywords.click(WebUiBuiltInKeywords.groovy:608)
	at com.kms.katalon.core.webui.keyword.WebUiBuiltInKeywords$click$3.call(Unknown Source)
	at R124.run(R124:40)
	at com.kms.katalon.core.main.ScriptEngine.run(ScriptEngine.java:194)
	at com.kms.katalon.core.main.ScriptEngine.runScriptAsRawText(ScriptEngine.java:119)
	at com.kms.katalon.core.main.TestCaseExecutor.runScript(TestCaseExecutor.java:448)
	at com.kms.katalon.core.main.TestCaseExecutor.doExecute(TestCaseExecutor.java:439)
	at com.kms.katalon.core.main.TestCaseExecutor.processExecutionPhase(TestCaseExecutor.java:418)
	at com.kms.katalon.core.main.TestCaseExecutor.accessMainPhase(TestCaseExecutor.java:410)
	at com.kms.katalon.core.main.TestCaseExecutor.execute(TestCaseExecutor.java:285)
	at com.kms.katalon.core.common.CommonExecutor.accessTestCaseMainPhase(CommonExecutor.java:65)
	at com.kms.katalon.core.main.TestSuiteExecutor.accessTestSuiteMainPhase(TestSuiteExecutor.java:148)
	at com.kms.katalon.core.main.TestSuiteExecutor.execute(TestSuiteExecutor.java:106)
	at com.kms.katalon.core.main.TestCaseMain.startTestSuite(TestCaseMain.java:187)
	at com.kms.katalon.core.main.TestCaseMain$startTestSuite$0.call(Unknown Source)
	at TempTestSuite1716323052028.run(TempTestSuite1716323052028.groovy:35)
Caused by: com.kms.katalon.core.webui.exception.WebElementNotFoundException: Web element with id: 'Object Repository/ADM/1Configuracion/3Seguridad/3Funcionarios/0 Listado/td_Prueba3' located by '//table[@id='ctl00_ContentPlaceHolder2_gvFuncionarios']/tbody/tr[3]/td' not found
	at com.kms.katalon.core.webui.common.WebUiCommonHelper.findWebElement(WebUiCommonHelper.java:1381)
	at com.kms.katalon.core.webui.keyword.internal.WebUIAbstractKeyword.findWebElement(WebUIAbstractKeyword.groovy:27)
	at com.kms.katalon.core.webui.keyword.builtin.ClickKeyword$_click_closure1.doCall(ClickKeyword.groovy:65)
	at com.kms.katalon.core.webui.keyword.builtin.ClickKeyword$_click_closure1.call(ClickKeyword.groovy)
	at com.kms.katalon.core.webui.keyword.internal.WebUIKeywordMain.runKeyword(WebUIKeywordMain.groovy:20)
	... 19 more
"/>
         <system-out><![CDATA[2024-05-21 16:13:51 - [TEST_CASE][FAILED] - Test Cases/Configuracion/3 Seguridad/3 Funcionarios/R124: Test Cases/Configuracion/3 Seguridad/3 Funcionarios/R124 FAILED.
Reason:
com.kms.katalon.core.exception.StepFailedException: Unable to click on object 'Object Repository/ADM/1Configuracion/3Seguridad/3Funcionarios/0 Listado/td_Prueba3'
	at com.kms.katalon.core.webui.keyword.internal.WebUIKeywordMain.stepFailed(WebUIKeywordMain.groovy:64)
	at com.kms.katalon.core.webui.keyword.internal.WebUIKeywordMain.runKeyword(WebUIKeywordMain.groovy:26)
	at com.kms.katalon.core.webui.keyword.builtin.ClickKeyword.click(ClickKeyword.groovy:74)
	at com.kms.katalon.core.webui.keyword.builtin.ClickKeyword.execute(ClickKeyword.groovy:40)
	at com.kms.katalon.core.keyword.internal.KeywordExecutor.executeKeywordForPlatform(KeywordExecutor.groovy:74)
	at com.kms.katalon.core.webui.keyword.WebUiBuiltInKeywords.click(WebUiBuiltInKeywords.groovy:608)
	at com.kms.katalon.core.webui.keyword.WebUiBuiltInKeywords$click$3.call(Unknown Source)
	at R124.run(R124:40)
	at com.kms.katalon.core.main.ScriptEngine.run(ScriptEngine.java:194)
	at com.kms.katalon.core.main.ScriptEngine.runScriptAsRawText(ScriptEngine.java:119)
	at com.kms.katalon.core.main.TestCaseExecutor.runScript(TestCaseExecutor.java:448)
	at com.kms.katalon.core.main.TestCaseExecutor.doExecute(TestCaseExecutor.java:439)
	at com.kms.katalon.core.main.TestCaseExecutor.processExecutionPhase(TestCaseExecutor.java:418)
	at com.kms.katalon.core.main.TestCaseExecutor.accessMainPhase(TestCaseExecutor.java:410)
	at com.kms.katalon.core.main.TestCaseExecutor.execute(TestCaseExecutor.java:285)
	at com.kms.katalon.core.common.CommonExecutor.accessTestCaseMainPhase(CommonExecutor.java:65)
	at com.kms.katalon.core.main.TestSuiteExecutor.accessTestSuiteMainPhase(TestSuiteExecutor.java:148)
	at com.kms.katalon.core.main.TestSuiteExecutor.execute(TestSuiteExecutor.java:106)
	at com.kms.katalon.core.main.TestCaseMain.startTestSuite(TestCaseMain.java:187)
	at com.kms.katalon.core.main.TestCaseMain$startTestSuite$0.call(Unknown Source)
	at TempTestSuite1716323052028.run(TempTestSuite1716323052028.groovy:35)
Caused by: com.kms.katalon.core.webui.exception.WebElementNotFoundException: Web element with id: 'Object Repository/ADM/1Configuracion/3Seguridad/3Funcionarios/0 Listado/td_Prueba3' located by '//table[@id='ctl00_ContentPlaceHolder2_gvFuncionarios']/tbody/tr[3]/td' not found
	at com.kms.katalon.core.webui.common.WebUiCommonHelper.findWebElement(WebUiCommonHelper.java:1381)
	at com.kms.katalon.core.webui.keyword.internal.WebUIAbstractKeyword.findWebElement(WebUIAbstractKeyword.groovy:27)
	at com.kms.katalon.core.webui.keyword.builtin.ClickKeyword$_click_closure1.doCall(ClickKeyword.groovy:65)
	at com.kms.katalon.core.webui.keyword.builtin.ClickKeyword$_click_closure1.call(ClickKeyword.groovy)
	at com.kms.katalon.core.webui.keyword.internal.WebUIKeywordMain.runKeyword(WebUIKeywordMain.groovy:20)
	... 19 more


2024-05-21 16:13:51 - [TEST_STEP][PASSED] - callTestCase(findTestCase("0InicioSesion"), [:], STOP_ON_FAILURE): Call Test Case 'Test Cases/0InicioSesion' successfully

2024-05-21 16:13:51 - [TEST_CASE][PASSED] - Test Cases/0InicioSesion: Test Cases/0InicioSesion

2024-05-21 16:13:51 - [TEST_STEP][PASSED] - openBrowser(Url): Browser is opened with url: 'https://pcpruebas101.ciel.cielingenieria.com:8815/'

2024-05-21 16:13:51 - [MESSAGE][WARNING] - A browser is already opened. Closing browser and opening a new one

2024-05-21 16:13:52 - [MESSAGE][INFO] - Starting 'Chrome' driver

2024-05-21 16:13:52 - [MESSAGE][INFO] - Action delay is set to 0 milliseconds

2024-05-21 16:13:54 - [MESSAGE][PASSED] - Browser is opened with url: 'https://pcpruebas101.ciel.cielingenieria.com:8815/'

2024-05-21 16:13:54 - [TEST_STEP][PASSED] - maximizeWindow(): Current window maximized

2024-05-21 16:13:54 - [MESSAGE][PASSED] - Current window maximized

2024-05-21 16:13:54 - [TEST_STEP][PASSED] - delay(2): Delayed 2 second(s)

2024-05-21 16:13:56 - [MESSAGE][PASSED] - Delayed 2 second(s)

2024-05-21 16:13:56 - [TEST_STEP][PASSED] - setText(findTestObject("ADM/0Inicio Sesion/input_Usuario"), Usuario): Text 'Ciel' is set on object 'Object Repository/ADM/0Inicio Sesion/input_Usuario'

2024-05-21 16:13:58 - [MESSAGE][PASSED] - Text 'Ciel' is set on object 'Object Repository/ADM/0Inicio Sesion/input_Usuario'

2024-05-21 16:13:58 - [TEST_STEP][PASSED] - delay(2): Delayed 2 second(s)

2024-05-21 16:14:00 - [MESSAGE][PASSED] - Delayed 2 second(s)

2024-05-21 16:14:00 - [TEST_STEP][PASSED] - setText(findTestObject("ADM/0Inicio Sesion/input_Clave"), Clave): Text 'Digiturno5.' is set on object 'Object Repository/ADM/0Inicio Sesion/input_Clave'

2024-05-21 16:14:00 - [MESSAGE][PASSED] - Text 'Digiturno5.' is set on object 'Object Repository/ADM/0Inicio Sesion/input_Clave'

2024-05-21 16:14:00 - [TEST_STEP][PASSED] - delay(2): Delayed 2 second(s)

2024-05-21 16:14:02 - [MESSAGE][PASSED] - Delayed 2 second(s)

2024-05-21 16:14:02 - [TEST_STEP][PASSED] - click(findTestObject("ADM/0Inicio Sesion/btn_IniciarSesion")): Object: 'Object Repository/ADM/0Inicio Sesion/btn_IniciarSesion' is clicked on

2024-05-21 16:14:03 - [MESSAGE][PASSED] - Object: 'Object Repository/ADM/0Inicio Sesion/btn_IniciarSesion' is clicked on

2024-05-21 16:14:03 - [TEST_STEP][PASSED] - delay(3): Delayed 3 second(s)

2024-05-21 16:14:06 - [MESSAGE][PASSED] - Delayed 3 second(s)

2024-05-21 16:14:06 - [MESSAGE][PASSED] - Call Test Case 'Test Cases/0InicioSesion' successfully

2024-05-21 16:14:06 - [TEST_STEP][PASSED] - comment("Boton Cancelar"): Boton Cancelar

2024-05-21 16:14:06 - [MESSAGE][INFO] - Boton Cancelar

2024-05-21 16:14:06 - [TEST_STEP][PASSED] - click(findTestObject("ADM/0Principal/a_Configuracion")): Object: 'Object Repository/ADM/0Principal/a_Configuracion' is clicked on

2024-05-21 16:14:06 - [MESSAGE][PASSED] - Object: 'Object Repository/ADM/0Principal/a_Configuracion' is clicked on

2024-05-21 16:14:06 - [TEST_STEP][PASSED] - delay(2): Delayed 2 second(s)

2024-05-21 16:14:08 - [MESSAGE][PASSED] - Delayed 2 second(s)

2024-05-21 16:14:08 - [TEST_STEP][PASSED] - click(findTestObject("ADM/1Configuracion/0Principal/a_3 Seguridad")): Object: 'Object Repository/ADM/1Configuracion/0Principal/a_3 Seguridad' is clicked on

2024-05-21 16:14:09 - [MESSAGE][PASSED] - Object: 'Object Repository/ADM/1Configuracion/0Principal/a_3 Seguridad' is clicked on

2024-05-21 16:14:09 - [TEST_STEP][PASSED] - delay(2): Delayed 2 second(s)

2024-05-21 16:14:11 - [MESSAGE][PASSED] - Delayed 2 second(s)

2024-05-21 16:14:11 - [TEST_STEP][PASSED] - click(findTestObject("ADM/1Configuracion/3Seguridad/0Principal/a_3 Funcionarios"), STOP_ON_FAILURE): Object: 'Object Repository/ADM/1Configuracion/3Seguridad/0Principal/a_3 Funcionarios' is clicked on

2024-05-21 16:14:12 - [MESSAGE][PASSED] - Object: 'Object Repository/ADM/1Configuracion/3Seguridad/0Principal/a_3 Funcionarios' is clicked on

2024-05-21 16:14:12 - [TEST_STEP][PASSED] - delay(2): Delayed 2 second(s)

2024-05-21 16:14:14 - [MESSAGE][PASSED] - Delayed 2 second(s)

2024-05-21 16:14:14 - [TEST_STEP][PASSED] - click(findTestObject("ADM/1Configuracion/3Seguridad/3Funcionarios/0 Listado/a_P"), STOP_ON_FAILURE): Object: 'Object Repository/ADM/1Configuracion/3Seguridad/3Funcionarios/0 Listado/a_P' is clicked on

2024-05-21 16:14:14 - [MESSAGE][PASSED] - Object: 'Object Repository/ADM/1Configuracion/3Seguridad/3Funcionarios/0 Listado/a_P' is clicked on

2024-05-21 16:14:14 - [TEST_STEP][PASSED] - delay(2): Delayed 2 second(s)

2024-05-21 16:14:16 - [MESSAGE][PASSED] - Delayed 2 second(s)

2024-05-21 16:14:16 - [TEST_STEP][FAILED] - click(findTestObject("ADM/1Configuracion/3Seguridad/3Funcionarios/0 Listado/td_Prueba3"), STOP_ON_FAILURE): Unable to click on object 'Object Repository/ADM/1Configuracion/3Seguridad/3Funcionarios/0 Listado/td_Prueba3' (Root cause: com.kms.katalon.core.exception.StepFailedException: Unable to click on object 'Object Repository/ADM/1Configuracion/3Seguridad/3Funcionarios/0 Listado/td_Prueba3'
	at com.kms.katalon.core.webui.keyword.internal.WebUIKeywordMain.stepFailed(WebUIKeywordMain.groovy:64)
	at com.kms.katalon.core.webui.keyword.internal.WebUIKeywordMain.runKeyword(WebUIKeywordMain.groovy:26)
	at com.kms.katalon.core.webui.keyword.builtin.ClickKeyword.click(ClickKeyword.groovy:74)
	at com.kms.katalon.core.webui.keyword.builtin.ClickKeyword.execute(ClickKeyword.groovy:40)
	at com.kms.katalon.core.keyword.internal.KeywordExecutor.executeKeywordForPlatform(KeywordExecutor.groovy:74)
	at com.kms.katalon.core.webui.keyword.WebUiBuiltInKeywords.click(WebUiBuiltInKeywords.groovy:608)
	at com.kms.katalon.core.webui.keyword.WebUiBuiltInKeywords$click$3.call(Unknown Source)
	at R124.run(R124:40)
	at com.kms.katalon.core.main.ScriptEngine.run(ScriptEngine.java:194)
	at com.kms.katalon.core.main.ScriptEngine.runScriptAsRawText(ScriptEngine.java:119)
	at com.kms.katalon.core.main.TestCaseExecutor.runScript(TestCaseExecutor.java:448)
	at com.kms.katalon.core.main.TestCaseExecutor.doExecute(TestCaseExecutor.java:439)
	at com.kms.katalon.core.main.TestCaseExecutor.processExecutionPhase(TestCaseExecutor.java:418)
	at com.kms.katalon.core.main.TestCaseExecutor.accessMainPhase(TestCaseExecutor.java:410)
	at com.kms.katalon.core.main.TestCaseExecutor.execute(TestCaseExecutor.java:285)
	at com.kms.katalon.core.common.CommonExecutor.accessTestCaseMainPhase(CommonExecutor.java:65)
	at com.kms.katalon.core.main.TestSuiteExecutor.accessTestSuiteMainPhase(TestSuiteExecutor.java:148)
	at com.kms.katalon.core.main.TestSuiteExecutor.execute(TestSuiteExecutor.java:106)
	at com.kms.katalon.core.main.TestCaseMain.startTestSuite(TestCaseMain.java:187)
	at com.kms.katalon.core.main.TestCaseMain$startTestSuite$0.call(Unknown Source)
	at TempTestSuite1716323052028.run(TempTestSuite1716323052028.groovy:35)
Caused by: com.kms.katalon.core.webui.exception.WebElementNotFoundException: Web element with id: 'Object Repository/ADM/1Configuracion/3Seguridad/3Funcionarios/0 Listado/td_Prueba3' located by '//table[@id='ctl00_ContentPlaceHolder2_gvFuncionarios']/tbody/tr[3]/td' not found
	at com.kms.katalon.core.webui.common.WebUiCommonHelper.findWebElement(WebUiCommonHelper.java:1381)
	at com.kms.katalon.core.webui.keyword.internal.WebUIAbstractKeyword.findWebElement(WebUIAbstractKeyword.groovy:27)
	at com.kms.katalon.core.webui.keyword.builtin.ClickKeyword$_click_closure1.doCall(ClickKeyword.groovy:65)
	at com.kms.katalon.core.webui.keyword.builtin.ClickKeyword$_click_closure1.call(ClickKeyword.groovy)
	at com.kms.katalon.core.webui.keyword.internal.WebUIKeywordMain.runKeyword(WebUIKeywordMain.groovy:20)
	at com.kms.katalon.core.webui.keyword.builtin.ClickKeyword.click(ClickKeyword.groovy:74)
	at com.kms.katalon.core.webui.keyword.builtin.ClickKeyword.execute(ClickKeyword.groovy:40)
	at com.kms.katalon.core.keyword.internal.KeywordExecutor.executeKeywordForPlatform(KeywordExecutor.groovy:74)
	at com.kms.katalon.core.webui.keyword.WebUiBuiltInKeywords.click(WebUiBuiltInKeywords.groovy:608)
	at com.kms.katalon.core.webui.keyword.WebUiBuiltInKeywords$click$3.call(Unknown Source)
	at Script1701787706258.run(Script1701787706258.groovy:40)
	... 13 more
)

2024-05-21 16:14:47 - [MESSAGE][INFO] - Unable to find the element located by 'By.xpath: //table[@id='ctl00_ContentPlaceHolder2_gvFuncionarios']/tbody/tr[3]/td'. Please recheck the objects properties to make sure the desired element is located. 

2024-05-21 16:14:47 - [MESSAGE][FAILED] - Unable to click on object 'Object Repository/ADM/1Configuracion/3Seguridad/3Funcionarios/0 Listado/td_Prueba3' (Root cause: com.kms.katalon.core.exception.StepFailedException: Unable to click on object 'Object Repository/ADM/1Configuracion/3Seguridad/3Funcionarios/0 Listado/td_Prueba3'
	at com.kms.katalon.core.webui.keyword.internal.WebUIKeywordMain.stepFailed(WebUIKeywordMain.groovy:64)
	at com.kms.katalon.core.webui.keyword.internal.WebUIKeywordMain.runKeyword(WebUIKeywordMain.groovy:26)
	at com.kms.katalon.core.webui.keyword.builtin.ClickKeyword.click(ClickKeyword.groovy:74)
	at com.kms.katalon.core.webui.keyword.builtin.ClickKeyword.execute(ClickKeyword.groovy:40)
	at com.kms.katalon.core.keyword.internal.KeywordExecutor.executeKeywordForPlatform(KeywordExecutor.groovy:74)
	at com.kms.katalon.core.webui.keyword.WebUiBuiltInKeywords.click(WebUiBuiltInKeywords.groovy:608)
	at com.kms.katalon.core.webui.keyword.WebUiBuiltInKeywords$click$3.call(Unknown Source)
	at R124.run(R124:40)
	at com.kms.katalon.core.main.ScriptEngine.run(ScriptEngine.java:194)
	at com.kms.katalon.core.main.ScriptEngine.runScriptAsRawText(ScriptEngine.java:119)
	at com.kms.katalon.core.main.TestCaseExecutor.runScript(TestCaseExecutor.java:448)
	at com.kms.katalon.core.main.TestCaseExecutor.doExecute(TestCaseExecutor.java:439)
	at com.kms.katalon.core.main.TestCaseExecutor.processExecutionPhase(TestCaseExecutor.java:418)
	at com.kms.katalon.core.main.TestCaseExecutor.accessMainPhase(TestCaseExecutor.java:410)
	at com.kms.katalon.core.main.TestCaseExecutor.execute(TestCaseExecutor.java:285)
	at com.kms.katalon.core.common.CommonExecutor.accessTestCaseMainPhase(CommonExecutor.java:65)
	at com.kms.katalon.core.main.TestSuiteExecutor.accessTestSuiteMainPhase(TestSuiteExecutor.java:148)
	at com.kms.katalon.core.main.TestSuiteExecutor.execute(TestSuiteExecutor.java:106)
	at com.kms.katalon.core.main.TestCaseMain.startTestSuite(TestCaseMain.java:187)
	at com.kms.katalon.core.main.TestCaseMain$startTestSuite$0.call(Unknown Source)
	at TempTestSuite1716323052028.run(TempTestSuite1716323052028.groovy:35)
Caused by: com.kms.katalon.core.webui.exception.WebElementNotFoundException: Web element with id: 'Object Repository/ADM/1Configuracion/3Seguridad/3Funcionarios/0 Listado/td_Prueba3' located by '//table[@id='ctl00_ContentPlaceHolder2_gvFuncionarios']/tbody/tr[3]/td' not found
	at com.kms.katalon.core.webui.common.WebUiCommonHelper.findWebElement(WebUiCommonHelper.java:1381)
	at com.kms.katalon.core.webui.keyword.internal.WebUIAbstractKeyword.findWebElement(WebUIAbstractKeyword.groovy:27)
	at com.kms.katalon.core.webui.keyword.builtin.ClickKeyword$_click_closure1.doCall(ClickKeyword.groovy:65)
	at com.kms.katalon.core.webui.keyword.builtin.ClickKeyword$_click_closure1.call(ClickKeyword.groovy)
	at com.kms.katalon.core.webui.keyword.internal.WebUIKeywordMain.runKeyword(WebUIKeywordMain.groovy:20)
	at com.kms.katalon.core.webui.keyword.builtin.ClickKeyword.click(ClickKeyword.groovy:74)
	at com.kms.katalon.core.webui.keyword.builtin.ClickKeyword.execute(ClickKeyword.groovy:40)
	at com.kms.katalon.core.keyword.internal.KeywordExecutor.executeKeywordForPlatform(KeywordExecutor.groovy:74)
	at com.kms.katalon.core.webui.keyword.WebUiBuiltInKeywords.click(WebUiBuiltInKeywords.groovy:608)
	at com.kms.katalon.core.webui.keyword.WebUiBuiltInKeywords$click$3.call(Unknown Source)
	at Script1701787706258.run(Script1701787706258.groovy:40)
	... 13 more
)
[[ATTACHMENT|C:\\CIEL INGENIERIA\\Katalon\\AgendamientoADM\\Reports\\20240521_152353\\1 Configuracion\\3 Seguridad\\3 Funcionarios\\20240521_152412\\1716326087828.png]]

2024-05-21 16:14:47 - [TEST_STEP][PASSED] - Start listener action : sampleAfterTestCase: null]]></system-out>
         <system-err><![CDATA[2024-05-21 16:13:51 - [TEST_CASE][FAILED] - Test Cases/Configuracion/3 Seguridad/3 Funcionarios/R124: Test Cases/Configuracion/3 Seguridad/3 Funcionarios/R124 FAILED.
Reason:
com.kms.katalon.core.exception.StepFailedException: Unable to click on object 'Object Repository/ADM/1Configuracion/3Seguridad/3Funcionarios/0 Listado/td_Prueba3'
	at com.kms.katalon.core.webui.keyword.internal.WebUIKeywordMain.stepFailed(WebUIKeywordMain.groovy:64)
	at com.kms.katalon.core.webui.keyword.internal.WebUIKeywordMain.runKeyword(WebUIKeywordMain.groovy:26)
	at com.kms.katalon.core.webui.keyword.builtin.ClickKeyword.click(ClickKeyword.groovy:74)
	at com.kms.katalon.core.webui.keyword.builtin.ClickKeyword.execute(ClickKeyword.groovy:40)
	at com.kms.katalon.core.keyword.internal.KeywordExecutor.executeKeywordForPlatform(KeywordExecutor.groovy:74)
	at com.kms.katalon.core.webui.keyword.WebUiBuiltInKeywords.click(WebUiBuiltInKeywords.groovy:608)
	at com.kms.katalon.core.webui.keyword.WebUiBuiltInKeywords$click$3.call(Unknown Source)
	at R124.run(R124:40)
	at com.kms.katalon.core.main.ScriptEngine.run(ScriptEngine.java:194)
	at com.kms.katalon.core.main.ScriptEngine.runScriptAsRawText(ScriptEngine.java:119)
	at com.kms.katalon.core.main.TestCaseExecutor.runScript(TestCaseExecutor.java:448)
	at com.kms.katalon.core.main.TestCaseExecutor.doExecute(TestCaseExecutor.java:439)
	at com.kms.katalon.core.main.TestCaseExecutor.processExecutionPhase(TestCaseExecutor.java:418)
	at com.kms.katalon.core.main.TestCaseExecutor.accessMainPhase(TestCaseExecutor.java:410)
	at com.kms.katalon.core.main.TestCaseExecutor.execute(TestCaseExecutor.java:285)
	at com.kms.katalon.core.common.CommonExecutor.accessTestCaseMainPhase(CommonExecutor.java:65)
	at com.kms.katalon.core.main.TestSuiteExecutor.accessTestSuiteMainPhase(TestSuiteExecutor.java:148)
	at com.kms.katalon.core.main.TestSuiteExecutor.execute(TestSuiteExecutor.java:106)
	at com.kms.katalon.core.main.TestCaseMain.startTestSuite(TestCaseMain.java:187)
	at com.kms.katalon.core.main.TestCaseMain$startTestSuite$0.call(Unknown Source)
	at TempTestSuite1716323052028.run(TempTestSuite1716323052028.groovy:35)
Caused by: com.kms.katalon.core.webui.exception.WebElementNotFoundException: Web element with id: 'Object Repository/ADM/1Configuracion/3Seguridad/3Funcionarios/0 Listado/td_Prueba3' located by '//table[@id='ctl00_ContentPlaceHolder2_gvFuncionarios']/tbody/tr[3]/td' not found
	at com.kms.katalon.core.webui.common.WebUiCommonHelper.findWebElement(WebUiCommonHelper.java:1381)
	at com.kms.katalon.core.webui.keyword.internal.WebUIAbstractKeyword.findWebElement(WebUIAbstractKeyword.groovy:27)
	at com.kms.katalon.core.webui.keyword.builtin.ClickKeyword$_click_closure1.doCall(ClickKeyword.groovy:65)
	at com.kms.katalon.core.webui.keyword.builtin.ClickKeyword$_click_closure1.call(ClickKeyword.groovy)
	at com.kms.katalon.core.webui.keyword.internal.WebUIKeywordMain.runKeyword(WebUIKeywordMain.groovy:20)
	... 19 more]]></system-err>
      </testcase>
      <testcase name="Test Cases/Configuracion/3 Seguridad/3 Funcionarios/R126" time="57.019" classname="Test Cases/Configuracion/3 Seguridad/3 Funcionarios/R126" status="FAILED">
         <failure type="FAILED" message="Test Cases/Configuracion/3 Seguridad/3 Funcionarios/R126 FAILED.
Reason:
com.kms.katalon.core.exception.StepFailedException: Unable to click on object 'Object Repository/ADM/1Configuracion/3Seguridad/3Funcionarios/0 Listado/td_Prueba3'
	at com.kms.katalon.core.webui.keyword.internal.WebUIKeywordMain.stepFailed(WebUIKeywordMain.groovy:64)
	at com.kms.katalon.core.webui.keyword.internal.WebUIKeywordMain.runKeyword(WebUIKeywordMain.groovy:26)
	at com.kms.katalon.core.webui.keyword.builtin.ClickKeyword.click(ClickKeyword.groovy:74)
	at com.kms.katalon.core.webui.keyword.builtin.ClickKeyword.execute(ClickKeyword.groovy:40)
	at com.kms.katalon.core.keyword.internal.KeywordExecutor.executeKeywordForPlatform(KeywordExecutor.groovy:74)
	at com.kms.katalon.core.webui.keyword.WebUiBuiltInKeywords.click(WebUiBuiltInKeywords.groovy:608)
	at com.kms.katalon.core.webui.keyword.WebUiBuiltInKeywords$click$3.call(Unknown Source)
	at R126.run(R126:40)
	at com.kms.katalon.core.main.ScriptEngine.run(ScriptEngine.java:194)
	at com.kms.katalon.core.main.ScriptEngine.runScriptAsRawText(ScriptEngine.java:119)
	at com.kms.katalon.core.main.TestCaseExecutor.runScript(TestCaseExecutor.java:448)
	at com.kms.katalon.core.main.TestCaseExecutor.doExecute(TestCaseExecutor.java:439)
	at com.kms.katalon.core.main.TestCaseExecutor.processExecutionPhase(TestCaseExecutor.java:418)
	at com.kms.katalon.core.main.TestCaseExecutor.accessMainPhase(TestCaseExecutor.java:410)
	at com.kms.katalon.core.main.TestCaseExecutor.execute(TestCaseExecutor.java:285)
	at com.kms.katalon.core.common.CommonExecutor.accessTestCaseMainPhase(CommonExecutor.java:65)
	at com.kms.katalon.core.main.TestSuiteExecutor.accessTestSuiteMainPhase(TestSuiteExecutor.java:148)
	at com.kms.katalon.core.main.TestSuiteExecutor.execute(TestSuiteExecutor.java:106)
	at com.kms.katalon.core.main.TestCaseMain.startTestSuite(TestCaseMain.java:187)
	at com.kms.katalon.core.main.TestCaseMain$startTestSuite$0.call(Unknown Source)
	at TempTestSuite1716323052028.run(TempTestSuite1716323052028.groovy:35)
Caused by: com.kms.katalon.core.webui.exception.WebElementNotFoundException: Web element with id: 'Object Repository/ADM/1Configuracion/3Seguridad/3Funcionarios/0 Listado/td_Prueba3' located by '//table[@id='ctl00_ContentPlaceHolder2_gvFuncionarios']/tbody/tr[3]/td' not found
	at com.kms.katalon.core.webui.common.WebUiCommonHelper.findWebElement(WebUiCommonHelper.java:1381)
	at com.kms.katalon.core.webui.keyword.internal.WebUIAbstractKeyword.findWebElement(WebUIAbstractKeyword.groovy:27)
	at com.kms.katalon.core.webui.keyword.builtin.ClickKeyword$_click_closure1.doCall(ClickKeyword.groovy:65)
	at com.kms.katalon.core.webui.keyword.builtin.ClickKeyword$_click_closure1.call(ClickKeyword.groovy)
	at com.kms.katalon.core.webui.keyword.internal.WebUIKeywordMain.runKeyword(WebUIKeywordMain.groovy:20)
	... 19 more
"/>
         <system-out><![CDATA[2024-05-21 16:14:47 - [TEST_CASE][FAILED] - Test Cases/Configuracion/3 Seguridad/3 Funcionarios/R126: Test Cases/Configuracion/3 Seguridad/3 Funcionarios/R126 FAILED.
Reason:
com.kms.katalon.core.exception.StepFailedException: Unable to click on object 'Object Repository/ADM/1Configuracion/3Seguridad/3Funcionarios/0 Listado/td_Prueba3'
	at com.kms.katalon.core.webui.keyword.internal.WebUIKeywordMain.stepFailed(WebUIKeywordMain.groovy:64)
	at com.kms.katalon.core.webui.keyword.internal.WebUIKeywordMain.runKeyword(WebUIKeywordMain.groovy:26)
	at com.kms.katalon.core.webui.keyword.builtin.ClickKeyword.click(ClickKeyword.groovy:74)
	at com.kms.katalon.core.webui.keyword.builtin.ClickKeyword.execute(ClickKeyword.groovy:40)
	at com.kms.katalon.core.keyword.internal.KeywordExecutor.executeKeywordForPlatform(KeywordExecutor.groovy:74)
	at com.kms.katalon.core.webui.keyword.WebUiBuiltInKeywords.click(WebUiBuiltInKeywords.groovy:608)
	at com.kms.katalon.core.webui.keyword.WebUiBuiltInKeywords$click$3.call(Unknown Source)
	at R126.run(R126:40)
	at com.kms.katalon.core.main.ScriptEngine.run(ScriptEngine.java:194)
	at com.kms.katalon.core.main.ScriptEngine.runScriptAsRawText(ScriptEngine.java:119)
	at com.kms.katalon.core.main.TestCaseExecutor.runScript(TestCaseExecutor.java:448)
	at com.kms.katalon.core.main.TestCaseExecutor.doExecute(TestCaseExecutor.java:439)
	at com.kms.katalon.core.main.TestCaseExecutor.processExecutionPhase(TestCaseExecutor.java:418)
	at com.kms.katalon.core.main.TestCaseExecutor.accessMainPhase(TestCaseExecutor.java:410)
	at com.kms.katalon.core.main.TestCaseExecutor.execute(TestCaseExecutor.java:285)
	at com.kms.katalon.core.common.CommonExecutor.accessTestCaseMainPhase(CommonExecutor.java:65)
	at com.kms.katalon.core.main.TestSuiteExecutor.accessTestSuiteMainPhase(TestSuiteExecutor.java:148)
	at com.kms.katalon.core.main.TestSuiteExecutor.execute(TestSuiteExecutor.java:106)
	at com.kms.katalon.core.main.TestCaseMain.startTestSuite(TestCaseMain.java:187)
	at com.kms.katalon.core.main.TestCaseMain$startTestSuite$0.call(Unknown Source)
	at TempTestSuite1716323052028.run(TempTestSuite1716323052028.groovy:35)
Caused by: com.kms.katalon.core.webui.exception.WebElementNotFoundException: Web element with id: 'Object Repository/ADM/1Configuracion/3Seguridad/3Funcionarios/0 Listado/td_Prueba3' located by '//table[@id='ctl00_ContentPlaceHolder2_gvFuncionarios']/tbody/tr[3]/td' not found
	at com.kms.katalon.core.webui.common.WebUiCommonHelper.findWebElement(WebUiCommonHelper.java:1381)
	at com.kms.katalon.core.webui.keyword.internal.WebUIAbstractKeyword.findWebElement(WebUIAbstractKeyword.groovy:27)
	at com.kms.katalon.core.webui.keyword.builtin.ClickKeyword$_click_closure1.doCall(ClickKeyword.groovy:65)
	at com.kms.katalon.core.webui.keyword.builtin.ClickKeyword$_click_closure1.call(ClickKeyword.groovy)
	at com.kms.katalon.core.webui.keyword.internal.WebUIKeywordMain.runKeyword(WebUIKeywordMain.groovy:20)
	... 19 more


2024-05-21 16:14:48 - [TEST_STEP][PASSED] - callTestCase(findTestCase("0InicioSesion"), [:], STOP_ON_FAILURE): Call Test Case 'Test Cases/0InicioSesion' successfully

2024-05-21 16:14:48 - [TEST_CASE][PASSED] - Test Cases/0InicioSesion: Test Cases/0InicioSesion

2024-05-21 16:14:48 - [TEST_STEP][PASSED] - openBrowser(Url): Browser is opened with url: 'https://pcpruebas101.ciel.cielingenieria.com:8815/'

2024-05-21 16:14:48 - [MESSAGE][WARNING] - A browser is already opened. Closing browser and opening a new one

2024-05-21 16:14:49 - [MESSAGE][INFO] - Starting 'Chrome' driver

2024-05-21 16:14:49 - [MESSAGE][INFO] - Action delay is set to 0 milliseconds

2024-05-21 16:14:51 - [MESSAGE][PASSED] - Browser is opened with url: 'https://pcpruebas101.ciel.cielingenieria.com:8815/'

2024-05-21 16:14:51 - [TEST_STEP][PASSED] - maximizeWindow(): Current window maximized

2024-05-21 16:14:51 - [MESSAGE][PASSED] - Current window maximized

2024-05-21 16:14:51 - [TEST_STEP][PASSED] - delay(2): Delayed 2 second(s)

2024-05-21 16:14:53 - [MESSAGE][PASSED] - Delayed 2 second(s)

2024-05-21 16:14:53 - [TEST_STEP][PASSED] - setText(findTestObject("ADM/0Inicio Sesion/input_Usuario"), Usuario): Text 'Ciel' is set on object 'Object Repository/ADM/0Inicio Sesion/input_Usuario'

2024-05-21 16:14:55 - [MESSAGE][PASSED] - Text 'Ciel' is set on object 'Object Repository/ADM/0Inicio Sesion/input_Usuario'

2024-05-21 16:14:55 - [TEST_STEP][PASSED] - delay(2): Delayed 2 second(s)

2024-05-21 16:14:57 - [MESSAGE][PASSED] - Delayed 2 second(s)

2024-05-21 16:14:57 - [TEST_STEP][PASSED] - setText(findTestObject("ADM/0Inicio Sesion/input_Clave"), Clave): Text 'Digiturno5.' is set on object 'Object Repository/ADM/0Inicio Sesion/input_Clave'

2024-05-21 16:14:57 - [MESSAGE][PASSED] - Text 'Digiturno5.' is set on object 'Object Repository/ADM/0Inicio Sesion/input_Clave'

2024-05-21 16:14:57 - [TEST_STEP][PASSED] - delay(2): Delayed 2 second(s)

2024-05-21 16:14:59 - [MESSAGE][PASSED] - Delayed 2 second(s)

2024-05-21 16:14:59 - [TEST_STEP][PASSED] - click(findTestObject("ADM/0Inicio Sesion/btn_IniciarSesion")): Object: 'Object Repository/ADM/0Inicio Sesion/btn_IniciarSesion' is clicked on

2024-05-21 16:15:00 - [MESSAGE][PASSED] - Object: 'Object Repository/ADM/0Inicio Sesion/btn_IniciarSesion' is clicked on

2024-05-21 16:15:00 - [TEST_STEP][PASSED] - delay(3): Delayed 3 second(s)

2024-05-21 16:15:03 - [MESSAGE][PASSED] - Delayed 3 second(s)

2024-05-21 16:15:03 - [MESSAGE][PASSED] - Call Test Case 'Test Cases/0InicioSesion' successfully

2024-05-21 16:15:03 - [TEST_STEP][PASSED] - comment("Verificar campos presentes al editar"): Verificar campos presentes al editar

2024-05-21 16:15:03 - [MESSAGE][INFO] - Verificar campos presentes al editar

2024-05-21 16:15:03 - [TEST_STEP][PASSED] - click(findTestObject("ADM/0Principal/a_Configuracion")): Object: 'Object Repository/ADM/0Principal/a_Configuracion' is clicked on

2024-05-21 16:15:03 - [MESSAGE][PASSED] - Object: 'Object Repository/ADM/0Principal/a_Configuracion' is clicked on

2024-05-21 16:15:03 - [TEST_STEP][PASSED] - delay(2): Delayed 2 second(s)

2024-05-21 16:15:05 - [MESSAGE][PASSED] - Delayed 2 second(s)

2024-05-21 16:15:05 - [TEST_STEP][PASSED] - click(findTestObject("ADM/1Configuracion/0Principal/a_3 Seguridad")): Object: 'Object Repository/ADM/1Configuracion/0Principal/a_3 Seguridad' is clicked on

2024-05-21 16:15:06 - [MESSAGE][PASSED] - Object: 'Object Repository/ADM/1Configuracion/0Principal/a_3 Seguridad' is clicked on

2024-05-21 16:15:06 - [TEST_STEP][PASSED] - delay(2): Delayed 2 second(s)

2024-05-21 16:15:08 - [MESSAGE][PASSED] - Delayed 2 second(s)

2024-05-21 16:15:08 - [TEST_STEP][PASSED] - click(findTestObject("ADM/1Configuracion/3Seguridad/0Principal/a_3 Funcionarios"), STOP_ON_FAILURE): Object: 'Object Repository/ADM/1Configuracion/3Seguridad/0Principal/a_3 Funcionarios' is clicked on

2024-05-21 16:15:09 - [MESSAGE][PASSED] - Object: 'Object Repository/ADM/1Configuracion/3Seguridad/0Principal/a_3 Funcionarios' is clicked on

2024-05-21 16:15:09 - [TEST_STEP][PASSED] - delay(2): Delayed 2 second(s)

2024-05-21 16:15:11 - [MESSAGE][PASSED] - Delayed 2 second(s)

2024-05-21 16:15:11 - [TEST_STEP][PASSED] - click(findTestObject("ADM/1Configuracion/3Seguridad/3Funcionarios/0 Listado/a_P"), STOP_ON_FAILURE): Object: 'Object Repository/ADM/1Configuracion/3Seguridad/3Funcionarios/0 Listado/a_P' is clicked on

2024-05-21 16:15:11 - [MESSAGE][PASSED] - Object: 'Object Repository/ADM/1Configuracion/3Seguridad/3Funcionarios/0 Listado/a_P' is clicked on

2024-05-21 16:15:11 - [TEST_STEP][PASSED] - delay(2): Delayed 2 second(s)

2024-05-21 16:15:13 - [MESSAGE][PASSED] - Delayed 2 second(s)

2024-05-21 16:15:13 - [TEST_STEP][FAILED] - click(findTestObject("ADM/1Configuracion/3Seguridad/3Funcionarios/0 Listado/td_Prueba3"), STOP_ON_FAILURE): Unable to click on object 'Object Repository/ADM/1Configuracion/3Seguridad/3Funcionarios/0 Listado/td_Prueba3' (Root cause: com.kms.katalon.core.exception.StepFailedException: Unable to click on object 'Object Repository/ADM/1Configuracion/3Seguridad/3Funcionarios/0 Listado/td_Prueba3'
	at com.kms.katalon.core.webui.keyword.internal.WebUIKeywordMain.stepFailed(WebUIKeywordMain.groovy:64)
	at com.kms.katalon.core.webui.keyword.internal.WebUIKeywordMain.runKeyword(WebUIKeywordMain.groovy:26)
	at com.kms.katalon.core.webui.keyword.builtin.ClickKeyword.click(ClickKeyword.groovy:74)
	at com.kms.katalon.core.webui.keyword.builtin.ClickKeyword.execute(ClickKeyword.groovy:40)
	at com.kms.katalon.core.keyword.internal.KeywordExecutor.executeKeywordForPlatform(KeywordExecutor.groovy:74)
	at com.kms.katalon.core.webui.keyword.WebUiBuiltInKeywords.click(WebUiBuiltInKeywords.groovy:608)
	at com.kms.katalon.core.webui.keyword.WebUiBuiltInKeywords$click$3.call(Unknown Source)
	at R126.run(R126:40)
	at com.kms.katalon.core.main.ScriptEngine.run(ScriptEngine.java:194)
	at com.kms.katalon.core.main.ScriptEngine.runScriptAsRawText(ScriptEngine.java:119)
	at com.kms.katalon.core.main.TestCaseExecutor.runScript(TestCaseExecutor.java:448)
	at com.kms.katalon.core.main.TestCaseExecutor.doExecute(TestCaseExecutor.java:439)
	at com.kms.katalon.core.main.TestCaseExecutor.processExecutionPhase(TestCaseExecutor.java:418)
	at com.kms.katalon.core.main.TestCaseExecutor.accessMainPhase(TestCaseExecutor.java:410)
	at com.kms.katalon.core.main.TestCaseExecutor.execute(TestCaseExecutor.java:285)
	at com.kms.katalon.core.common.CommonExecutor.accessTestCaseMainPhase(CommonExecutor.java:65)
	at com.kms.katalon.core.main.TestSuiteExecutor.accessTestSuiteMainPhase(TestSuiteExecutor.java:148)
	at com.kms.katalon.core.main.TestSuiteExecutor.execute(TestSuiteExecutor.java:106)
	at com.kms.katalon.core.main.TestCaseMain.startTestSuite(TestCaseMain.java:187)
	at com.kms.katalon.core.main.TestCaseMain$startTestSuite$0.call(Unknown Source)
	at TempTestSuite1716323052028.run(TempTestSuite1716323052028.groovy:35)
Caused by: com.kms.katalon.core.webui.exception.WebElementNotFoundException: Web element with id: 'Object Repository/ADM/1Configuracion/3Seguridad/3Funcionarios/0 Listado/td_Prueba3' located by '//table[@id='ctl00_ContentPlaceHolder2_gvFuncionarios']/tbody/tr[3]/td' not found
	at com.kms.katalon.core.webui.common.WebUiCommonHelper.findWebElement(WebUiCommonHelper.java:1381)
	at com.kms.katalon.core.webui.keyword.internal.WebUIAbstractKeyword.findWebElement(WebUIAbstractKeyword.groovy:27)
	at com.kms.katalon.core.webui.keyword.builtin.ClickKeyword$_click_closure1.doCall(ClickKeyword.groovy:65)
	at com.kms.katalon.core.webui.keyword.builtin.ClickKeyword$_click_closure1.call(ClickKeyword.groovy)
	at com.kms.katalon.core.webui.keyword.internal.WebUIKeywordMain.runKeyword(WebUIKeywordMain.groovy:20)
	at com.kms.katalon.core.webui.keyword.builtin.ClickKeyword.click(ClickKeyword.groovy:74)
	at com.kms.katalon.core.webui.keyword.builtin.ClickKeyword.execute(ClickKeyword.groovy:40)
	at com.kms.katalon.core.keyword.internal.KeywordExecutor.executeKeywordForPlatform(KeywordExecutor.groovy:74)
	at com.kms.katalon.core.webui.keyword.WebUiBuiltInKeywords.click(WebUiBuiltInKeywords.groovy:608)
	at com.kms.katalon.core.webui.keyword.WebUiBuiltInKeywords$click$3.call(Unknown Source)
	at Script1701789484286.run(Script1701789484286.groovy:40)
	... 13 more
)

2024-05-21 16:15:44 - [MESSAGE][INFO] - Unable to find the element located by 'By.xpath: //table[@id='ctl00_ContentPlaceHolder2_gvFuncionarios']/tbody/tr[3]/td'. Please recheck the objects properties to make sure the desired element is located. 

2024-05-21 16:15:44 - [MESSAGE][FAILED] - Unable to click on object 'Object Repository/ADM/1Configuracion/3Seguridad/3Funcionarios/0 Listado/td_Prueba3' (Root cause: com.kms.katalon.core.exception.StepFailedException: Unable to click on object 'Object Repository/ADM/1Configuracion/3Seguridad/3Funcionarios/0 Listado/td_Prueba3'
	at com.kms.katalon.core.webui.keyword.internal.WebUIKeywordMain.stepFailed(WebUIKeywordMain.groovy:64)
	at com.kms.katalon.core.webui.keyword.internal.WebUIKeywordMain.runKeyword(WebUIKeywordMain.groovy:26)
	at com.kms.katalon.core.webui.keyword.builtin.ClickKeyword.click(ClickKeyword.groovy:74)
	at com.kms.katalon.core.webui.keyword.builtin.ClickKeyword.execute(ClickKeyword.groovy:40)
	at com.kms.katalon.core.keyword.internal.KeywordExecutor.executeKeywordForPlatform(KeywordExecutor.groovy:74)
	at com.kms.katalon.core.webui.keyword.WebUiBuiltInKeywords.click(WebUiBuiltInKeywords.groovy:608)
	at com.kms.katalon.core.webui.keyword.WebUiBuiltInKeywords$click$3.call(Unknown Source)
	at R126.run(R126:40)
	at com.kms.katalon.core.main.ScriptEngine.run(ScriptEngine.java:194)
	at com.kms.katalon.core.main.ScriptEngine.runScriptAsRawText(ScriptEngine.java:119)
	at com.kms.katalon.core.main.TestCaseExecutor.runScript(TestCaseExecutor.java:448)
	at com.kms.katalon.core.main.TestCaseExecutor.doExecute(TestCaseExecutor.java:439)
	at com.kms.katalon.core.main.TestCaseExecutor.processExecutionPhase(TestCaseExecutor.java:418)
	at com.kms.katalon.core.main.TestCaseExecutor.accessMainPhase(TestCaseExecutor.java:410)
	at com.kms.katalon.core.main.TestCaseExecutor.execute(TestCaseExecutor.java:285)
	at com.kms.katalon.core.common.CommonExecutor.accessTestCaseMainPhase(CommonExecutor.java:65)
	at com.kms.katalon.core.main.TestSuiteExecutor.accessTestSuiteMainPhase(TestSuiteExecutor.java:148)
	at com.kms.katalon.core.main.TestSuiteExecutor.execute(TestSuiteExecutor.java:106)
	at com.kms.katalon.core.main.TestCaseMain.startTestSuite(TestCaseMain.java:187)
	at com.kms.katalon.core.main.TestCaseMain$startTestSuite$0.call(Unknown Source)
	at TempTestSuite1716323052028.run(TempTestSuite1716323052028.groovy:35)
Caused by: com.kms.katalon.core.webui.exception.WebElementNotFoundException: Web element with id: 'Object Repository/ADM/1Configuracion/3Seguridad/3Funcionarios/0 Listado/td_Prueba3' located by '//table[@id='ctl00_ContentPlaceHolder2_gvFuncionarios']/tbody/tr[3]/td' not found
	at com.kms.katalon.core.webui.common.WebUiCommonHelper.findWebElement(WebUiCommonHelper.java:1381)
	at com.kms.katalon.core.webui.keyword.internal.WebUIAbstractKeyword.findWebElement(WebUIAbstractKeyword.groovy:27)
	at com.kms.katalon.core.webui.keyword.builtin.ClickKeyword$_click_closure1.doCall(ClickKeyword.groovy:65)
	at com.kms.katalon.core.webui.keyword.builtin.ClickKeyword$_click_closure1.call(ClickKeyword.groovy)
	at com.kms.katalon.core.webui.keyword.internal.WebUIKeywordMain.runKeyword(WebUIKeywordMain.groovy:20)
	at com.kms.katalon.core.webui.keyword.builtin.ClickKeyword.click(ClickKeyword.groovy:74)
	at com.kms.katalon.core.webui.keyword.builtin.ClickKeyword.execute(ClickKeyword.groovy:40)
	at com.kms.katalon.core.keyword.internal.KeywordExecutor.executeKeywordForPlatform(KeywordExecutor.groovy:74)
	at com.kms.katalon.core.webui.keyword.WebUiBuiltInKeywords.click(WebUiBuiltInKeywords.groovy:608)
	at com.kms.katalon.core.webui.keyword.WebUiBuiltInKeywords$click$3.call(Unknown Source)
	at Script1701789484286.run(Script1701789484286.groovy:40)
	... 13 more
)
[[ATTACHMENT|C:\\CIEL INGENIERIA\\Katalon\\AgendamientoADM\\Reports\\20240521_152353\\1 Configuracion\\3 Seguridad\\3 Funcionarios\\20240521_152412\\1716326144736.png]]

2024-05-21 16:15:44 - [TEST_STEP][PASSED] - Start listener action : sampleAfterTestCase: null]]></system-out>
         <system-err><![CDATA[2024-05-21 16:14:47 - [TEST_CASE][FAILED] - Test Cases/Configuracion/3 Seguridad/3 Funcionarios/R126: Test Cases/Configuracion/3 Seguridad/3 Funcionarios/R126 FAILED.
Reason:
com.kms.katalon.core.exception.StepFailedException: Unable to click on object 'Object Repository/ADM/1Configuracion/3Seguridad/3Funcionarios/0 Listado/td_Prueba3'
	at com.kms.katalon.core.webui.keyword.internal.WebUIKeywordMain.stepFailed(WebUIKeywordMain.groovy:64)
	at com.kms.katalon.core.webui.keyword.internal.WebUIKeywordMain.runKeyword(WebUIKeywordMain.groovy:26)
	at com.kms.katalon.core.webui.keyword.builtin.ClickKeyword.click(ClickKeyword.groovy:74)
	at com.kms.katalon.core.webui.keyword.builtin.ClickKeyword.execute(ClickKeyword.groovy:40)
	at com.kms.katalon.core.keyword.internal.KeywordExecutor.executeKeywordForPlatform(KeywordExecutor.groovy:74)
	at com.kms.katalon.core.webui.keyword.WebUiBuiltInKeywords.click(WebUiBuiltInKeywords.groovy:608)
	at com.kms.katalon.core.webui.keyword.WebUiBuiltInKeywords$click$3.call(Unknown Source)
	at R126.run(R126:40)
	at com.kms.katalon.core.main.ScriptEngine.run(ScriptEngine.java:194)
	at com.kms.katalon.core.main.ScriptEngine.runScriptAsRawText(ScriptEngine.java:119)
	at com.kms.katalon.core.main.TestCaseExecutor.runScript(TestCaseExecutor.java:448)
	at com.kms.katalon.core.main.TestCaseExecutor.doExecute(TestCaseExecutor.java:439)
	at com.kms.katalon.core.main.TestCaseExecutor.processExecutionPhase(TestCaseExecutor.java:418)
	at com.kms.katalon.core.main.TestCaseExecutor.accessMainPhase(TestCaseExecutor.java:410)
	at com.kms.katalon.core.main.TestCaseExecutor.execute(TestCaseExecutor.java:285)
	at com.kms.katalon.core.common.CommonExecutor.accessTestCaseMainPhase(CommonExecutor.java:65)
	at com.kms.katalon.core.main.TestSuiteExecutor.accessTestSuiteMainPhase(TestSuiteExecutor.java:148)
	at com.kms.katalon.core.main.TestSuiteExecutor.execute(TestSuiteExecutor.java:106)
	at com.kms.katalon.core.main.TestCaseMain.startTestSuite(TestCaseMain.java:187)
	at com.kms.katalon.core.main.TestCaseMain$startTestSuite$0.call(Unknown Source)
	at TempTestSuite1716323052028.run(TempTestSuite1716323052028.groovy:35)
Caused by: com.kms.katalon.core.webui.exception.WebElementNotFoundException: Web element with id: 'Object Repository/ADM/1Configuracion/3Seguridad/3Funcionarios/0 Listado/td_Prueba3' located by '//table[@id='ctl00_ContentPlaceHolder2_gvFuncionarios']/tbody/tr[3]/td' not found
	at com.kms.katalon.core.webui.common.WebUiCommonHelper.findWebElement(WebUiCommonHelper.java:1381)
	at com.kms.katalon.core.webui.keyword.internal.WebUIAbstractKeyword.findWebElement(WebUIAbstractKeyword.groovy:27)
	at com.kms.katalon.core.webui.keyword.builtin.ClickKeyword$_click_closure1.doCall(ClickKeyword.groovy:65)
	at com.kms.katalon.core.webui.keyword.builtin.ClickKeyword$_click_closure1.call(ClickKeyword.groovy)
	at com.kms.katalon.core.webui.keyword.internal.WebUIKeywordMain.runKeyword(WebUIKeywordMain.groovy:20)
	... 19 more]]></system-err>
      </testcase>
      <testcase name="Test Cases/Configuracion/3 Seguridad/3 Funcionarios/R127" time="56.41" classname="Test Cases/Configuracion/3 Seguridad/3 Funcionarios/R127" status="FAILED">
         <failure type="FAILED" message="Test Cases/Configuracion/3 Seguridad/3 Funcionarios/R127 FAILED.
Reason:
com.kms.katalon.core.exception.StepFailedException: Unable to click on object 'Object Repository/ADM/1Configuracion/3Seguridad/3Funcionarios/0 Listado/a_Prueba3_btnBorrar'
	at com.kms.katalon.core.webui.keyword.internal.WebUIKeywordMain.stepFailed(WebUIKeywordMain.groovy:64)
	at com.kms.katalon.core.webui.keyword.internal.WebUIKeywordMain.runKeyword(WebUIKeywordMain.groovy:26)
	at com.kms.katalon.core.webui.keyword.builtin.ClickKeyword.click(ClickKeyword.groovy:74)
	at com.kms.katalon.core.webui.keyword.builtin.ClickKeyword.execute(ClickKeyword.groovy:40)
	at com.kms.katalon.core.keyword.internal.KeywordExecutor.executeKeywordForPlatform(KeywordExecutor.groovy:74)
	at com.kms.katalon.core.webui.keyword.WebUiBuiltInKeywords.click(WebUiBuiltInKeywords.groovy:608)
	at com.kms.katalon.core.webui.keyword.WebUiBuiltInKeywords$click$3.call(Unknown Source)
	at R127.run(R127:40)
	at com.kms.katalon.core.main.ScriptEngine.run(ScriptEngine.java:194)
	at com.kms.katalon.core.main.ScriptEngine.runScriptAsRawText(ScriptEngine.java:119)
	at com.kms.katalon.core.main.TestCaseExecutor.runScript(TestCaseExecutor.java:448)
	at com.kms.katalon.core.main.TestCaseExecutor.doExecute(TestCaseExecutor.java:439)
	at com.kms.katalon.core.main.TestCaseExecutor.processExecutionPhase(TestCaseExecutor.java:418)
	at com.kms.katalon.core.main.TestCaseExecutor.accessMainPhase(TestCaseExecutor.java:410)
	at com.kms.katalon.core.main.TestCaseExecutor.execute(TestCaseExecutor.java:285)
	at com.kms.katalon.core.common.CommonExecutor.accessTestCaseMainPhase(CommonExecutor.java:65)
	at com.kms.katalon.core.main.TestSuiteExecutor.accessTestSuiteMainPhase(TestSuiteExecutor.java:148)
	at com.kms.katalon.core.main.TestSuiteExecutor.execute(TestSuiteExecutor.java:106)
	at com.kms.katalon.core.main.TestCaseMain.startTestSuite(TestCaseMain.java:187)
	at com.kms.katalon.core.main.TestCaseMain$startTestSuite$0.call(Unknown Source)
	at TempTestSuite1716323052028.run(TempTestSuite1716323052028.groovy:35)
Caused by: com.kms.katalon.core.webui.exception.WebElementNotFoundException: Web element with id: 'Object Repository/ADM/1Configuracion/3Seguridad/3Funcionarios/0 Listado/a_Prueba3_btnBorrar' located by '//a[@id='ctl00_ContentPlaceHolder2_gvFuncionarios_ctl03_btnBorrar']' not found
	at com.kms.katalon.core.webui.common.WebUiCommonHelper.findWebElement(WebUiCommonHelper.java:1381)
	at com.kms.katalon.core.webui.keyword.internal.WebUIAbstractKeyword.findWebElement(WebUIAbstractKeyword.groovy:27)
	at com.kms.katalon.core.webui.keyword.builtin.ClickKeyword$_click_closure1.doCall(ClickKeyword.groovy:65)
	at com.kms.katalon.core.webui.keyword.builtin.ClickKeyword$_click_closure1.call(ClickKeyword.groovy)
	at com.kms.katalon.core.webui.keyword.internal.WebUIKeywordMain.runKeyword(WebUIKeywordMain.groovy:20)
	... 19 more
"/>
         <system-out><![CDATA[2024-05-21 16:15:44 - [TEST_CASE][FAILED] - Test Cases/Configuracion/3 Seguridad/3 Funcionarios/R127: Test Cases/Configuracion/3 Seguridad/3 Funcionarios/R127 FAILED.
Reason:
com.kms.katalon.core.exception.StepFailedException: Unable to click on object 'Object Repository/ADM/1Configuracion/3Seguridad/3Funcionarios/0 Listado/a_Prueba3_btnBorrar'
	at com.kms.katalon.core.webui.keyword.internal.WebUIKeywordMain.stepFailed(WebUIKeywordMain.groovy:64)
	at com.kms.katalon.core.webui.keyword.internal.WebUIKeywordMain.runKeyword(WebUIKeywordMain.groovy:26)
	at com.kms.katalon.core.webui.keyword.builtin.ClickKeyword.click(ClickKeyword.groovy:74)
	at com.kms.katalon.core.webui.keyword.builtin.ClickKeyword.execute(ClickKeyword.groovy:40)
	at com.kms.katalon.core.keyword.internal.KeywordExecutor.executeKeywordForPlatform(KeywordExecutor.groovy:74)
	at com.kms.katalon.core.webui.keyword.WebUiBuiltInKeywords.click(WebUiBuiltInKeywords.groovy:608)
	at com.kms.katalon.core.webui.keyword.WebUiBuiltInKeywords$click$3.call(Unknown Source)
	at R127.run(R127:40)
	at com.kms.katalon.core.main.ScriptEngine.run(ScriptEngine.java:194)
	at com.kms.katalon.core.main.ScriptEngine.runScriptAsRawText(ScriptEngine.java:119)
	at com.kms.katalon.core.main.TestCaseExecutor.runScript(TestCaseExecutor.java:448)
	at com.kms.katalon.core.main.TestCaseExecutor.doExecute(TestCaseExecutor.java:439)
	at com.kms.katalon.core.main.TestCaseExecutor.processExecutionPhase(TestCaseExecutor.java:418)
	at com.kms.katalon.core.main.TestCaseExecutor.accessMainPhase(TestCaseExecutor.java:410)
	at com.kms.katalon.core.main.TestCaseExecutor.execute(TestCaseExecutor.java:285)
	at com.kms.katalon.core.common.CommonExecutor.accessTestCaseMainPhase(CommonExecutor.java:65)
	at com.kms.katalon.core.main.TestSuiteExecutor.accessTestSuiteMainPhase(TestSuiteExecutor.java:148)
	at com.kms.katalon.core.main.TestSuiteExecutor.execute(TestSuiteExecutor.java:106)
	at com.kms.katalon.core.main.TestCaseMain.startTestSuite(TestCaseMain.java:187)
	at com.kms.katalon.core.main.TestCaseMain$startTestSuite$0.call(Unknown Source)
	at TempTestSuite1716323052028.run(TempTestSuite1716323052028.groovy:35)
Caused by: com.kms.katalon.core.webui.exception.WebElementNotFoundException: Web element with id: 'Object Repository/ADM/1Configuracion/3Seguridad/3Funcionarios/0 Listado/a_Prueba3_btnBorrar' located by '//a[@id='ctl00_ContentPlaceHolder2_gvFuncionarios_ctl03_btnBorrar']' not found
	at com.kms.katalon.core.webui.common.WebUiCommonHelper.findWebElement(WebUiCommonHelper.java:1381)
	at com.kms.katalon.core.webui.keyword.internal.WebUIAbstractKeyword.findWebElement(WebUIAbstractKeyword.groovy:27)
	at com.kms.katalon.core.webui.keyword.builtin.ClickKeyword$_click_closure1.doCall(ClickKeyword.groovy:65)
	at com.kms.katalon.core.webui.keyword.builtin.ClickKeyword$_click_closure1.call(ClickKeyword.groovy)
	at com.kms.katalon.core.webui.keyword.internal.WebUIKeywordMain.runKeyword(WebUIKeywordMain.groovy:20)
	... 19 more


2024-05-21 16:15:45 - [TEST_STEP][PASSED] - callTestCase(findTestCase("0InicioSesion"), [:], STOP_ON_FAILURE): Call Test Case 'Test Cases/0InicioSesion' successfully

2024-05-21 16:15:45 - [TEST_CASE][PASSED] - Test Cases/0InicioSesion: Test Cases/0InicioSesion

2024-05-21 16:15:45 - [TEST_STEP][PASSED] - openBrowser(Url): Browser is opened with url: 'https://pcpruebas101.ciel.cielingenieria.com:8815/'

2024-05-21 16:15:45 - [MESSAGE][WARNING] - A browser is already opened. Closing browser and opening a new one

2024-05-21 16:15:46 - [MESSAGE][INFO] - Starting 'Chrome' driver

2024-05-21 16:15:46 - [MESSAGE][INFO] - Action delay is set to 0 milliseconds

2024-05-21 16:15:48 - [MESSAGE][PASSED] - Browser is opened with url: 'https://pcpruebas101.ciel.cielingenieria.com:8815/'

2024-05-21 16:15:48 - [TEST_STEP][PASSED] - maximizeWindow(): Current window maximized

2024-05-21 16:15:48 - [MESSAGE][PASSED] - Current window maximized

2024-05-21 16:15:48 - [TEST_STEP][PASSED] - delay(2): Delayed 2 second(s)

2024-05-21 16:15:50 - [MESSAGE][PASSED] - Delayed 2 second(s)

2024-05-21 16:15:50 - [TEST_STEP][PASSED] - setText(findTestObject("ADM/0Inicio Sesion/input_Usuario"), Usuario): Text 'Ciel' is set on object 'Object Repository/ADM/0Inicio Sesion/input_Usuario'

2024-05-21 16:15:51 - [MESSAGE][PASSED] - Text 'Ciel' is set on object 'Object Repository/ADM/0Inicio Sesion/input_Usuario'

2024-05-21 16:15:51 - [TEST_STEP][PASSED] - delay(2): Delayed 2 second(s)

2024-05-21 16:15:53 - [MESSAGE][PASSED] - Delayed 2 second(s)

2024-05-21 16:15:53 - [TEST_STEP][PASSED] - setText(findTestObject("ADM/0Inicio Sesion/input_Clave"), Clave): Text 'Digiturno5.' is set on object 'Object Repository/ADM/0Inicio Sesion/input_Clave'

2024-05-21 16:15:54 - [MESSAGE][PASSED] - Text 'Digiturno5.' is set on object 'Object Repository/ADM/0Inicio Sesion/input_Clave'

2024-05-21 16:15:54 - [TEST_STEP][PASSED] - delay(2): Delayed 2 second(s)

2024-05-21 16:15:56 - [MESSAGE][PASSED] - Delayed 2 second(s)

2024-05-21 16:15:56 - [TEST_STEP][PASSED] - click(findTestObject("ADM/0Inicio Sesion/btn_IniciarSesion")): Object: 'Object Repository/ADM/0Inicio Sesion/btn_IniciarSesion' is clicked on

2024-05-21 16:15:56 - [MESSAGE][PASSED] - Object: 'Object Repository/ADM/0Inicio Sesion/btn_IniciarSesion' is clicked on

2024-05-21 16:15:56 - [TEST_STEP][PASSED] - delay(3): Delayed 3 second(s)

2024-05-21 16:15:59 - [MESSAGE][PASSED] - Delayed 3 second(s)

2024-05-21 16:16:00 - [MESSAGE][PASSED] - Call Test Case 'Test Cases/0InicioSesion' successfully

2024-05-21 16:16:00 - [TEST_STEP][PASSED] - comment("Eliminar un funcionario"): Eliminar un funcionario

2024-05-21 16:16:00 - [MESSAGE][INFO] - Eliminar un funcionario

2024-05-21 16:16:00 - [TEST_STEP][PASSED] - click(findTestObject("ADM/0Principal/a_Configuracion")): Object: 'Object Repository/ADM/0Principal/a_Configuracion' is clicked on

2024-05-21 16:16:00 - [MESSAGE][PASSED] - Object: 'Object Repository/ADM/0Principal/a_Configuracion' is clicked on

2024-05-21 16:16:00 - [TEST_STEP][PASSED] - delay(2): Delayed 2 second(s)

2024-05-21 16:16:02 - [MESSAGE][PASSED] - Delayed 2 second(s)

2024-05-21 16:16:02 - [TEST_STEP][PASSED] - click(findTestObject("ADM/1Configuracion/0Principal/a_3 Seguridad")): Object: 'Object Repository/ADM/1Configuracion/0Principal/a_3 Seguridad' is clicked on

2024-05-21 16:16:03 - [MESSAGE][PASSED] - Object: 'Object Repository/ADM/1Configuracion/0Principal/a_3 Seguridad' is clicked on

2024-05-21 16:16:03 - [TEST_STEP][PASSED] - delay(2): Delayed 2 second(s)

2024-05-21 16:16:05 - [MESSAGE][PASSED] - Delayed 2 second(s)

2024-05-21 16:16:05 - [TEST_STEP][PASSED] - click(findTestObject("ADM/1Configuracion/3Seguridad/0Principal/a_3 Funcionarios"), STOP_ON_FAILURE): Object: 'Object Repository/ADM/1Configuracion/3Seguridad/0Principal/a_3 Funcionarios' is clicked on

2024-05-21 16:16:05 - [MESSAGE][PASSED] - Object: 'Object Repository/ADM/1Configuracion/3Seguridad/0Principal/a_3 Funcionarios' is clicked on

2024-05-21 16:16:05 - [TEST_STEP][PASSED] - delay(2): Delayed 2 second(s)

2024-05-21 16:16:07 - [MESSAGE][PASSED] - Delayed 2 second(s)

2024-05-21 16:16:07 - [TEST_STEP][PASSED] - click(findTestObject("ADM/1Configuracion/3Seguridad/3Funcionarios/0 Listado/a_P"), STOP_ON_FAILURE): Object: 'Object Repository/ADM/1Configuracion/3Seguridad/3Funcionarios/0 Listado/a_P' is clicked on

2024-05-21 16:16:07 - [MESSAGE][PASSED] - Object: 'Object Repository/ADM/1Configuracion/3Seguridad/3Funcionarios/0 Listado/a_P' is clicked on

2024-05-21 16:16:07 - [TEST_STEP][PASSED] - delay(2): Delayed 2 second(s)

2024-05-21 16:16:09 - [MESSAGE][PASSED] - Delayed 2 second(s)

2024-05-21 16:16:09 - [TEST_STEP][FAILED] - click(findTestObject("ADM/1Configuracion/3Seguridad/3Funcionarios/0 Listado/a_Prueba3_btnBorrar"), STOP_ON_FAILURE): Unable to click on object 'Object Repository/ADM/1Configuracion/3Seguridad/3Funcionarios/0 Listado/a_Prueba3_btnBorrar' (Root cause: com.kms.katalon.core.exception.StepFailedException: Unable to click on object 'Object Repository/ADM/1Configuracion/3Seguridad/3Funcionarios/0 Listado/a_Prueba3_btnBorrar'
	at com.kms.katalon.core.webui.keyword.internal.WebUIKeywordMain.stepFailed(WebUIKeywordMain.groovy:64)
	at com.kms.katalon.core.webui.keyword.internal.WebUIKeywordMain.runKeyword(WebUIKeywordMain.groovy:26)
	at com.kms.katalon.core.webui.keyword.builtin.ClickKeyword.click(ClickKeyword.groovy:74)
	at com.kms.katalon.core.webui.keyword.builtin.ClickKeyword.execute(ClickKeyword.groovy:40)
	at com.kms.katalon.core.keyword.internal.KeywordExecutor.executeKeywordForPlatform(KeywordExecutor.groovy:74)
	at com.kms.katalon.core.webui.keyword.WebUiBuiltInKeywords.click(WebUiBuiltInKeywords.groovy:608)
	at com.kms.katalon.core.webui.keyword.WebUiBuiltInKeywords$click$3.call(Unknown Source)
	at R127.run(R127:40)
	at com.kms.katalon.core.main.ScriptEngine.run(ScriptEngine.java:194)
	at com.kms.katalon.core.main.ScriptEngine.runScriptAsRawText(ScriptEngine.java:119)
	at com.kms.katalon.core.main.TestCaseExecutor.runScript(TestCaseExecutor.java:448)
	at com.kms.katalon.core.main.TestCaseExecutor.doExecute(TestCaseExecutor.java:439)
	at com.kms.katalon.core.main.TestCaseExecutor.processExecutionPhase(TestCaseExecutor.java:418)
	at com.kms.katalon.core.main.TestCaseExecutor.accessMainPhase(TestCaseExecutor.java:410)
	at com.kms.katalon.core.main.TestCaseExecutor.execute(TestCaseExecutor.java:285)
	at com.kms.katalon.core.common.CommonExecutor.accessTestCaseMainPhase(CommonExecutor.java:65)
	at com.kms.katalon.core.main.TestSuiteExecutor.accessTestSuiteMainPhase(TestSuiteExecutor.java:148)
	at com.kms.katalon.core.main.TestSuiteExecutor.execute(TestSuiteExecutor.java:106)
	at com.kms.katalon.core.main.TestCaseMain.startTestSuite(TestCaseMain.java:187)
	at com.kms.katalon.core.main.TestCaseMain$startTestSuite$0.call(Unknown Source)
	at TempTestSuite1716323052028.run(TempTestSuite1716323052028.groovy:35)
Caused by: com.kms.katalon.core.webui.exception.WebElementNotFoundException: Web element with id: 'Object Repository/ADM/1Configuracion/3Seguridad/3Funcionarios/0 Listado/a_Prueba3_btnBorrar' located by '//a[@id='ctl00_ContentPlaceHolder2_gvFuncionarios_ctl03_btnBorrar']' not found
	at com.kms.katalon.core.webui.common.WebUiCommonHelper.findWebElement(WebUiCommonHelper.java:1381)
	at com.kms.katalon.core.webui.keyword.internal.WebUIAbstractKeyword.findWebElement(WebUIAbstractKeyword.groovy:27)
	at com.kms.katalon.core.webui.keyword.builtin.ClickKeyword$_click_closure1.doCall(ClickKeyword.groovy:65)
	at com.kms.katalon.core.webui.keyword.builtin.ClickKeyword$_click_closure1.call(ClickKeyword.groovy)
	at com.kms.katalon.core.webui.keyword.internal.WebUIKeywordMain.runKeyword(WebUIKeywordMain.groovy:20)
	at com.kms.katalon.core.webui.keyword.builtin.ClickKeyword.click(ClickKeyword.groovy:74)
	at com.kms.katalon.core.webui.keyword.builtin.ClickKeyword.execute(ClickKeyword.groovy:40)
	at com.kms.katalon.core.keyword.internal.KeywordExecutor.executeKeywordForPlatform(KeywordExecutor.groovy:74)
	at com.kms.katalon.core.webui.keyword.WebUiBuiltInKeywords.click(WebUiBuiltInKeywords.groovy:608)
	at com.kms.katalon.core.webui.keyword.WebUiBuiltInKeywords$click$3.call(Unknown Source)
	at Script1701789784382.run(Script1701789784382.groovy:40)
	... 13 more
)

2024-05-21 16:16:41 - [MESSAGE][INFO] - Unable to find the element located by 'By.xpath: //a[@id='ctl00_ContentPlaceHolder2_gvFuncionarios_ctl03_btnBorrar']'. Please recheck the objects properties to make sure the desired element is located. 

2024-05-21 16:16:41 - [MESSAGE][FAILED] - Unable to click on object 'Object Repository/ADM/1Configuracion/3Seguridad/3Funcionarios/0 Listado/a_Prueba3_btnBorrar' (Root cause: com.kms.katalon.core.exception.StepFailedException: Unable to click on object 'Object Repository/ADM/1Configuracion/3Seguridad/3Funcionarios/0 Listado/a_Prueba3_btnBorrar'
	at com.kms.katalon.core.webui.keyword.internal.WebUIKeywordMain.stepFailed(WebUIKeywordMain.groovy:64)
	at com.kms.katalon.core.webui.keyword.internal.WebUIKeywordMain.runKeyword(WebUIKeywordMain.groovy:26)
	at com.kms.katalon.core.webui.keyword.builtin.ClickKeyword.click(ClickKeyword.groovy:74)
	at com.kms.katalon.core.webui.keyword.builtin.ClickKeyword.execute(ClickKeyword.groovy:40)
	at com.kms.katalon.core.keyword.internal.KeywordExecutor.executeKeywordForPlatform(KeywordExecutor.groovy:74)
	at com.kms.katalon.core.webui.keyword.WebUiBuiltInKeywords.click(WebUiBuiltInKeywords.groovy:608)
	at com.kms.katalon.core.webui.keyword.WebUiBuiltInKeywords$click$3.call(Unknown Source)
	at R127.run(R127:40)
	at com.kms.katalon.core.main.ScriptEngine.run(ScriptEngine.java:194)
	at com.kms.katalon.core.main.ScriptEngine.runScriptAsRawText(ScriptEngine.java:119)
	at com.kms.katalon.core.main.TestCaseExecutor.runScript(TestCaseExecutor.java:448)
	at com.kms.katalon.core.main.TestCaseExecutor.doExecute(TestCaseExecutor.java:439)
	at com.kms.katalon.core.main.TestCaseExecutor.processExecutionPhase(TestCaseExecutor.java:418)
	at com.kms.katalon.core.main.TestCaseExecutor.accessMainPhase(TestCaseExecutor.java:410)
	at com.kms.katalon.core.main.TestCaseExecutor.execute(TestCaseExecutor.java:285)
	at com.kms.katalon.core.common.CommonExecutor.accessTestCaseMainPhase(CommonExecutor.java:65)
	at com.kms.katalon.core.main.TestSuiteExecutor.accessTestSuiteMainPhase(TestSuiteExecutor.java:148)
	at com.kms.katalon.core.main.TestSuiteExecutor.execute(TestSuiteExecutor.java:106)
	at com.kms.katalon.core.main.TestCaseMain.startTestSuite(TestCaseMain.java:187)
	at com.kms.katalon.core.main.TestCaseMain$startTestSuite$0.call(Unknown Source)
	at TempTestSuite1716323052028.run(TempTestSuite1716323052028.groovy:35)
Caused by: com.kms.katalon.core.webui.exception.WebElementNotFoundException: Web element with id: 'Object Repository/ADM/1Configuracion/3Seguridad/3Funcionarios/0 Listado/a_Prueba3_btnBorrar' located by '//a[@id='ctl00_ContentPlaceHolder2_gvFuncionarios_ctl03_btnBorrar']' not found
	at com.kms.katalon.core.webui.common.WebUiCommonHelper.findWebElement(WebUiCommonHelper.java:1381)
	at com.kms.katalon.core.webui.keyword.internal.WebUIAbstractKeyword.findWebElement(WebUIAbstractKeyword.groovy:27)
	at com.kms.katalon.core.webui.keyword.builtin.ClickKeyword$_click_closure1.doCall(ClickKeyword.groovy:65)
	at com.kms.katalon.core.webui.keyword.builtin.ClickKeyword$_click_closure1.call(ClickKeyword.groovy)
	at com.kms.katalon.core.webui.keyword.internal.WebUIKeywordMain.runKeyword(WebUIKeywordMain.groovy:20)
	at com.kms.katalon.core.webui.keyword.builtin.ClickKeyword.click(ClickKeyword.groovy:74)
	at com.kms.katalon.core.webui.keyword.builtin.ClickKeyword.execute(ClickKeyword.groovy:40)
	at com.kms.katalon.core.keyword.internal.KeywordExecutor.executeKeywordForPlatform(KeywordExecutor.groovy:74)
	at com.kms.katalon.core.webui.keyword.WebUiBuiltInKeywords.click(WebUiBuiltInKeywords.groovy:608)
	at com.kms.katalon.core.webui.keyword.WebUiBuiltInKeywords$click$3.call(Unknown Source)
	at Script1701789784382.run(Script1701789784382.groovy:40)
	... 13 more
)
[[ATTACHMENT|C:\\CIEL INGENIERIA\\Katalon\\AgendamientoADM\\Reports\\20240521_152353\\1 Configuracion\\3 Seguridad\\3 Funcionarios\\20240521_152412\\1716326201243.png]]

2024-05-21 16:16:41 - [TEST_STEP][PASSED] - Start listener action : sampleAfterTestCase: null]]></system-out>
         <system-err><![CDATA[2024-05-21 16:15:44 - [TEST_CASE][FAILED] - Test Cases/Configuracion/3 Seguridad/3 Funcionarios/R127: Test Cases/Configuracion/3 Seguridad/3 Funcionarios/R127 FAILED.
Reason:
com.kms.katalon.core.exception.StepFailedException: Unable to click on object 'Object Repository/ADM/1Configuracion/3Seguridad/3Funcionarios/0 Listado/a_Prueba3_btnBorrar'
	at com.kms.katalon.core.webui.keyword.internal.WebUIKeywordMain.stepFailed(WebUIKeywordMain.groovy:64)
	at com.kms.katalon.core.webui.keyword.internal.WebUIKeywordMain.runKeyword(WebUIKeywordMain.groovy:26)
	at com.kms.katalon.core.webui.keyword.builtin.ClickKeyword.click(ClickKeyword.groovy:74)
	at com.kms.katalon.core.webui.keyword.builtin.ClickKeyword.execute(ClickKeyword.groovy:40)
	at com.kms.katalon.core.keyword.internal.KeywordExecutor.executeKeywordForPlatform(KeywordExecutor.groovy:74)
	at com.kms.katalon.core.webui.keyword.WebUiBuiltInKeywords.click(WebUiBuiltInKeywords.groovy:608)
	at com.kms.katalon.core.webui.keyword.WebUiBuiltInKeywords$click$3.call(Unknown Source)
	at R127.run(R127:40)
	at com.kms.katalon.core.main.ScriptEngine.run(ScriptEngine.java:194)
	at com.kms.katalon.core.main.ScriptEngine.runScriptAsRawText(ScriptEngine.java:119)
	at com.kms.katalon.core.main.TestCaseExecutor.runScript(TestCaseExecutor.java:448)
	at com.kms.katalon.core.main.TestCaseExecutor.doExecute(TestCaseExecutor.java:439)
	at com.kms.katalon.core.main.TestCaseExecutor.processExecutionPhase(TestCaseExecutor.java:418)
	at com.kms.katalon.core.main.TestCaseExecutor.accessMainPhase(TestCaseExecutor.java:410)
	at com.kms.katalon.core.main.TestCaseExecutor.execute(TestCaseExecutor.java:285)
	at com.kms.katalon.core.common.CommonExecutor.accessTestCaseMainPhase(CommonExecutor.java:65)
	at com.kms.katalon.core.main.TestSuiteExecutor.accessTestSuiteMainPhase(TestSuiteExecutor.java:148)
	at com.kms.katalon.core.main.TestSuiteExecutor.execute(TestSuiteExecutor.java:106)
	at com.kms.katalon.core.main.TestCaseMain.startTestSuite(TestCaseMain.java:187)
	at com.kms.katalon.core.main.TestCaseMain$startTestSuite$0.call(Unknown Source)
	at TempTestSuite1716323052028.run(TempTestSuite1716323052028.groovy:35)
Caused by: com.kms.katalon.core.webui.exception.WebElementNotFoundException: Web element with id: 'Object Repository/ADM/1Configuracion/3Seguridad/3Funcionarios/0 Listado/a_Prueba3_btnBorrar' located by '//a[@id='ctl00_ContentPlaceHolder2_gvFuncionarios_ctl03_btnBorrar']' not found
	at com.kms.katalon.core.webui.common.WebUiCommonHelper.findWebElement(WebUiCommonHelper.java:1381)
	at com.kms.katalon.core.webui.keyword.internal.WebUIAbstractKeyword.findWebElement(WebUIAbstractKeyword.groovy:27)
	at com.kms.katalon.core.webui.keyword.builtin.ClickKeyword$_click_closure1.doCall(ClickKeyword.groovy:65)
	at com.kms.katalon.core.webui.keyword.builtin.ClickKeyword$_click_closure1.call(ClickKeyword.groovy)
	at com.kms.katalon.core.webui.keyword.internal.WebUIKeywordMain.runKeyword(WebUIKeywordMain.groovy:20)
	... 19 more]]></system-err>
      </testcase>
      <system-out><![CDATA[2024-05-21 16:11:23 - [TEST_SUITE][FAILED] - 3 Funcionarios: Test Cases/Configuracion/3 Seguridad/3 Funcionarios/R122 FAILED.
Reason:
com.kms.katalon.core.exception.StepFailedException: Unable to click on object 'Object Repository/ADM/1Configuracion/3Seguridad/3Funcionarios/0 Listado/td_Prueba3'
	at com.kms.katalon.core.webui.keyword.internal.WebUIKeywordMain.stepFailed(WebUIKeywordMain.groovy:64)
	at com.kms.katalon.core.webui.keyword.internal.WebUIKeywordMain.runKeyword(WebUIKeywordMain.groovy:26)
	at com.kms.katalon.core.webui.keyword.builtin.ClickKeyword.click(ClickKeyword.groovy:74)
	at com.kms.katalon.core.webui.keyword.builtin.ClickKeyword.execute(ClickKeyword.groovy:40)
	at com.kms.katalon.core.keyword.internal.KeywordExecutor.executeKeywordForPlatform(KeywordExecutor.groovy:74)
	at com.kms.katalon.core.webui.keyword.WebUiBuiltInKeywords.click(WebUiBuiltInKeywords.groovy:608)
	at com.kms.katalon.core.webui.keyword.WebUiBuiltInKeywords$click$3.call(Unknown Source)
	at R122.run(R122:40)
	at com.kms.katalon.core.main.ScriptEngine.run(ScriptEngine.java:194)
	at com.kms.katalon.core.main.ScriptEngine.runScriptAsRawText(ScriptEngine.java:119)
	at com.kms.katalon.core.main.TestCaseExecutor.runScript(TestCaseExecutor.java:448)
	at com.kms.katalon.core.main.TestCaseExecutor.doExecute(TestCaseExecutor.java:439)
	at com.kms.katalon.core.main.TestCaseExecutor.processExecutionPhase(TestCaseExecutor.java:418)
	at com.kms.katalon.core.main.TestCaseExecutor.accessMainPhase(TestCaseExecutor.java:410)
	at com.kms.katalon.core.main.TestCaseExecutor.execute(TestCaseExecutor.java:285)
	at com.kms.katalon.core.common.CommonExecutor.accessTestCaseMainPhase(CommonExecutor.java:65)
	at com.kms.katalon.core.main.TestSuiteExecutor.accessTestSuiteMainPhase(TestSuiteExecutor.java:148)
	at com.kms.katalon.core.main.TestSuiteExecutor.execute(TestSuiteExecutor.java:106)
	at com.kms.katalon.core.main.TestCaseMain.startTestSuite(TestCaseMain.java:187)
	at com.kms.katalon.core.main.TestCaseMain$startTestSuite$0.call(Unknown Source)
	at TempTestSuite1716323052028.run(TempTestSuite1716323052028.groovy:35)
Caused by: com.kms.katalon.core.webui.exception.WebElementNotFoundException: Web element with id: 'Object Repository/ADM/1Configuracion/3Seguridad/3Funcionarios/0 Listado/td_Prueba3' located by '//table[@id='ctl00_ContentPlaceHolder2_gvFuncionarios']/tbody/tr[3]/td' not found
	at com.kms.katalon.core.webui.common.WebUiCommonHelper.findWebElement(WebUiCommonHelper.java:1381)
	at com.kms.katalon.core.webui.keyword.internal.WebUIAbstractKeyword.findWebElement(WebUIAbstractKeyword.groovy:27)
	at com.kms.katalon.core.webui.keyword.builtin.ClickKeyword$_click_closure1.doCall(ClickKeyword.groovy:65)
	at com.kms.katalon.core.webui.keyword.builtin.ClickKeyword$_click_closure1.call(ClickKeyword.groovy)
	at com.kms.katalon.core.webui.keyword.internal.WebUIKeywordMain.runKeyword(WebUIKeywordMain.groovy:20)
	... 19 more]]></system-out>
      <system-err><![CDATA[2024-05-21 16:11:23 - [TEST_SUITE][FAILED] - 3 Funcionarios: Test Cases/Configuracion/3 Seguridad/3 Funcionarios/R122 FAILED.
Reason:
com.kms.katalon.core.exception.StepFailedException: Unable to click on object 'Object Repository/ADM/1Configuracion/3Seguridad/3Funcionarios/0 Listado/td_Prueba3'
	at com.kms.katalon.core.webui.keyword.internal.WebUIKeywordMain.stepFailed(WebUIKeywordMain.groovy:64)
	at com.kms.katalon.core.webui.keyword.internal.WebUIKeywordMain.runKeyword(WebUIKeywordMain.groovy:26)
	at com.kms.katalon.core.webui.keyword.builtin.ClickKeyword.click(ClickKeyword.groovy:74)
	at com.kms.katalon.core.webui.keyword.builtin.ClickKeyword.execute(ClickKeyword.groovy:40)
	at com.kms.katalon.core.keyword.internal.KeywordExecutor.executeKeywordForPlatform(KeywordExecutor.groovy:74)
	at com.kms.katalon.core.webui.keyword.WebUiBuiltInKeywords.click(WebUiBuiltInKeywords.groovy:608)
	at com.kms.katalon.core.webui.keyword.WebUiBuiltInKeywords$click$3.call(Unknown Source)
	at R122.run(R122:40)
	at com.kms.katalon.core.main.ScriptEngine.run(ScriptEngine.java:194)
	at com.kms.katalon.core.main.ScriptEngine.runScriptAsRawText(ScriptEngine.java:119)
	at com.kms.katalon.core.main.TestCaseExecutor.runScript(TestCaseExecutor.java:448)
	at com.kms.katalon.core.main.TestCaseExecutor.doExecute(TestCaseExecutor.java:439)
	at com.kms.katalon.core.main.TestCaseExecutor.processExecutionPhase(TestCaseExecutor.java:418)
	at com.kms.katalon.core.main.TestCaseExecutor.accessMainPhase(TestCaseExecutor.java:410)
	at com.kms.katalon.core.main.TestCaseExecutor.execute(TestCaseExecutor.java:285)
	at com.kms.katalon.core.common.CommonExecutor.accessTestCaseMainPhase(CommonExecutor.java:65)
	at com.kms.katalon.core.main.TestSuiteExecutor.accessTestSuiteMainPhase(TestSuiteExecutor.java:148)
	at com.kms.katalon.core.main.TestSuiteExecutor.execute(TestSuiteExecutor.java:106)
	at com.kms.katalon.core.main.TestCaseMain.startTestSuite(TestCaseMain.java:187)
	at com.kms.katalon.core.main.TestCaseMain$startTestSuite$0.call(Unknown Source)
	at TempTestSuite1716323052028.run(TempTestSuite1716323052028.groovy:35)
Caused by: com.kms.katalon.core.webui.exception.WebElementNotFoundException: Web element with id: 'Object Repository/ADM/1Configuracion/3Seguridad/3Funcionarios/0 Listado/td_Prueba3' located by '//table[@id='ctl00_ContentPlaceHolder2_gvFuncionarios']/tbody/tr[3]/td' not found
	at com.kms.katalon.core.webui.common.WebUiCommonHelper.findWebElement(WebUiCommonHelper.java:1381)
	at com.kms.katalon.core.webui.keyword.internal.WebUIAbstractKeyword.findWebElement(WebUIAbstractKeyword.groovy:27)
	at com.kms.katalon.core.webui.keyword.builtin.ClickKeyword$_click_closure1.doCall(ClickKeyword.groovy:65)
	at com.kms.katalon.core.webui.keyword.builtin.ClickKeyword$_click_closure1.call(ClickKeyword.groovy)
	at com.kms.katalon.core.webui.keyword.internal.WebUIKeywordMain.runKeyword(WebUIKeywordMain.groovy:20)
	... 19 more]]></system-err>
   </testsuite>
</testsuites>
